Microsoft (R) Macro Assembler  Version 4.00                 11/21/18 14:45:39
COMMAND Initialization messages                             Page     1-1
                                                            

                                TITLE   COMMAND Initialization messages 
                                 
                             C          INCLUDE COMSW.ASM 
                             C  ; Use the following booleans to set assembly fl
				ags 
 = 0000                      C  FALSE   EQU     0 
 = FFFF                      C  TRUE    EQU     NOT FALSE 
                             C   
                             C  ENDIF 
                             C   
 =                           C  IBMVER  EQU     IBM  	; Switch to build IBM ver
				sion of Command 
 = FFFF                      C  MSVER   EQU     NOT IBM ; Switch to build MS-DO
				S version of Command 
                             C   
 =                           C  HIGHMEM EQU     FALSE   ; Run resident part abo
				ve transient (high memory) 
 =                           C  KANJI   EQU     FALSE   ; Support for dual byte
				 Microsoft KANJI standard 
 =                           C  IBMJAPAN        EQU     FALSE   ;MUST BE TRUE (
				along with IBM and KANJI) 
                                 
                                 
                             C          INCLUDE IFEQU.ASM 
                             C  ;************************************* 
                             C  ; COMMAND EQUs which are switch dependant 
                             C   
                             C  ENDIF 
                                 
                                 
 0000                           INIT    SEGMENT PUBLIC BYTE 
                                 
                                        PUBLIC  BADCOMLKMES 
                                 
                                        PUBLIC  HEADER 
                                        IF      NOT IBM 
 0000  0D 0A 43 6F 6D 6D 61     HEADER  DB      13,10,"Command v. 2.11" 
       6E 64 20 76 2E 20 32     
       2E 31 31                 
                                        ENDIF 
 0011  0D 0A 24                         DB      13,10,"$" 
                                        ENDIF 
                                        ENDIF 
                                 
 0014  53 70 65 63 69 66 69     BADCOMLKMES DB  "Specified COMMAND search direc
				tory bad",13,10,"$" 
       65 64 20 43 4F 4D 4D     
       41 4E 44 20 73 65 61     
       72 63 68 20 64 69 72     
       65 63 74 6F 72 79 20     
       62 61 64 0D 0A 24        
                                 
 003D                           INIT    ENDS 
                                 
Microsoft (R) Macro Assembler  Version 4.00                 11/21/18 14:45:39
COMMAND Initialization messages                             Page     1-2
                                                            

                                        END 
Microsoft (R) Macro Assembler  Version 4.00                 11/21/18 14:45:39
COMMAND Initialization messages                             Symbols-1
                                                             

Segments and Groups:

                N a m e         	Size	Align	Combine Class

INIT . . . . . . . . . . . . . .  	003D	BYTE	PUBLIC	

Symbols:            

                N a m e         	Type	Value	Attr         

BADCOMLKMES  . . . . . . . . . .  	L BYTE 	0014	INIT	Global

FALSE  . . . . . . . . . . . . .  	Number	0000	

HEADER . . . . . . . . . . . . .  	L BYTE 	0000	INIT	Global
HIGHMEM  . . . . . . . . . . . .  	Alias	 FALSE		

IBM  . . . . . . . . . . . . . .  	Alias	 FALSE		
IBMJAPAN . . . . . . . . . . . .  	Alias	 FALSE		
IBMVER . . . . . . . . . . . . .  	Alias	 IBM		

KANJI  . . . . . . . . . . . . .  	Alias	 FALSE		

MSVER  . . . . . . . . . . . . .  	Number	FFFF	

OEM  . . . . . . . . . . . . . .  	Text  		

TRUE . . . . . . . . . . . . . .  	Number	FFFF	

VER  . . . . . . . . . . . . . .  	Text  		


     65 Source  Lines
     67 Total   Lines
     34 Symbols

  49500 Bytes symbol space free

      0 Warning Errors
      0 Severe  Errors
