Microsoft (R) Macro Assembler  Version 4.00                 11/21/18 14:36:54
CHKDSK Messages                                             Page     1-1
                                                            

                                TITLE   CHKDSK Messages 
                                 
 = 0000                         FALSE   EQU     0 
 = FFFF                         TRUE    EQU     NOT FALSE 
                                 
                                .list 
 0000                           CODE    SEGMENT PUBLIC BYTE 
 0000                           CODE    ENDS 
                                 
 0000                           CONST   SEGMENT PUBLIC BYTE 
                                        EXTRN   HIDSIZ:WORD,HIDCNT:WORD,DIRCNT:
				WORD,DIRSIZ:WORD,FILCNT:WORD 
                                        EXTRN   FILSIZ:WORD,ORPHCNT:WORD,ORPHSI
				Z:WORD,BADSIZ:WORD,LCLUS:WORD 
                                        EXTRN   DOFIX:BYTE 
 0000                           CONST   ENDS 
                                 
 0000                           DATA    SEGMENT PUBLIC BYTE 
                                        EXTRN   DSIZE:WORD 
 0000                           DATA    ENDS 
                                 
                                DG      GROUP   CODE,CONST,DATA 
                                 
                                 
 0000                           CODE    SEGMENT PUBLIC BYTE 
                                ASSUME  CS:DG,DS:DG,ES:DG,SS:DG 
                                 
                                        PUBLIC  RDSKERR,WDSKERR,SETSWITCH,PROMP
				TYN,DOINT26,CHAINREPORT,REPORT 
                                        EXTRN   RDONE:NEAR,PRTCHR:NEAR,PRINT:NE
				AR,DOCRLF:NEAR 
                                        EXTRN   DISP16BITS:NEAR,FINDCHAIN:NEAR 
                                        EXTRN   DISP32BITS:NEAR,DISPCLUS:NEAR 
                                 
 0000                           DOINT26: 
 0000  51                               PUSH    CX 
 0001  50                               PUSH    AX 
 0002  52                               PUSH    DX 
 0003  53                               PUSH    BX 
 0004  CD 26                            INT     26H 
 0006  A2 0000 E                        MOV     [HECODE],AL 
 0009  58                               POP     AX                      ;FLAGS 
 000A  5B                               POP     BX 
 000B  5A                               POP     DX 
 000C  58                               POP     AX 
 000D  59                               POP     CX 
 000E  73 08                            JNC     RET23 
 0010  BE 0182 R                        MOV     SI,OFFSET DG:WRITING 
 0013  E8 0021 R                        CALL    DSKERR 
 0016  74 E8                            JZ      DOINT26 
 0018  C3                       RET23:  RET 
                                 
 0019                           RDSKERR: 
 0019  BE 017D R                        MOV     SI,OFFSET DG:READING 
Microsoft (R) Macro Assembler  Version 4.00                 11/21/18 14:36:54
CHKDSK Messages                                             Page     1-2
                                                            

 001C  EB 03                            JMP     SHORT DSKERR 
                                 
 001E                           WDSKERR: 
 001E  BE 0182 R                        MOV     SI,OFFSET DG:WRITING 
 0021                           DSKERR: 
 0021  50                               PUSH    AX 
 0022  53                               PUSH    BX 
 0023  51                               PUSH    CX 
 0024  52                               PUSH    DX 
 0025  57                               PUSH    DI 
 0026  06                               PUSH    ES 
 0027  A0 0000 E                        MOV     AL,[HECODE] 
 002A  3C 0C                            CMP     AL,12 
 002C  76 02                            JBE     HAVCOD 
 002E  B0 0C                            MOV     AL,12 
 0030                           HAVCOD: 
 0030  32 E4                            XOR     AH,AH 
 0032  8B F8                            MOV     DI,AX 
 0034  D1 E7                            SHL     DI,1 
 0036  8B 95 0000 R                     MOV     DX,WORD PTR [DI+MESBAS] ; Get p
				ointer to error message 
 003A  E8 0000 E                        CALL    PRINT          ; Print error ty
				pe 
 003D  BA 0187 R                        MOV     DX,OFFSET DG:ERRMES 
 0040  E8 0000 E                        CALL    PRINT 
 0043  8B D6                            MOV     DX,SI 
 0045  E8 0000 E                        CALL    PRINT 
 0048  BA 018F R                        MOV     DX,OFFSET DG:DRVMES 
 004B  E8 0000 E                        CALL    PRINT 
 004E                           ASK: 
 004E  BA 019D R                        MOV     DX,OFFSET DG:REQUEST 
 0051  E8 0000 E                        CALL    PRINT 
 0054  B8 0C01                          MOV     AX,(STD_CON_INPUT_FLUSH SHL 8)+
				STD_CON_INPUT 
 0057  CD 21                            INT     21H             ; Get response 
 0059  50                               PUSH    AX 
 005A  E8 0000 E                        CALL    DOCRLF 
 005D  58                               POP     AX 
 005E  0C 20                            OR      AL,20H          ; Convert to lo
				wer case 
 0060  3C 69                            CMP     AL,"i"          ; Ignore? 
 0062  74 0B                            JZ      EEXITNZ 
 0064  3C 72                            CMP     AL,"r"          ; Retry? 
 0066  74 09                            JZ      EEXIT 
 0068  3C 61                            CMP     AL,"a"          ; Abort? 
 006A  75 E2                            JNZ     ASK 
 006C  E9 0000 E                        JMP     RDONE 
                                 
 006F                           EEXITNZ: 
 006F  0A C0                            OR      AL,AL           ; Resets zero f
				lag 
 0071                           EEXIT: 
 0071  07                               POP     ES 
 0072  5F                               POP     DI 
Microsoft (R) Macro Assembler  Version 4.00                 11/21/18 14:36:54
CHKDSK Messages                                             Page     1-3
                                                            

 0073  5A                               POP     DX 
 0074  59                               POP     CX 
 0075  5B                               POP     BX 
 0076  58                               POP     AX 
 0077  C3                               RET 
                                 
 0078                           PROMPTYN: 
                                ;Prompt message in DX 
                                ;Prompt user for Y or N answer. Zero set if Y 
 0078  56                               PUSH    SI 
 0079  E8 0000 E                        CALL    PRINT 
 007C                           PAGAIN: 
 007C  BA 0585 R                        MOV     DX,OFFSET DG:YES_NO 
 007F  E8 0000 E                        CALL    PRINT 
 0082  BA 0000 E                        MOV     DX,OFFSET DG:CONBUF 
 0085  B4 0A                            MOV     AH,STD_CON_STRING_INPUT 
 0087  CD 21                            INT     21H 
 0089  E8 0000 E                        CALL    DOCRLF 
 008C  BE 0002 E                        MOV     SI,OFFSET DG:CONBUF+2 
 008F  80 7C FF 00                      CMP     BYTE PTR [SI-1],0 
 0093  74 E7                            JZ      PAGAIN 
 0095  AC                               LODSB 
 0096  0C 20                            OR      AL,20H          ;Convert to low
				er case 
 0098  3C 79                            CMP     AL,'y' 
 009A  74 08                            JZ      GOTANS 
 009C  3C 6E                            CMP     AL,'n' 
 009E  74 02                            JZ      GOTNANS 
 00A0  EB DA                            JMP     PAGAIN 
 00A2                           GOTNANS: 
 00A2  0A C0                            OR      AL,AL           ;Reset zero 
 00A4                           GOTANS: 
 00A4  5E                               POP     SI 
 00A5  C3                               RET 
                                 
 00A6                           SETSWITCH: 
                                ;Look for F or V switch in command line 
 00A6  BE 0080                          MOV     SI,80H 
 00A9  AC                               LODSB 
 00AA  8B FE                            MOV     DI,SI 
 00AC  8A C8                            MOV     CL,AL 
 00AE  32 ED                            XOR     CH,CH 
 00B0  E3 43                            JCXZ    RET10           ;No parameters 
 00B2  A0 0000 E                        MOV     AL,[SWITCHAR] 
 00B5                           MORESCAN: 
 00B5  F2/ AE                           REPNZ   SCASB 
 00B7  75 3C                            JNZ     RET10 
 00B9  E3 22                            JCXZ    BADSWITCHA 
 00BB  8A 25                            MOV     AH,[DI] 
 00BD  47                               INC     DI 
 00BE  80 CC 20                         OR      AH,20H          ;Convert to low
				er case 
 00C1  80 FC 66                         CMP     AH,'f' 
 00C4  75 06                            JNZ     CHECKV 
Microsoft (R) Macro Assembler  Version 4.00                 11/21/18 14:36:54
CHKDSK Messages                                             Page     1-4
                                                            

 00C6  FE 06 0000 E                     INC     [DOFIX] 
 00CA  EB 0E                            JMP     SHORT CHEKMORE 
 00CC                           CHECKV: 
 00CC  80 FC 76                         CMP     AH,'v' 
 00CF  74 05                            JZ      SETNOISY 
 00D1  E8 00DF R                        CALL    BADSWITCH 
 00D4  EB 04                            JMP     SHORT CHEKMORE 
 00D6                           SETNOISY: 
 00D6  FE 06 0000 E                     INC     [NOISY] 
 00DA                           CHEKMORE: 
 00DA  E2 D9                            LOOP    MORESCAN 
 00DC  C3                               RET 
                                 
 00DD                           BADSWITCHA: 
 00DD  B4 20                            MOV     AH,' '                  ;Print 
				a non switch 
 00DF                           BADSWITCH: 
 00DF  50                               PUSH    AX 
 00E0  8A 16 0000 E                     MOV     DL,[SWITCHAR] 
 00E4  E8 0000 E                        CALL    PRTCHR 
 00E7  58                               POP     AX 
 00E8  50                               PUSH    AX 
 00E9  8A D4                            MOV     DL,AH 
 00EB  E8 0000 E                        CALL    PRTCHR 
 00EE  BA 0053 R                        MOV     DX,OFFSET DG:BADSWMES 
 00F1  E8 0000 E                        CALL    PRINT 
 00F4  58                               POP     AX 
 00F5  C3                       RET10:  RET 
                                 
                                 
                                ;************************************** 
                                ; Prints XXX lost clusters found in YYY chains 
				message 
                                ; On entry SI is the XXX value and the YYY valu
				e is 
                                ; in ORPHCNT. 
                                ; NOTE: 
                                ;       The DISP16BITS routine prints the numbe
				r in DI:SI followed 
                                ;          by the message pointed to by BX. If 
				it is desired to 
                                ;          print a message before the first num
				ber, point at the 
                                ;          message with DX and call PRINT. 
                                 
 00F6                           CHAINREPORT: 
 00F6  33 FF                            XOR     DI,DI 
 00F8  BB 03EC R                        MOV     BX,OFFSET DG:ORPHMES2 
 00FB  E8 0000 E                        CALL    DISP16BITS 
 00FE  E8 0000 E                        CALL    FINDCHAIN 
 0101  BB 0405 R                        MOV     BX,OFFSET DG:CHNUMMES 
 0104  8B 36 0000 E                     MOV     SI,[ORPHCNT] 
 0108  33 FF                            XOR     DI,DI 
 010A  E8 0000 E                        CALL    DISP16BITS              ;Tell u
Microsoft (R) Macro Assembler  Version 4.00                 11/21/18 14:36:54
CHKDSK Messages                                             Page     1-5
                                                            

				ser how many chains found 
 010D  C3                               RET 
                                 
                                ;***************************************** 
                                ;Prints all of the reporting data 
                                ;NOTE: 
                                ;       The DISPCLUS, DISP16BITS and DISP32BITS
				 routines 
                                ;          print the number in DI:SI followed 
                                ;          by the message pointed to by BX. If 
				it is desired to 
                                ;          print a message before the first num
				ber, point at the 
                                ;          message with DX and call PRINT. 
                                 
 010E                           REPORT: 
 010E  A1 0000 E                        MOV     AX,[DSIZE] 
 0111  BB 0441 R                        MOV     BX,OFFSET DG:DSKSPC 
 0114  E8 0000 E                        CALL    DISPCLUS                ;Total 
				size 
 0117  83 3E 0000 E 00                  CMP     [HIDCNT],0 
 011C  74 15                            JZ      USERLIN 
 011E  A1 0000 E                        MOV     AX,[HIDSIZ]             ;Hidden
				 files 
 0121  BB 045B R                        MOV     BX,OFFSET DG:INMES 
 0124  E8 0000 E                        CALL    DISPCLUS 
 0127  8B 36 0000 E                     MOV     SI,[HIDCNT] 
 012B  33 FF                            XOR     DI,DI 
 012D  BB 04AB R                        MOV     BX,OFFSET DG:HIDMES 
 0130  E8 0000 E                        CALL    DISP16BITS 
 0133                           USERLIN: 
 0133  83 3E 0000 E 00                  CMP     [DIRCNT],0 
 0138  74 15                            JZ      DIRLIN 
 013A  A1 0000 E                        MOV     AX,[DIRSIZ] 
 013D  BB 045B R                        MOV     BX,OFFSET DG:INMES 
 0140  E8 0000 E                        CALL    DISPCLUS 
 0143  8B 36 0000 E                     MOV     SI,[DIRCNT] 
 0147  33 FF                            XOR     DI,DI 
 0149  BB 04BB R                        MOV     BX,OFFSET DG:DIRMES 
 014C  E8 0000 E                        CALL    DISP16BITS 
 014F                           DIRLIN: 
 014F  83 3E 0000 E 00                  CMP     [FILCNT],0 
 0154  74 15                            JZ      ORPHLIN 
 0156  A1 0000 E                        MOV     AX,[FILSIZ]             ;Regula
				r files 
 0159  BB 045B R                        MOV     BX,OFFSET DG:INMES 
 015C  E8 0000 E                        CALL    DISPCLUS 
 015F  8B 36 0000 E                     MOV     SI,[FILCNT] 
 0163  33 FF                            XOR     DI,DI 
 0165  BB 0485 R                        MOV     BX,OFFSET DG:FILEMES 
 0168  E8 0000 E                        CALL    DISP16BITS 
 016B                           ORPHLIN: 
 016B  A1 0000 E                        MOV     AX,[ORPHSIZ] 
 016E  0B C0                            OR      AX,AX 
Microsoft (R) Macro Assembler  Version 4.00                 11/21/18 14:36:54
CHKDSK Messages                                             Page     1-6
                                                            

 0170  74 1C                            JZ      BADLIN 
 0172  BB 045B R                        MOV     BX,OFFSET DG:INMES      ;Orphan
				s 
 0175  80 3E 0000 E 00                  CMP     [DOFIX],0 
 017A  75 03                            JNZ     ALLSET1 
 017C  BB 0466 R                        MOV     BX,OFFSET DG:INMES2     ;Orphan
				s 
 017F                           ALLSET1: 
 017F  E8 0000 E                        CALL    DISPCLUS 
 0182  8B 36 0000 E                     MOV     SI,[ORPHCNT] 
 0186  33 FF                            XOR     DI,DI 
 0188  BB 042E R                        MOV     BX,OFFSET DG:ORPHMES 
 018B  E8 0000 E                        CALL    DISP16BITS 
 018E                           BADLIN: 
 018E  A1 0000 E                        MOV     AX,[BADSIZ] 
 0191  0B C0                            OR      AX,AX 
 0193  74 06                            JZ      AVAILIN 
 0195  BB 0493 R                        MOV     BX,OFFSET DG:BADSPC     ;Bad se
				ctors 
 0198  E8 0000 E                        CALL    DISPCLUS 
 019B                           AVAILIN: 
 019B  A1 0000 E                        MOV     AX,[DSIZE] 
 019E  2B 06 0000 E                     SUB     AX,[DIRSIZ] 
 01A2  2B 06 0000 E                     SUB     AX,[FILSIZ] 
 01A6  2B 06 0000 E                     SUB     AX,[HIDSIZ] 
 01AA  2B 06 0000 E                     SUB     AX,[BADSIZ] 
 01AE  2B 06 0000 E                     SUB     AX,[ORPHSIZ] 
 01B2  2B 06 0000 E                     SUB     AX,[LCLUS] 
 01B6  BB 04CA R                        MOV     BX,OFFSET DG:FRESPC 
 01B9  E8 0000 E                        CALL    DISPCLUS                ;Free s
				pace is whats left 
 01BC  A1 0002                          MOV     AX,DS:WORD PTR [2]      ;Find o
				ut about memory 
 01BF  BA 0010                          MOV     DX,16 
 01C2  F7 E2                            MUL     DX 
 01C4  8B F0                            MOV     SI,AX 
 01C6  8B FA                            MOV     DI,DX 
 01C8  BB 04E7 R                        MOV     BX,OFFSET DG:TOTMEM 
 01CB  E8 0000 E                        CALL    DISP32BITS 
 01CE  A1 0002                          MOV     AX,DS:WORD PTR [2] 
 01D1  8C CA                            MOV     DX,CS 
 01D3  2B C2                            SUB     AX,DX 
 01D5  BA 0010                          MOV     DX,16 
 01D8  F7 E2                            MUL     DX 
 01DA  8B F0                            MOV     SI,AX 
 01DC  8B FA                            MOV     DI,DX 
 01DE  BB 04FD R                        MOV     BX,OFFSET DG:FREMEM 
 01E1  E8 0000 E                        CALL    DISP32BITS 
 01E4  C3                               RET 
                                 
 01E5                           CODE    ENDS 
                                 
                                 
 0000                           CONST   SEGMENT PUBLIC BYTE 
Microsoft (R) Macro Assembler  Version 4.00                 11/21/18 14:36:54
CHKDSK Messages                                             Page     1-7
                                                            

                                 
                                        EXTRN   HECODE:BYTE,SWITCHAR:BYTE,NOISY
				:BYTE,DOFIX:BYTE,CONBUF:BYTE 
                                 
                                        PUBLIC  CRLF2,CRLF,BADVER,BADDRV 
                                        PUBLIC  BADSUBDIR,CENTRY,CLUSBAD,BADATT
				,BADSIZM 
                                        PUBLIC  FIXMES,DIRECMES,CDDDMES 
                                        PUBLIC  FREEBYMESF_PRE,FREEBYMES_PRE,FR
				EEBYMESF_POST,FREEBYMES_POST 
                                        PUBLIC  CREATMES,NDOTMES 
                                        PUBLIC  BADTARG1,BADTARG2,BADCD,FATALME
				S,BADRDMES 
                                        PUBLIC  BADDRVM,STACKMES,BADDPBDIR 
                                        PUBLIC  BADDRVM2 
                                        PUBLIC  NULNZ,NULDMES,BADCLUS,NORECDOT 
                                        PUBLIC  NORECDDOT,IDMES1,IDPOST,VNAME,T
				CHAR 
                                        PUBLIC  MONTAB,BADREAD_PRE,BADREAD_POST
				,BADWRITE_PRE 
                                        PUBLIC  BADWRITE_POST,BADCHAIN,CROSSMES
				_PRE,CROSSMES_POST 
                                        PUBLIC  FREEMES 
                                        PUBLIC  OPNERR 
                                        PUBLIC  CONTAINS,EXTENTS,NOEXTENTS,INDE
				NT 
                                        PUBLIC  BADIDBYT,PTRANDIR,PTRANDIR2 
                                 
                                 
 0000  01B4 R                   MESBAS  DW      OFFSET DG:ERR0 
 0002  01C2 R                           DW      OFFSET DG:ERR1 
 0004  01CB R                           DW      OFFSET DG:ERR2 
 0006  01D5 R                           DW      OFFSET DG:ERR3 
 0008  01E1 R                           DW      OFFSET DG:ERR4 
 000A  01E6 R                           DW      OFFSET DG:ERR5 
 000C  01F6 R                           DW      OFFSET DG:ERR6 
 000E  01FB R                           DW      OFFSET DG:ERR7 
 0010  0208 R                           DW      OFFSET DG:ERR8 
 0012  0219 R                           DW      OFFSET DG:ERR9 
 0014  0222 R                           DW      OFFSET DG:ERR10 
 0016  022E R                           DW      OFFSET DG:ERR11 
 0018  0239 R                           DW      OFFSET DG:ERR12 
                                 
 001A  0D 0A                    CRLF2   DB      13,10 
 001C  0D 0A 24                 CRLF    DB      13,10,"$" 
                                 
                                ;Messages 
                                 
 001F  49 6E 63 6F 72 72 65     BADVER  DB      "Incorrect DOS version",13,10,"
				$" 
       63 74 20 44 4F 53 20     
       76 65 72 73 69 6F 6E     
       0D 0A 24                 
 0037  49 6E 76 61 6C 69 64     BADDRV  DB      "Invalid drive specification$" 
Microsoft (R) Macro Assembler  Version 4.00                 11/21/18 14:36:54
CHKDSK Messages                                             Page     1-8
                                                            

       20 64 72 69 76 65 20     
       73 70 65 63 69 66 69     
       63 61 74 69 6F 6E 24     
                                
                                 
 0053  20 49 6E 76 61 6C 69     BADSWMES  DB     " Invalid parameter",13,10,"$"
				 
       64 20 70 61 72 61 6D     
       65 74 65 72 0D 0A 24     
                                 
 0068  20 20 20 49 6E 76 61     BADSUBDIR DB    "   Invalid sub-directory entry
				.",13,10,"$" 
       6C 69 64 20 73 75 62     
       2D 64 69 72 65 63 74     
       6F 72 79 20 65 6E 74     
       72 79 2E 0D 0A 24        
 008A  20 20 20 45 6E 74 72     CENTRY  DB      "   Entry has a bad $" 
       79 20 68 61 73 20 61     
       20 62 61 64 20 24        
 009E  20 6C 69 6E 6B 24        CLUSBAD DB      " link$" 
 00A4  20 61 74 74 72 69 62     BADATT  DB      " attribute$" 
       75 74 65 24              
 00AF  20 73 69 7A 65 24        BADSIZM DB      " size$" 
                                 
                                ;"BADTARG1<name of dir followed by CR LF>BADTAR
				G2" 
 00B5  43 61 6E 6E 6F 74 20     BADTARG1 DB     "Cannot CHDIR to $" 
       43 48 44 49 52 20 74     
       6F 20 24                 
 00C6  20 20 20 74 72 65 65     BADTARG2 DB     "   tree past this point not pr
				ocessed.",13,10,"$" 
       20 70 61 73 74 20 74     
       68 69 73 20 70 6F 69     
       6E 74 20 6E 6F 74 20     
       70 72 6F 63 65 73 73     
       65 64 2E 0D 0A 24        
                                 
 00EF  43 61 6E 6E 6F 74 20     BADCD   DB      "Cannot CHDIR to root",13,10,"$
				" 
       43 48 44 49 52 20 74     
       6F 20 72 6F 6F 74 0D     
       0A 24                    
                                 
 0106  50 72 6F 63 65 73 73     FATALMES DB     "Processing cannot continue.",1
				3,10,"$" 
       69 6E 67 20 63 61 6E     
       6E 6F 74 20 63 6F 6E     
       74 69 6E 75 65 2E 0D     
       0A 24                    
 0124  46 69 6C 65 20 61 6C     BADRDMES DB     "File allocation table bad driv
				e " 
       6C 6F 63 61 74 69 6F     
       6E 20 74 61 62 6C 65     
       20 62 61 64 20 64 72     
Microsoft (R) Macro Assembler  Version 4.00                 11/21/18 14:36:54
CHKDSK Messages                                             Page     1-9
                                                            

       69 76 65 20              
 0144  41 2E 0D 0A 24           BADDRVM  DB     "A.",13,10,"$" 
 0149  49 6E 73 75 66 66 69     STACKMES DB     "Insufficient memory.",13,10,"$
				" 
       63 69 65 6E 74 20 6D     
       65 6D 6F 72 79 2E 0D     
       0A 24                    
 0160  49 6E 76 61 6C 69 64     BADDPBDIR DB    "Invalid current directory.",13
				,10,"$" 
       20 63 75 72 72 65 6E     
       74 20 64 69 72 65 63     
       74 6F 72 79 2E 0D 0A     
       24                       
                                 
                                ;INT 24 MESSAGE SHOULD AGREE WITH COMMAND 
                                 
 017D  72 65 61 64 24           READING DB      "read$" 
 0182  77 72 69 74 24           WRITING DB      "writ$" 
 0187  20 65 72 72 6F 72 20     ERRMES  DB      " error $" 
       24                       
 018F  69 6E 67 20 64 72 69     DRVMES  DB      "ing drive " 
       76 65 20                 
 0199  41 0D 0A 24              BADDRVM2  DB    "A",13,10,"$" 
 019D  41 62 6F 72 74 2C 20     REQUEST DB      "Abort, Retry, Ignore? $" 
       52 65 74 72 79 2C 20     
       49 67 6E 6F 72 65 3F     
       20 24                    
 01B4  57 72 69 74 65 20 70     ERR0    DB      "Write protect$" 
       72 6F 74 65 63 74 24     
                                
 01C2  42 61 64 20 75 6E 69     ERR1    DB      "Bad unit$" 
       74 24                    
 01CB  4E 6F 74 20 72 65 61     ERR2    DB      "Not ready$" 
       64 79 24                 
 01D5  42 61 64 20 63 6F 6D     ERR3    DB      "Bad command$" 
       6D 61 6E 64 24           
 01E1  44 61 74 61 24           ERR4    DB      "Data$" 
 01E6  42 61 64 20 63 61 6C     ERR5    DB      "Bad call format$" 
       6C 20 66 6F 72 6D 61     
       74 24                    
 01F6  53 65 65 6B 24           ERR6    DB      "Seek$" 
 01FB  4E 6F 6E 2D 44 4F 53     ERR7    DB      "Non-DOS disk$" 
       20 64 69 73 6B 24        
 0208  53 65 63 74 6F 72 20     ERR8    DB      "Sector not found$" 
       6E 6F 74 20 66 6F 75     
       6E 64 24                 
 0219  4E 6F 20 70 61 70 65     ERR9    DB      "No paper$" 
       72 24                    
 0222  57 72 69 74 65 20 66     ERR10   DB      "Write fault$" 
       61 75 6C 74 24           
 022E  52 65 61 64 20 66 61     ERR11   DB      "Read fault$" 
       75 6C 74 24              
 0239  44 69 73 6B 24           ERR12   DB      "Disk$" 
                                 
Microsoft (R) Macro Assembler  Version 4.00                 11/21/18 14:36:54
CHKDSK Messages                                             Page     1-10
                                                            

                                 
 023E  20 20 20 44 6F 65 73     NDOTMES DB      "   Does not exist.",13,10,"$" 
       20 6E 6F 74 20 65 78     
       69 73 74 2E 0D 0A 24     
 0253  20 20 20 46 69 72 73     NULNZ   DB      "   First cluster number is inv
				alid,",13,10 
       74 20 63 6C 75 73 74     
       65 72 20 6E 75 6D 62     
       65 72 20 69 73 20 69     
       6E 76 61 6C 69 64 2C     
       0D 0A                    
 0278  20 20 20 20 65 6E 74             DB      "    entry truncated.",13,10,"$
				" 
       72 79 20 74 72 75 6E     
       63 61 74 65 64 2E 0D     
       0A 24                    
 028F  20 20 20 44 69 72 65     NULDMES DB      "   Directory is totally empty,
				 no . or ..",13,10,"$" 
       63 74 6F 72 79 20 69     
       73 20 74 6F 74 61 6C     
       6C 79 20 65 6D 70 74     
       79 2C 20 6E 6F 20 2E     
       20 6F 72 20 2E 2E 0D     
       0A 24                    
 02BB  20 20 20 41 6C 6C 6F     BADCLUS DB      "   Allocation error, size adju
				sted.",13,10,"$" 
       63 61 74 69 6F 6E 20     
       65 72 72 6F 72 2C 20     
       73 69 7A 65 20 61 64     
       6A 75 73 74 65 64 2E     
       0D 0A 24                 
 02E1  20 20 20 43 61 6E 6E     NORECDOT DB     "   Cannot recover . entry, pro
				cessing continued.",13,10,"$" 
       6F 74 20 72 65 63 6F     
       76 65 72 20 2E 20 65     
       6E 74 72 79 2C 20 70     
       72 6F 63 65 73 73 69     
       6E 67 20 63 6F 6E 74     
       69 6E 75 65 64 2E 0D     
       0A 24                    
 0314  20 20 20 43 61 6E 6E     NORECDDOT DB    "   Cannot recover .. entry," 
       6F 74 20 72 65 63 6F     
       76 65 72 20 2E 2E 20     
       65 6E 74 72 79 2C        
                                 
                                ;VOLUME ID 
                                 
                                ;"IDMES1/name at VNAME<date and time>IDPOST" 
 032F  0D 0A 24                 IDPOST  DB      13,10,"$"               ;WARNIN
				G this is currently the tail of 
                                                                        ; the p
				revios message!!! 
 0332  56 6F 6C 75 6D 65 20     IDMES1  DB      "Volume " 
                                
Microsoft (R) Macro Assembler  Version 4.00                 11/21/18 14:36:54
CHKDSK Messages                                             Page     1-11
                                                            

 0339  000C[                    VNAME   DB      12 DUP(' ') 
            20                  
                         ]      
                                
 0345  63 72 65 61 74 65 64             DB      "created $" 
       20 24                    
 034E  61                       TCHAR   DB      'a' 
 034F  4A 61 6E 46 65 62 4D     MONTAB  DB      "JanFebMarAprMayJunJulAugSepOct
				NovDec" 
       61 72 41 70 72 4D 61     
       79 4A 75 6E 4A 75 6C     
       41 75 67 53 65 70 4F     
       63 74 4E 6F 76 44 65     
       63                       
                                 
                                 
                                 
                                ;"BADREAD_PRE<# of FAT>BADREAD_POST" 
 0373  44 69 73 6B 20 65 72     BADREAD_PRE DB      "Disk error reading FAT $" 
       72 6F 72 20 72 65 61     
       64 69 6E 67 20 46 41     
       54 20 24                 
                                 
                                ;"BADWRITE_PRE<# of FAT>BADWRITE_POST" 
 038B  44 69 73 6B 20 65 72     BADWRITE_PRE DB     "Disk error writing FAT $" 
       72 6F 72 20 77 72 69     
       74 69 6E 67 20 46 41     
       54 20 24                 
                                 
 03A3  20 20 20 48 61 73 20     BADCHAIN DB     "   Has invalid cluster, file t
				runcated." 
       69 6E 76 61 6C 69 64     
       20 63 6C 75 73 74 65     
       72 2C 20 66 69 6C 65     
       20 74 72 75 6E 63 61     
       74 65 64 2E              
                                 
 03CA                           BADREAD_POST    LABEL   BYTE 
 03CA                           BADWRITE_POST   LABEL   BYTE 
                                 
                                ;"<name of file followed by CR LF>CROSSMES_PRE<
				# of cluster>CROSSMES_POST" 
 03CA  0D 0A 24                 CROSSMES_POST   DB  13,10,"$"           ;WARNIN
				G Is tail of previos messages 
 03CD  20 20 20 49 73 20 63     CROSSMES_PRE    DB  "   Is cross linked on clus
				ter $" 
       72 6F 73 73 20 6C 69     
       6E 6B 65 64 20 6F 6E     
       20 63 6C 75 73 74 65     
       72 20 24                 
                                 
                                ;CHAINREPORT messages 
 03EC  20 6C 6F 73 74 20 63     ORPHMES2 DB     " lost clusters found in $" 
       6C 75 73 74 65 72 73     
Microsoft (R) Macro Assembler  Version 4.00                 11/21/18 14:36:54
CHKDSK Messages                                             Page     1-12
                                                            

       20 66 6F 75 6E 64 20     
       69 6E 20 24              
 0405  20 63 68 61 69 6E 73     CHNUMMES DB     " chains.",13,10,"$" 
       2E 0D 0A 24              
                                 
 0410  43 6F 6E 76 65 72 74     FREEMES DB      "Convert lost chains to files $
				" 
       20 6C 6F 73 74 20 63     
       68 61 69 6E 73 20 74     
       6F 20 66 69 6C 65 73     
       20 24                    
                                 
                                ;REPORT messages 
 042E  20 72 65 63 6F 76 65     ORPHMES DB      " recovered files",13,10,"$" 
       72 65 64 20 66 69 6C     
       65 73 0D 0A 24           
 0441  20 62 79 74 65 73 20     DSKSPC  DB      " bytes total disk space",13,10
				,"$" 
       74 6F 74 61 6C 20 64     
       69 73 6B 20 73 70 61     
       63 65 0D 0A 24           
 045B  20 62 79 74 65 73 20     INMES   DB      " bytes in $" 
       69 6E 20 24              
 0466  20 62 79 74 65 73 20     INMES2  DB      " bytes would be in",13,10 
       77 6F 75 6C 64 20 62     
       65 20 69 6E 0D 0A        
 047A  20 20 20 20 20 20 20             DB      "          $" 
       20 20 20 24              
 0485  20 75 73 65 72 20 66     FILEMES DB      " user files",13,10,"$" 
       69 6C 65 73 0D 0A 24     
 0493  20 62 79 74 65 73 20     BADSPC  DB      " bytes in bad sectors",13,10,"
				$" 
       69 6E 20 62 61 64 20     
       73 65 63 74 6F 72 73     
       0D 0A 24                 
 04AB  20 68 69 64 64 65 6E     HIDMES  DB      " hidden files",13,10,"$" 
       20 66 69 6C 65 73 0D     
       0A 24                    
 04BB  20 64 69 72 65 63 74     DIRMES  DB      " directories",13,10,"$" 
       6F 72 69 65 73 0D 0A     
       24                       
 04CA  20 62 79 74 65 73 20     FRESPC  DB      " bytes available on disk",13,1
				0,13,10,"$" 
       61 76 61 69 6C 61 62     
       6C 65 20 6F 6E 20 64     
       69 73 6B 0D 0A 0D 0A     
       24                       
 04E7  20 62 79 74 65 73 20     TOTMEM  DB      " bytes total memory",13,10,"$"
				 
       74 6F 74 61 6C 20 6D     
       65 6D 6F 72 79 0D 0A     
       24                       
 04FD  20 62 79 74 65 73 20     FREMEM  DB      " bytes free",13,10,13,10,"$" 
       66 72 65 65 0D 0A 0D     
Microsoft (R) Macro Assembler  Version 4.00                 11/21/18 14:36:54
CHKDSK Messages                                             Page     1-13
                                                            

       0A 24                    
                                 
                                ;"<filename followed by CR LF>CONTAINS<# non-co
				ntig blocks>EXTENTS" 
 050D  20 20 20 43 6F 6E 74     CONTAINS DB     "   Contains $" 
       61 69 6E 73 20 24        
 051A  20 6E 6F 6E 2D 63 6F     EXTENTS DB      " non-contiguous blocks.",13,10
				,"$" 
       6E 74 69 67 75 6F 75     
       73 20 62 6C 6F 63 6B     
       73 2E 0D 0A 24           
                                 
 0534  41 6C 6C 20 73 70 65     NOEXTENTS DB    "All specified file(s) are cont
				iguous.",13,10,"$" 
       63 69 66 69 65 64 20     
       66 69 6C 65 28 73 29     
       20 61 72 65 20 63 6F     
       6E 74 69 67 75 6F 75     
       73 2E 0D 0A 24           
 055C  20 20 20 20 20 20 24     INDENT  DB      "      $" 
                                
                                 
 0563  50 72 6F 62 61 62 6C     BADIDBYT DB     "Probable non-DOS disk." 
       65 20 6E 6F 6E 2D 44     
       4F 53 20 64 69 73 6B     
       2E                       
 0579  0D 0A 43 6F 6E 74 69             DB      13,10,"Continue $" 
       6E 75 65 20 24           
 0585  28 59 2F 4E 29 3F 20     YES_NO  DB      "(Y/N)? $" 
       24                       
 058D  20 20 20 55 6E 72 65     PTRANDIR DB     "   Unrecoverable error in dire
				ctory.",13,10 
       63 6F 76 65 72 61 62     
       6C 65 20 65 72 72 6F     
       72 20 69 6E 20 64 69     
       72 65 63 74 6F 72 79     
       2E 0D 0A                 
 05B3  20 20 20 43 6F 6E 76     PTRANDIR2 DB    "   Convert directory to file $
				" 
       65 72 74 20 64 69 72     
       65 63 74 6F 72 79 20     
       74 6F 20 66 69 6C 65     
       20 24                    
 05D1  0D 0A 45 72 72 6F 72     FIXMES  DB      13,10,"Errors found, F paramete
				r not specified." 
       73 20 66 6F 75 6E 64     
       2C 20 46 20 70 61 72     
       61 6D 65 74 65 72 20     
       6E 6F 74 20 73 70 65     
       63 69 66 69 65 64 2E     
                                
 05FB  0D 0A 43 6F 72 72 65             DB      13,10,"Corrections will not be 
				written to disk.",13,10,13,10,"$" 
       63 74 69 6F 6E 73 20     
Microsoft (R) Macro Assembler  Version 4.00                 11/21/18 14:36:54
CHKDSK Messages                                             Page     1-14
                                                            

       77 69 6C 6C 20 6E 6F     
       74 20 62 65 20 77 72     
       69 74 74 65 6E 20 74     
       6F 20 64 69 73 6B 2E     
       0D 0A 0D 0A 24           
 062A  44 69 72 65 63 74 6F     DIRECMES DB     "Directory $" 
       72 79 20 24              
 0635  20 20 20 43 48 44 49     CDDDMES DB      "   CHDIR .. failed, trying alt
				ernate method.",13,10,"$" 
       52 20 2E 2E 20 66 61     
       69 6C 65 64 2C 20 74     
       72 79 69 6E 67 20 61     
       6C 74 65 72 6E 61 74     
       65 20 6D 65 74 68 6F     
       64 2E 0D 0A 24           
                                 
                                 
 0664  20 62 79 74 65 73 20     FREEBYMESF_POST DB   " bytes disk space freed."
				,13,10 
       64 69 73 6B 20 73 70     
       61 63 65 20 66 72 65     
       65 64 2E 0D 0A           
 067E  24                       FREEBYMESF_PRE  DB   "$" 
 067F  20 62 79 74 65 73 20     FREEBYMES_POST  DB   " bytes disk space",13,10 
       64 69 73 6B 20 73 70     
       61 63 65 0D 0A           
 0692  20 20 20 20 20 20 20                     DB   "          would be freed.
				",13,10 
       20 20 20 77 6F 75 6C     
       64 20 62 65 20 66 72     
       65 65 64 2E 0D 0A        
 06AD  24                       FREEBYMES_PRE   DB   "$" 
                                 
                                 
 06AE  49 6E 73 75 66 66 69     CREATMES DB     "Insufficient room in root dire
				ctory." 
       63 69 65 6E 74 20 72     
       6F 6F 6D 20 69 6E 20     
       72 6F 6F 74 20 64 69     
       72 65 63 74 6F 72 79     
       2E                       
 06D2  0D 0A 45 72 61 73 65             DB      13,10,"Erase files in root and 
				repeat CHKDSK.",13,10,"$" 
       20 66 69 6C 65 73 20     
       69 6E 20 72 6F 6F 74     
       20 61 6E 64 20 72 65     
       70 65 61 74 20 43 48     
       4B 44 53 4B 2E 0D 0A     
       24                       
 06FD  20 20 20 46 69 6C 65     OPNERR  DB      "   File not found.",13,10,"$" 
       20 6E 6F 74 20 66 6F     
       75 6E 64 2E 0D 0A 24     
                                 
                                 
Microsoft (R) Macro Assembler  Version 4.00                 11/21/18 14:36:54
CHKDSK Messages                                             Page     1-15
                                                            

 0712                           CONST   ENDS 
                                        END 

Microsoft (R) Macro Assembler  Version 4.00                 11/21/18 14:36:54
CHKDSK Messages                                             Symbols-1
                                                             

Macros:

		N a m e			Lines

BREAK  . . . . . . . . . . . . .  	   2
CONDRET  . . . . . . . . . . . .  	  19
CONTEXT  . . . . . . . . . . . .  	   3
DO_EXT . . . . . . . . . . . . .  	   0
ENTRY  . . . . . . . . . . . . .  	   2
ERROR  . . . . . . . . . . . . .  	   4
INVOKE . . . . . . . . . . . . .  	   8
I_AM . . . . . . . . . . . . . .  	  14
I_NEED . . . . . . . . . . . . .  	  11
JUMP . . . . . . . . . . . . . .  	  17
LONG_ADDR  . . . . . . . . . . .  	   7
MAKELAB  . . . . . . . . . . . .  	   4
PROCEDURE  . . . . . . . . . . .  	   2
RETC . . . . . . . . . . . . . .  	   1
RETNC  . . . . . . . . . . . . .  	   1
RETNZ  . . . . . . . . . . . . .  	   1
RETURN . . . . . . . . . . . . .  	   5
RETZ . . . . . . . . . . . . . .  	   1
SHORT_ADDR . . . . . . . . . . .  	  12
TRANSFER . . . . . . . . . . . .  	   8

Structures and Records:

                N a m e                 Width   # fields
                                        Shift   Width   Mask    Initial

ARENA  . . . . . . . . . . . . .  	0005	0003
  ARENA_SIGNATURE  . . . . . . .  	0000
  ARENA_OWNER  . . . . . . . . .  	0001
  ARENA_SIZE . . . . . . . . . .  	0003
BPBLOCK  . . . . . . . . . . . .  	000D	0008
  BPSECSZ  . . . . . . . . . . .  	0000
  BPCLUS . . . . . . . . . . . .  	0002
  BPRES  . . . . . . . . . . . .  	0003
  BPFTCNT  . . . . . . . . . . .  	0005
  BPDRCNT  . . . . . . . . . . .  	0006
  BPSCCNT  . . . . . . . . . . .  	0008
  BPMEDIA  . . . . . . . . . . .  	000A
  BPFTSEC  . . . . . . . . . . .  	000B
BUFFINFO . . . . . . . . . . . .  	0010	0009
  NEXTBUF  . . . . . . . . . . .  	0000
  BUFDRV . . . . . . . . . . . .  	0004
  BUFDIRTY . . . . . . . . . . .  	0005
  BUFPRI . . . . . . . . . . . .  	0006
  VISIT  . . . . . . . . . . . .  	0007
  BUFSECNO . . . . . . . . . . .  	0008
  BUFWRTCNT  . . . . . . . . . .  	000A
  BUFWRTINC  . . . . . . . . . .  	000B
  BUFDRVDP . . . . . . . . . . .  	000C
DIR_ENTRY  . . . . . . . . . . .  	0020	0008
Microsoft (R) Macro Assembler  Version 4.00                 11/21/18 14:36:54
CHKDSK Messages                                             Symbols-2
                                                             

  DIR_NAME . . . . . . . . . . .  	0000
  DIR_ATTR . . . . . . . . . . .  	000B
  DIR_PAD  . . . . . . . . . . .  	000C
  DIR_TIME . . . . . . . . . . .  	0016
  DIR_DATE . . . . . . . . . . .  	0018
  DIR_FIRST  . . . . . . . . . .  	001A
  DIR_SIZE_L . . . . . . . . . .  	001C
  DIR_SIZE_H . . . . . . . . . .  	001E
DPB  . . . . . . . . . . . . . .  	005E	0012
  DPB_DRIVE  . . . . . . . . . .  	0000
  DPB_UNIT . . . . . . . . . . .  	0001
  DPB_SECTOR_SIZE  . . . . . . .  	0002
  DPB_CLUSTER_MASK . . . . . . .  	0004
  DPB_CLUSTER_SHIFT  . . . . . .  	0005
  DPB_FIRST_FAT  . . . . . . . .  	0006
  DPB_FAT_COUNT  . . . . . . . .  	0008
  DPB_ROOT_ENTRIES . . . . . . .  	0009
  DPB_FIRST_SECTOR . . . . . . .  	000B
  DPB_MAX_CLUSTER  . . . . . . .  	000D
  DPB_FAT_SIZE . . . . . . . . .  	000F
  DPB_DIR_SECTOR . . . . . . . .  	0010
  DPB_DRIVER_ADDR  . . . . . . .  	0012
  DPB_MEDIA  . . . . . . . . . .  	0016
  DPB_FIRST_ACCESS . . . . . . .  	0017
  DPB_NEXT_DPB . . . . . . . . .  	0018
  DPB_CURRENT_DIR  . . . . . . .  	001C
  DPB_DIR_TEXT . . . . . . . . .  	001E
EXEC0  . . . . . . . . . . . . .  	000E	0004
  EXEC0_ENVIRON  . . . . . . . .  	0000
  EXEC0_COM_LINE . . . . . . . .  	0002
  EXEC0_5C_FCB . . . . . . . . .  	0006
  EXEC0_6C_FCB . . . . . . . . .  	000A
EXEC1  . . . . . . . . . . . . .  	0016	0008
  EXEC1_ENVIRON  . . . . . . . .  	0000
  EXEC1_COM_LINE . . . . . . . .  	0002
  EXEC1_5C_FCB . . . . . . . . .  	0006
  EXEC1_6C_FCB . . . . . . . . .  	000A
  EXEC1_SP . . . . . . . . . . .  	000E
  EXEC1_SS . . . . . . . . . . .  	0010
  EXEC1_IP . . . . . . . . . . .  	0012
  EXEC1_CS . . . . . . . . . . .  	0014
EXEC3  . . . . . . . . . . . . .  	0004	0002
  EXEC3_LOAD_ADDR  . . . . . . .  	0000
  EXEC3_RELOC_FAC  . . . . . . .  	0002
EXE_FILE . . . . . . . . . . . .  	0020	000F
  EXE_SIGNATURE  . . . . . . . .  	0000
  EXE_LEN_MOD_512  . . . . . . .  	0002
  EXE_PAGES  . . . . . . . . . .  	0004
  EXE_RLE_COUNT  . . . . . . . .  	0006
  EXE_PAR_DIR  . . . . . . . . .  	0008
  EXE_MIN_BSS  . . . . . . . . .  	000A
  EXE_MAX_BSS  . . . . . . . . .  	000C
  EXE_SS . . . . . . . . . . . .  	000E
  EXE_SP . . . . . . . . . . . .  	0010
Microsoft (R) Macro Assembler  Version 4.00                 11/21/18 14:36:54
CHKDSK Messages                                             Symbols-3
                                                             

  EXE_CHKSUM . . . . . . . . . .  	0012
  EXE_IP . . . . . . . . . . . .  	0014
  EXE_CS . . . . . . . . . . . .  	0016
  EXE_RLE_TABLE  . . . . . . . .  	0018
  EXE_IOV  . . . . . . . . . . .  	001A
  EXE_SYM_TAB  . . . . . . . . .  	001C
FIND_BUF . . . . . . . . . . . .  	002B	000C
  FIND_BUF_SATTR . . . . . . . .  	0000
  FIND_BUF_DRIVE . . . . . . . .  	0001
  FIND_BUF_NAME  . . . . . . . .  	0002
  FIND_BUF_LASTENT . . . . . . .  	000D
  FIND_BUF_THISDPB . . . . . . .  	000F
  FIND_BUF_DIRSTART  . . . . . .  	0013
  FIND_BUF_ATTR  . . . . . . . .  	0015
  FIND_BUF_TIME  . . . . . . . .  	0016
  FIND_BUF_DATE  . . . . . . . .  	0018
  FIND_BUF_SIZE_L  . . . . . . .  	001A
  FIND_BUF_SIZE_H  . . . . . . .  	001C
  FIND_BUF_PNAME . . . . . . . .  	001E
INTERNAT_BLOCK . . . . . . . . .  	0018	0015
  DATE_TIM_FORMAT  . . . . . . .  	0000
  CURRENCY_SYM . . . . . . . . .  	0002
  THOUS_SEP  . . . . . . . . . .  	0007
  DECIMAL_SEP  . . . . . . . . .  	0009
  DATE_SEP . . . . . . . . . . .  	000B
  TIME_SEP . . . . . . . . . . .  	000D
  BIT_FEILD  . . . . . . . . . .  	000F
  CURRENCY_CENTS . . . . . . . .  	0010
  TIME_24  . . . . . . . . . . .  	0011
  MAP_CALL . . . . . . . . . . .  	0012
  DATA_SEP . . . . . . . . . . .  	0016
PROCESS_DATA_BLOCK . . . . . . .  	005B	000E
  PDB_EXIT_CALL  . . . . . . . .  	0000
  PDB_BLOCK_LEN  . . . . . . . .  	0002
  PDB_CPM_CALL . . . . . . . . .  	0005
  PDB_EXIT . . . . . . . . . . .  	000A
  PDB_CTRL_C . . . . . . . . . .  	000E
  PDB_FATAL_ABORT  . . . . . . .  	0012
  PDB_PARENT_PID . . . . . . . .  	0016
  PDB_JFN_TABLE  . . . . . . . .  	0018
  PDB_ENVIRON  . . . . . . . . .  	002C
  PDB_USER_STACK . . . . . . . .  	002E
  PDB_PAD1 . . . . . . . . . . .  	0032
  PDB_CALL_SYSTEM  . . . . . . .  	0050
  PDB_PAD2 . . . . . . . . . . .  	0055
SFT  . . . . . . . . . . . . . .  	0008	0003
  SFT_LINK . . . . . . . . . . .  	0000
  SFT_COUNT  . . . . . . . . . .  	0004
  SFT_TABLE  . . . . . . . . . .  	0006
SF_ENTRY . . . . . . . . . . . .  	0028	0004
  SF_REF_COUNT . . . . . . . . .  	0000
  SF_MODE  . . . . . . . . . . .  	0001
  SF_ATTR  . . . . . . . . . . .  	0002
  SF_FCB . . . . . . . . . . . .  	0003
Microsoft (R) Macro Assembler  Version 4.00                 11/21/18 14:36:54
CHKDSK Messages                                             Symbols-4
                                                             

SYMBOL_ENTRY . . . . . . . . . .  	0106	0004
  SYM_VALUE  . . . . . . . . . .  	0000
  SYM_TYPE . . . . . . . . . . .  	0004
  SYM_LEN  . . . . . . . . . . .  	0006
  SYM_NAME . . . . . . . . . . .  	0007
SYS_FCB  . . . . . . . . . . . .  	0025	0010
  FCB_DRIVE  . . . . . . . . . .  	0000
  FCB_NAME . . . . . . . . . . .  	0001
  FCB_EXT  . . . . . . . . . . .  	0009
  FCB_EXTENT . . . . . . . . . .  	000C
  FCB_RECSIZ . . . . . . . . . .  	000E
  FCB_FILSIZ . . . . . . . . . .  	0010
  FCB_DRVBP  . . . . . . . . . .  	0012
  FCB_FDATE  . . . . . . . . . .  	0014
  FCB_FTIME  . . . . . . . . . .  	0016
  FCB_DEVID  . . . . . . . . . .  	0018
  FCB_FIRCLUS  . . . . . . . . .  	0019
  FCB_CLUSPOS  . . . . . . . . .  	001B
  FCB_LSTCLUS  . . . . . . . . .  	001D
  FCB_NR . . . . . . . . . . . .  	0020
  FCB_RR . . . . . . . . . . . .  	0021
USER_ENVIRON . . . . . . . . . .  	0018	000C
  USER_AX  . . . . . . . . . . .  	0000
  USER_BX  . . . . . . . . . . .  	0002
  USER_CX  . . . . . . . . . . .  	0004
  USER_DX  . . . . . . . . . . .  	0006
  USER_SI  . . . . . . . . . . .  	0008
  USER_DI  . . . . . . . . . . .  	000A
  USER_BP  . . . . . . . . . . .  	000C
  USER_DS  . . . . . . . . . . .  	000E
  USER_ES  . . . . . . . . . . .  	0010
  USER_IP  . . . . . . . . . . .  	0012
  USER_CS  . . . . . . . . . . .  	0014
  USER_F . . . . . . . . . . . .  	0016

Segments and Groups:

                N a m e         	Size	Align	Combine Class

DG . . . . . . . . . . . . . . .  	GROUP
  CODE . . . . . . . . . . . . .  	01E5	BYTE	PUBLIC	
  CONST  . . . . . . . . . . . .  	0712	BYTE	PUBLIC	
  DATA . . . . . . . . . . . . .  	0000	BYTE	PUBLIC	

Symbols:            

                N a m e         	Type	Value	Attr         

ABORT  . . . . . . . . . . . . .  	Number	0000	
ADDR_INT_ABORT . . . . . . . . .  	Number	0080	
ADDR_INT_COMMAND . . . . . . . .  	Number	0084	
ADDR_INT_CTRL_C  . . . . . . . .  	Number	008C	
ADDR_INT_DISK_READ . . . . . . .  	Number	0094	
ADDR_INT_DISK_WRITE  . . . . . .  	Number	0098	
Microsoft (R) Macro Assembler  Version 4.00                 11/21/18 14:36:54
CHKDSK Messages                                             Symbols-5
                                                             

ADDR_INT_FASTCON . . . . . . . .  	Number	00A4	
ADDR_INT_FATAL_ABORT . . . . . .  	Number	0090	
ADDR_INT_KEEP_PROCESS  . . . . .  	Number	009C	
ADDR_INT_SPOOLER . . . . . . . .  	Number	00A0	
ADDR_INT_TERMINATE . . . . . . .  	Number	0088	
ALLOC  . . . . . . . . . . . . .  	Number	0048	
ALLOCOPER  . . . . . . . . . . .  	Number	0058	
ALLOC_ARENA_TRASHED  . . . . . .  	Alias	 ERROR_ARENA_TRASHED		
ALLOC_NOT_ENOUGH_MEMORY  . . . .  	Alias	 ERROR_NOT_ENOUGH_MEMORY		
ALLSET1  . . . . . . . . . . . .  	L NEAR	017F	CODE
ALTVECT  . . . . . . . . . . . .  	Number	0000	
ARENA_OWNER_SYSTEM . . . . . . .  	Number	0000	
ARENA_SIGNATURE_END  . . . . . .  	Number	005A	
ARENA_SIGNATURE_NORMAL . . . . .  	Number	004D	
ASK  . . . . . . . . . . . . . .  	L NEAR	004E	CODE
ASSIGNOPER . . . . . . . . . . .  	Number	005F	
ATTR_ALL . . . . . . . . . . . .  	Number	0016	
ATTR_ARCHIVE . . . . . . . . . .  	Number	0020	
ATTR_CHANGEABLE  . . . . . . . .  	Number	0027	
ATTR_DIRECTORY . . . . . . . . .  	Number	0010	
ATTR_HIDDEN  . . . . . . . . . .  	Number	0002	
ATTR_IGNORE  . . . . . . . . . .  	Number	0021	
ATTR_READ_ONLY . . . . . . . . .  	Number	0001	
ATTR_SYSTEM  . . . . . . . . . .  	Number	0004	
ATTR_VOLUME_ID . . . . . . . . .  	Number	0008	
AVAILIN  . . . . . . . . . . . .  	L NEAR	019B	CODE

BADATT . . . . . . . . . . . . .  	L BYTE 	00A4	CONST	Global
BADCD  . . . . . . . . . . . . .  	L BYTE 	00EF	CONST	Global
BADCHAIN . . . . . . . . . . . .  	L BYTE 	03A3	CONST	Global
BADCLUS  . . . . . . . . . . . .  	L BYTE 	02BB	CONST	Global
BADDPBDIR  . . . . . . . . . . .  	L BYTE 	0160	CONST	Global
BADDRV . . . . . . . . . . . . .  	L BYTE 	0037	CONST	Global
BADDRVM  . . . . . . . . . . . .  	L BYTE 	0144	CONST	Global
BADDRVM2 . . . . . . . . . . . .  	L BYTE 	0199	CONST	Global
BADIDBYT . . . . . . . . . . . .  	L BYTE 	0563	CONST	Global
BADLIN . . . . . . . . . . . . .  	L NEAR	018E	CODE
BADRDMES . . . . . . . . . . . .  	L BYTE 	0124	CONST	Global
BADREAD_POST . . . . . . . . . .  	L BYTE 	03CA	CONST	Global
BADREAD_PRE  . . . . . . . . . .  	L BYTE 	0373	CONST	Global
BADSIZ . . . . . . . . . . . . .  	V WORD 	0000	CONST	External
BADSIZM  . . . . . . . . . . . .  	L BYTE 	00AF	CONST	Global
BADSPC . . . . . . . . . . . . .  	L BYTE 	0493	CONST
BADSUBDIR  . . . . . . . . . . .  	L BYTE 	0068	CONST	Global
BADSWITCH  . . . . . . . . . . .  	L NEAR	00DF	CODE
BADSWITCHA . . . . . . . . . . .  	L NEAR	00DD	CODE
BADSWMES . . . . . . . . . . . .  	L BYTE 	0053	CONST
BADTARG1 . . . . . . . . . . . .  	L BYTE 	00B5	CONST	Global
BADTARG2 . . . . . . . . . . . .  	L BYTE 	00C6	CONST	Global
BADVER . . . . . . . . . . . . .  	L BYTE 	001F	CONST	Global
BADWRITE_POST  . . . . . . . . .  	L BYTE 	03CA	CONST	Global
BADWRITE_PRE . . . . . . . . . .  	L BYTE 	038B	CONST	Global
BUFINSIZ . . . . . . . . . . . .  	Number	0010	

Microsoft (R) Macro Assembler  Version 4.00                 11/21/18 14:36:54
CHKDSK Messages                                             Symbols-6
                                                             

CDDDMES  . . . . . . . . . . . .  	L BYTE 	0635	CONST	Global
CENTRY . . . . . . . . . . . . .  	L BYTE 	008A	CONST	Global
CHAINREPORT  . . . . . . . . . .  	L NEAR	00F6	CODE	Global
CHAR_OPER  . . . . . . . . . . .  	Number	0037	
CHDIR  . . . . . . . . . . . . .  	Number	003B	
CHDIR_PATH_NOT_FOUND . . . . . .  	Alias	 ERROR_PATH_NOT_FOUND		
CHECKV . . . . . . . . . . . . .  	L NEAR	00CC	CODE
CHEKMORE . . . . . . . . . . . .  	L NEAR	00DA	CODE
CHMOD  . . . . . . . . . . . . .  	Number	0043	
CHMOD_ACCESS_DENIED  . . . . . .  	Alias	 ERROR_ACCESS_DENIED		
CHMOD_INVALID_FUNCTION . . . . .  	Alias	 ERROR_INVALID_FUNCTION		
CHMOD_PATH_NOT_FOUND . . . . . .  	Alias	 ERROR_PATH_NOT_FOUND		
CHNUMMES . . . . . . . . . . . .  	L BYTE 	0405	CONST
CLOSE  . . . . . . . . . . . . .  	Number	003E	
CLOSE_INVALID_FUNCTION . . . . .  	Alias	 ERROR_INVALID_FUNCTION		
CLOSE_INVALID_HANDLE . . . . . .  	Alias	 ERROR_INVALID_HANDLE		
CLUSBAD  . . . . . . . . . . . .  	L BYTE 	009E	CONST	Global
CONBUF . . . . . . . . . . . . .  	V BYTE 	0000	CONST	External
CONTAINS . . . . . . . . . . . .  	L BYTE 	050D	CONST	Global
COUNTRY_NOT_FOUND  . . . . . . .  	Alias	 ERROR_FILE_NOT_FOUND		
CREAT  . . . . . . . . . . . . .  	Number	003C	
CREATENEWFILE  . . . . . . . . .  	Number	005B	
CREATETEMPFILE . . . . . . . . .  	Number	005A	
CREATE_PROCESS_DATA_BLOCK  . . .  	Number	0026	
CREATMES . . . . . . . . . . . .  	L BYTE 	06AE	CONST	Global
CREAT_ACCESS_DENIED  . . . . . .  	Alias	 ERROR_ACCESS_DENIED		
CREAT_PATH_NOT_FOUND . . . . . .  	Alias	 ERROR_PATH_NOT_FOUND		
CREAT_TOO_MANY_OPEN_FILES  . . .  	Alias	 ERROR_TOO_MANY_OPEN_FILES		
CRLF . . . . . . . . . . . . . .  	L BYTE 	001C	CONST	Global
CRLF2  . . . . . . . . . . . . .  	L BYTE 	001A	CONST	Global
CROSSMES_POST  . . . . . . . . .  	L BYTE 	03CA	CONST	Global
CROSSMES_PRE . . . . . . . . . .  	L BYTE 	03CD	CONST	Global
CURDIR_INVALID_DRIVE . . . . . .  	Alias	 ERROR_INVALID_DRIVE		
CURRENT_DIR  . . . . . . . . . .  	Number	0047	
C_BS . . . . . . . . . . . . . .  	Number	0008	
C_CR . . . . . . . . . . . . . .  	Number	000D	
C_DEL  . . . . . . . . . . . . .  	Number	007F	
C_ETB  . . . . . . . . . . . . .  	Number	0017	
C_ETX  . . . . . . . . . . . . .  	Number	0003	
C_HT . . . . . . . . . . . . . .  	Number	0009	
C_LF . . . . . . . . . . . . . .  	Number	000A	
C_NAK  . . . . . . . . . . . . .  	Number	0015	

DEALLOC  . . . . . . . . . . . .  	Number	0049	
DEALLOC_ARENA_TRASHED  . . . . .  	Alias	 ERROR_ARENA_TRASHED		
DEALLOC_INVALID_BLOCK  . . . . .  	Alias	 ERROR_INVALID_BLOCK		
DEVID_BLOCK_DEV  . . . . . . . .  	Number	001F	
DEVID_DEVICE . . . . . . . . . .  	Number	0080	
DEVID_DEVICE_CLOCK . . . . . . .  	Number	0008	
DEVID_DEVICE_CON_IN  . . . . . .  	Number	0001	
DEVID_DEVICE_CON_OUT . . . . . .  	Number	0002	
DEVID_DEVICE_EOF . . . . . . . .  	Number	0040	
DEVID_DEVICE_NULL  . . . . . . .  	Number	0004	
DEVID_DEVICE_RAW . . . . . . . .  	Number	0020	
Microsoft (R) Macro Assembler  Version 4.00                 11/21/18 14:36:54
CHKDSK Messages                                             Symbols-7
                                                             

DEVID_DEVICE_SPECIAL . . . . . .  	Number	0010	
DEVID_EOF  . . . . . . . . . . .  	Number	0040	
DEVID_FILE_CLEAN . . . . . . . .  	Number	0040	
DEVID_FILE_MASK_DRIVE  . . . . .  	Number	003F	
DEVID_ISCIN  . . . . . . . . . .  	Number	0001	
DEVID_ISCLK  . . . . . . . . . .  	Number	0008	
DEVID_ISCOT  . . . . . . . . . .  	Number	0002	
DEVID_ISDEV  . . . . . . . . . .  	Number	0080	
DEVID_ISNUL  . . . . . . . . . .  	Number	0004	
DEVID_RAW  . . . . . . . . . . .  	Number	0020	
DEVID_SPECIAL  . . . . . . . . .  	Number	0010	
DIRCNT . . . . . . . . . . . . .  	V WORD 	0000	CONST	External
DIRECMES . . . . . . . . . . . .  	L BYTE 	062A	CONST	Global
DIRLIN . . . . . . . . . . . . .  	L NEAR	014F	CODE
DIRMES . . . . . . . . . . . . .  	L BYTE 	04BB	CONST
DIRPRI . . . . . . . . . . . . .  	Number	000F	
DIRSIZ . . . . . . . . . . . . .  	V WORD 	0000	CONST	External
DIRSTRLEN  . . . . . . . . . . .  	Number	0040	
DIR_SEARCH_FIRST . . . . . . . .  	Number	0011	
DIR_SEARCH_NEXT  . . . . . . . .  	Number	0012	
DISK_RESET . . . . . . . . . . .  	Number	000D	
DISP16BITS . . . . . . . . . . .  	L NEAR	0000	CODE	External
DISP32BITS . . . . . . . . . . .  	L NEAR	0000	CODE	External
DISPCLUS . . . . . . . . . . . .  	L NEAR	0000	CODE	External
DOCRLF . . . . . . . . . . . . .  	L NEAR	0000	CODE	External
DOFIX  . . . . . . . . . . . . .  	V BYTE 	0000	CONST	External
DOINT26  . . . . . . . . . . . .  	L NEAR	0000	CODE	Global
DOSVER . . . . . . . . . . . . .  	Number	00D3	
DOS_MAJOR_VERSION  . . . . . . .  	Number	0002	
DOS_MINOR_VERSION  . . . . . . .  	Number	000B	
DPBSIZ . . . . . . . . . . . . .  	Number	005E	
DRVMES . . . . . . . . . . . . .  	L BYTE 	018F	CONST
DSIZE  . . . . . . . . . . . . .  	V WORD 	0000	DATA	External
DSKERR . . . . . . . . . . . . .  	L NEAR	0021	CODE
DSKSIZ . . . . . . . . . . . . .  	Number	000D	
DSKSPC . . . . . . . . . . . . .  	L BYTE 	0441	CONST
DUP2_INVALID_HANDLE  . . . . . .  	Alias	 ERROR_INVALID_HANDLE		
DUP_INVALID_HANDLE . . . . . . .  	Alias	 ERROR_INVALID_HANDLE		
DUP_PDB  . . . . . . . . . . . .  	Number	0055	
DUP_TOO_MANY_OPEN_FILES  . . . .  	Alias	 ERROR_TOO_MANY_OPEN_FILES		

EEXIT  . . . . . . . . . . . . .  	L NEAR	0071	CODE
EEXITNZ  . . . . . . . . . . . .  	L NEAR	006F	CODE
ENTRYPOINT . . . . . . . . . . .  	Number	00C0	
ERR0 . . . . . . . . . . . . . .  	L BYTE 	01B4	CONST
ERR1 . . . . . . . . . . . . . .  	L BYTE 	01C2	CONST
ERR10  . . . . . . . . . . . . .  	L BYTE 	0222	CONST
ERR11  . . . . . . . . . . . . .  	L BYTE 	022E	CONST
ERR12  . . . . . . . . . . . . .  	L BYTE 	0239	CONST
ERR2 . . . . . . . . . . . . . .  	L BYTE 	01CB	CONST
ERR3 . . . . . . . . . . . . . .  	L BYTE 	01D5	CONST
ERR4 . . . . . . . . . . . . . .  	L BYTE 	01E1	CONST
ERR5 . . . . . . . . . . . . . .  	L BYTE 	01E6	CONST
ERR6 . . . . . . . . . . . . . .  	L BYTE 	01F6	CONST
Microsoft (R) Macro Assembler  Version 4.00                 11/21/18 14:36:54
CHKDSK Messages                                             Symbols-8
                                                             

ERR7 . . . . . . . . . . . . . .  	L BYTE 	01FB	CONST
ERR8 . . . . . . . . . . . . . .  	L BYTE 	0208	CONST
ERR9 . . . . . . . . . . . . . .  	L BYTE 	0219	CONST
ERRMES . . . . . . . . . . . . .  	L BYTE 	0187	CONST
ERROR_ACCESS_DENIED  . . . . . .  	Number	0005	
ERROR_ARENA_TRASHED  . . . . . .  	Number	0007	
ERROR_BAD_ENVIRONMENT  . . . . .  	Number	000A	
ERROR_BAD_FORMAT . . . . . . . .  	Number	000B	
ERROR_CURRENT_DIRECTORY  . . . .  	Number	0010	
ERROR_FILE_NOT_FOUND . . . . . .  	Number	0002	
ERROR_INVALID_ACCESS . . . . . .  	Number	000C	
ERROR_INVALID_BLOCK  . . . . . .  	Number	0009	
ERROR_INVALID_DATA . . . . . . .  	Number	000D	
ERROR_INVALID_DRIVE  . . . . . .  	Number	000F	
ERROR_INVALID_FUNCTION . . . . .  	Number	0001	
ERROR_INVALID_HANDLE . . . . . .  	Number	0006	
ERROR_NOT_ENOUGH_MEMORY  . . . .  	Number	0008	
ERROR_NOT_SAME_DEVICE  . . . . .  	Number	0011	
ERROR_NO_MORE_FILES  . . . . . .  	Number	0012	
ERROR_PATH_NOT_FOUND . . . . . .  	Number	0003	
ERROR_TOO_MANY_OPEN_FILES  . . .  	Number	0004	
EXEC . . . . . . . . . . . . . .  	Number	004B	
EXEC_BAD_ENVIRONMENT . . . . . .  	Alias	 ERROR_BAD_ENVIRONMENT		
EXEC_BAD_FORMAT  . . . . . . . .  	Alias	 ERROR_BAD_FORMAT		
EXEC_FILE_NOT_FOUND  . . . . . .  	Alias	 ERROR_FILE_NOT_FOUND		
EXEC_FUNC_NO_EXECUTE . . . . . .  	Number	0001	
EXEC_FUNC_OVERLAY  . . . . . . .  	Number	0002	
EXEC_INVALID_FUNCTION  . . . . .  	Alias	 ERROR_INVALID_FUNCTION		
EXEC_NOT_ENOUGH_MEMORY . . . . .  	Alias	 ERROR_NOT_ENOUGH_MEMORY		
EXE_VALID_OLD_SIGNATURE  . . . .  	Number	4D5A	
EXE_VALID_SIGNATURE  . . . . . .  	Number	5A4D	
EXIT . . . . . . . . . . . . . .  	Number	004C	
EXIT_ABORT . . . . . . . . . . .  	Number	0000	
EXIT_CTRL_C  . . . . . . . . . .  	Number	0001	
EXIT_HARD_ERROR  . . . . . . . .  	Number	0002	
EXIT_KEEP_PROCESS  . . . . . . .  	Number	0003	
EXIT_TERMINATE . . . . . . . . .  	Number	0000	
EXTENTS  . . . . . . . . . . . .  	L BYTE 	051A	CONST	Global

FALSE  . . . . . . . . . . . . .  	Number	0000	
FATALMES . . . . . . . . . . . .  	L BYTE 	0106	CONST	Global
FATPRI . . . . . . . . . . . . .  	Number	001E	
FCB_CLOSE  . . . . . . . . . . .  	Number	0010	
FCB_CREATE . . . . . . . . . . .  	Number	0016	
FCB_DELETE . . . . . . . . . . .  	Number	0013	
FCB_OPEN . . . . . . . . . . . .  	Number	000F	
FCB_RANDOM_READ  . . . . . . . .  	Number	0021	
FCB_RANDOM_READ_BLOCK  . . . . .  	Number	0027	
FCB_RANDOM_WRITE . . . . . . . .  	Number	0022	
FCB_RANDOM_WRITE_BLOCK . . . . .  	Number	0028	
FCB_RENAME . . . . . . . . . . .  	Number	0017	
FCB_SEQ_READ . . . . . . . . . .  	Number	0014	
FCB_SEQ_WRITE  . . . . . . . . .  	Number	0015	
FILCNT . . . . . . . . . . . . .  	V WORD 	0000	CONST	External
Microsoft (R) Macro Assembler  Version 4.00                 11/21/18 14:36:54
CHKDSK Messages                                             Symbols-9
                                                             

FILDIRENT  . . . . . . . . . . .  	Number	0010	
FILEMES  . . . . . . . . . . . .  	L BYTE 	0485	CONST
FILETIMES_INVALID_FUNCTION . . .  	Alias	 ERROR_INVALID_FUNCTION		
FILETIMES_INVALID_HANDLE . . . .  	Alias	 ERROR_INVALID_HANDLE		
FILE_TIMES . . . . . . . . . . .  	Number	0057	
FILPERPROC . . . . . . . . . . .  	Number	0014	
FILSIZ . . . . . . . . . . . . .  	V WORD 	0000	CONST	External
FINDCHAIN  . . . . . . . . . . .  	L NEAR	0000	CODE	External
FINDFIRST_FILE_NOT_FOUND . . . .  	Alias	 ERROR_FILE_NOT_FOUND		
FINDFIRST_NO_MORE_FILES  . . . .  	Alias	 ERROR_NO_MORE_FILES		
FINDNEXT_NO_MORE_FILES . . . . .  	Alias	 ERROR_NO_MORE_FILES		
FIND_FIRST . . . . . . . . . . .  	Number	004E	
FIND_NEXT  . . . . . . . . . . .  	Number	004F	
FIXMES . . . . . . . . . . . . .  	L BYTE 	05D1	CONST	Global
FREEBYMESF_POST  . . . . . . . .  	L BYTE 	0664	CONST	Global
FREEBYMESF_PRE . . . . . . . . .  	L BYTE 	067E	CONST	Global
FREEBYMES_POST . . . . . . . . .  	L BYTE 	067F	CONST	Global
FREEBYMES_PRE  . . . . . . . . .  	L BYTE 	06AD	CONST	Global
FREEMES  . . . . . . . . . . . .  	L BYTE 	0410	CONST	Global
FREEPRI  . . . . . . . . . . . .  	Number	0000	
FREMEM . . . . . . . . . . . . .  	L BYTE 	04FD	CONST
FRESPC . . . . . . . . . . . . .  	L BYTE 	04CA	CONST

GETEXTENDEDERROR . . . . . . . .  	Number	0059	
GET_CURRENT_PDB  . . . . . . . .  	Number	0051	
GET_DATE . . . . . . . . . . . .  	Number	002A	
GET_DEFAULT_DPB  . . . . . . . .  	Number	001F	
GET_DEFAULT_DRIVE  . . . . . . .  	Number	0019	
GET_DMA  . . . . . . . . . . . .  	Number	002F	
GET_DPB  . . . . . . . . . . . .  	Number	0032	
GET_DRIVE_FREESPACE  . . . . . .  	Number	0036	
GET_FCB_FILE_LENGTH  . . . . . .  	Number	0023	
GET_FCB_POSITION . . . . . . . .  	Number	0024	
GET_INDOS_FLAG . . . . . . . . .  	Number	0034	
GET_INTERRUPT_VECTOR . . . . . .  	Number	0035	
GET_IN_VARS  . . . . . . . . . .  	Number	0052	
GET_TIME . . . . . . . . . . . .  	Number	002C	
GET_VERIFY_ON_WRITE  . . . . . .  	Number	0054	
GET_VERSION  . . . . . . . . . .  	Number	0030	
GOTANS . . . . . . . . . . . . .  	L NEAR	00A4	CODE
GOTNANS  . . . . . . . . . . . .  	L NEAR	00A2	CODE

HAVCOD . . . . . . . . . . . . .  	L NEAR	0030	CODE
HECODE . . . . . . . . . . . . .  	V BYTE 	0000	CONST	External
HIDCNT . . . . . . . . . . . . .  	V WORD 	0000	CONST	External
HIDMES . . . . . . . . . . . . .  	L BYTE 	04AB	CONST
HIDSIZ . . . . . . . . . . . . .  	V WORD 	0000	CONST	External

IDMES1 . . . . . . . . . . . . .  	L BYTE 	0332	CONST	Global
IDPOST . . . . . . . . . . . . .  	L BYTE 	032F	CONST	Global
INDENT . . . . . . . . . . . . .  	L BYTE 	055C	CONST	Global
INMES  . . . . . . . . . . . . .  	L BYTE 	045B	CONST
INMES2 . . . . . . . . . . . . .  	L BYTE 	0466	CONST
INTBASE  . . . . . . . . . . . .  	Number	0080	
Microsoft (R) Macro Assembler  Version 4.00                 11/21/18 14:36:54
CHKDSK Messages                                             Symbols-10
                                                             

INTERNATIONAL  . . . . . . . . .  	Number	0038	
INTERNATIONAL_INVALID_FUNCTION .  	Alias	 ERROR_INVALID_FUNCTION		
INTERNAT_BLOCK_MAX . . . . . . .  	Number	0020	
INTTAB . . . . . . . . . . . . .  	Number	0020	
INT_ABORT  . . . . . . . . . . .  	Alias	 INTTAB		
INT_COMMAND  . . . . . . . . . .  	Number	0021	
INT_CTRL_C . . . . . . . . . . .  	Number	0023	
INT_DISK_READ  . . . . . . . . .  	Number	0025	
INT_DISK_WRITE . . . . . . . . .  	Number	0026	
INT_FASTCON  . . . . . . . . . .  	Number	0029	
INT_FATAL_ABORT  . . . . . . . .  	Number	0024	
INT_KEEP_PROCESS . . . . . . . .  	Number	0027	
INT_SPOOLER  . . . . . . . . . .  	Number	0028	
INT_TERMINATE  . . . . . . . . .  	Number	0022	
IOCTL  . . . . . . . . . . . . .  	Number	0044	
IOCTL_INVALID_DATA . . . . . . .  	Alias	 ERROR_INVALID_DATA		
IOCTL_INVALID_FUNCTION . . . . .  	Alias	 ERROR_INVALID_FUNCTION		
IOCTL_INVALID_HANDLE . . . . . .  	Alias	 ERROR_INVALID_HANDLE		

KEEP_PROCESS . . . . . . . . . .  	Number	0031	

LBRPRI . . . . . . . . . . . . .  	Number	0002	
LBWPRI . . . . . . . . . . . . .  	Number	0004	
LCLUS  . . . . . . . . . . . . .  	V WORD 	0000	CONST	External
LOCKOPER . . . . . . . . . . . .  	Number	005C	
LSEEK  . . . . . . . . . . . . .  	Number	0042	
LSEEK_INVALID_FUNCTION . . . . .  	Alias	 ERROR_INVALID_FUNCTION		
LSEEK_INVALID_HANDLE . . . . . .  	Alias	 ERROR_INVALID_HANDLE		

MESBAS . . . . . . . . . . . . .  	L WORD 	0000	CONST
MI_INT . . . . . . . . . . . . .  	Number	00CD	
MI_LONG_CALL . . . . . . . . . .  	Number	009A	
MI_LONG_JMP  . . . . . . . . . .  	Number	00EA	
MI_LONG_RET  . . . . . . . . . .  	Number	00CB	
MKDIR  . . . . . . . . . . . . .  	Number	0039	
MKDIR_ACCESS_DENIED  . . . . . .  	Alias	 ERROR_ACCESS_DENIED		
MKDIR_PATH_NOT_FOUND . . . . . .  	Alias	 ERROR_PATH_NOT_FOUND		
MONTAB . . . . . . . . . . . . .  	L BYTE 	034F	CONST	Global
MORESCAN . . . . . . . . . . . .  	L NEAR	00B5	CODE

NDOTMES  . . . . . . . . . . . .  	L BYTE 	023E	CONST	Global
NOEXTENTS  . . . . . . . . . . .  	L BYTE 	0534	CONST	Global
NOISY  . . . . . . . . . . . . .  	V BYTE 	0000	CONST	External
NORECDDOT  . . . . . . . . . . .  	L BYTE 	0314	CONST	Global
NORECDOT . . . . . . . . . . . .  	L BYTE 	02E1	CONST	Global
NO_ERROR_OCCURRED  . . . . . . .  	Text  0                                                              ?		
NULDMES  . . . . . . . . . . . .  	L BYTE 	028F	CONST	Global
NULNZ  . . . . . . . . . . . . .  	L BYTE 	0253	CONST	Global

OEM  . . . . . . . . . . . . . .  	Text  		
OEM_C1 . . . . . . . . . . . . .  	Number	00F9	
OEM_C2 . . . . . . . . . . . . .  	Number	00FA	
OEM_C3 . . . . . . . . . . . . .  	Number	00FB	
OEM_C4 . . . . . . . . . . . . .  	Number	00FC	
Microsoft (R) Macro Assembler  Version 4.00                 11/21/18 14:36:54
CHKDSK Messages                                             Symbols-11
                                                             

OEM_C5 . . . . . . . . . . . . .  	Number	00FD	
OEM_C6 . . . . . . . . . . . . .  	Number	00FE	
OEM_C7 . . . . . . . . . . . . .  	Number	00FF	
OPEN . . . . . . . . . . . . . .  	Number	003D	
OPEN_ACCESS_DENIED . . . . . . .  	Alias	 ERROR_ACCESS_DENIED		
OPEN_FILE_NOT_FOUND  . . . . . .  	Alias	 ERROR_FILE_NOT_FOUND		
OPEN_FOR_BOTH  . . . . . . . . .  	Number	0002	
OPEN_FOR_READ  . . . . . . . . .  	Number	0000	
OPEN_FOR_WRITE . . . . . . . . .  	Number	0001	
OPEN_INVALID_ACCESS  . . . . . .  	Alias	 ERROR_INVALID_ACCESS		
OPEN_TOO_MANY_OPEN_FILES . . . .  	Alias	 ERROR_TOO_MANY_OPEN_FILES		
OPNERR . . . . . . . . . . . . .  	L BYTE 	06FD	CONST	Global
ORPHCNT  . . . . . . . . . . . .  	V WORD 	0000	CONST	External
ORPHLIN  . . . . . . . . . . . .  	L NEAR	016B	CODE
ORPHMES  . . . . . . . . . . . .  	L BYTE 	042E	CONST
ORPHMES2 . . . . . . . . . . . .  	L BYTE 	03EC	CONST
ORPHSIZ  . . . . . . . . . . . .  	V WORD 	0000	CONST	External

PAGAIN . . . . . . . . . . . . .  	L NEAR	007C	CODE
PARSE_FILE_DESCRIPTOR  . . . . .  	Number	0029	
PRINT  . . . . . . . . . . . . .  	L NEAR	0000	CODE	External
PROMPTYN . . . . . . . . . . . .  	L NEAR	0078	CODE	Global
PRTCHR . . . . . . . . . . . . .  	L NEAR	0000	CODE	External
PTRANDIR . . . . . . . . . . . .  	L BYTE 	058D	CONST	Global
PTRANDIR2  . . . . . . . . . . .  	L BYTE 	05B3	CONST	Global

RAW_CON_INPUT  . . . . . . . . .  	Number	0007	
RAW_CON_IO . . . . . . . . . . .  	Number	0006	
RDONE  . . . . . . . . . . . . .  	L NEAR	0000	CODE	External
RDSKERR  . . . . . . . . . . . .  	L NEAR	0019	CODE	Global
READ . . . . . . . . . . . . . .  	Number	003F	
READING  . . . . . . . . . . . .  	L BYTE 	017D	CONST
READ_ACCESS_DENIED . . . . . . .  	Alias	 ERROR_ACCESS_DENIED		
READ_INVALID_HANDLE  . . . . . .  	Alias	 ERROR_INVALID_HANDLE		
RENAME . . . . . . . . . . . . .  	Number	0056	
RENAME_ACCESS_DENIED . . . . . .  	Alias	 ERROR_ACCESS_DENIED		
RENAME_FILE_NOT_FOUND  . . . . .  	Alias	 ERROR_FILE_NOT_FOUND		
RENAME_NOT_SAME_DEVICE . . . . .  	Alias	 ERROR_NOT_SAME_DEVICE		
REPORT . . . . . . . . . . . . .  	L NEAR	010E	CODE	Global
REQUEST  . . . . . . . . . . . .  	L BYTE 	019D	CONST
RET10  . . . . . . . . . . . . .  	L NEAR	00F5	CODE
RET23  . . . . . . . . . . . . .  	L NEAR	0018	CODE
RMDIR  . . . . . . . . . . . . .  	Number	003A	
RMDIR_ACCESS_DENIED  . . . . . .  	Alias	 ERROR_ACCESS_DENIED		
RMDIR_CURRENT_DIRECTORY  . . . .  	Alias	 ERROR_CURRENT_DIRECTORY		
RMDIR_PATH_NOT_FOUND . . . . . .  	Alias	 ERROR_PATH_NOT_FOUND		
RPRI . . . . . . . . . . . . . .  	Number	0006	

SERVERCALL . . . . . . . . . . .  	Number	005D	
SETBLOCK . . . . . . . . . . . .  	Number	004A	
SETBLOCK_ARENA_TRASHED . . . . .  	Alias	 ERROR_ARENA_TRASHED		
SETBLOCK_INVALID_BLOCK . . . . .  	Alias	 ERROR_INVALID_BLOCK		
SETBLOCK_INVALID_FUNCTION  . . .  	Alias	 ERROR_INVALID_FUNCTION		
SETBLOCK_NOT_ENOUGH_MEMORY . . .  	Alias	 ERROR_NOT_ENOUGH_MEMORY		
Microsoft (R) Macro Assembler  Version 4.00                 11/21/18 14:36:54
CHKDSK Messages                                             Symbols-12
                                                             

SETDPB . . . . . . . . . . . . .  	Number	0053	
SETNOISY . . . . . . . . . . . .  	L NEAR	00D6	CODE
SETSWITCH  . . . . . . . . . . .  	L NEAR	00A6	CODE	Global
SET_CTRL_C_TRAPPING  . . . . . .  	Number	0033	
SET_CURRENT_PDB  . . . . . . . .  	Number	0050	
SET_DATE . . . . . . . . . . . .  	Number	002B	
SET_DEFAULT_DRIVE  . . . . . . .  	Number	000E	
SET_DMA  . . . . . . . . . . . .  	Number	001A	
SET_INTERRUPT_VECTOR . . . . . .  	Number	0025	
SET_OEM_HANDLER  . . . . . . . .  	Number	00F8	
SET_TIME . . . . . . . . . . . .  	Number	002D	
SET_VERIFY_ON_WRITE  . . . . . .  	Number	002E	
SF_DEFAULT_NUMBER  . . . . . . .  	Number	0005	
STACKMES . . . . . . . . . . . .  	L BYTE 	0149	CONST	Global
STDAUX . . . . . . . . . . . . .  	Number	0003	
STDERR . . . . . . . . . . . . .  	Number	0002	
STDIN  . . . . . . . . . . . . .  	Number	0000	
STDOUT . . . . . . . . . . . . .  	Number	0001	
STDPRN . . . . . . . . . . . . .  	Number	0004	
STD_AUX_INPUT  . . . . . . . . .  	Number	0003	
STD_AUX_OUTPUT . . . . . . . . .  	Number	0004	
STD_CON_INPUT  . . . . . . . . .  	Number	0001	
STD_CON_INPUT_FLUSH  . . . . . .  	Number	000C	
STD_CON_INPUT_NO_ECHO  . . . . .  	Number	0008	
STD_CON_INPUT_STATUS . . . . . .  	Number	000B	
STD_CON_OUTPUT . . . . . . . . .  	Number	0002	
STD_CON_STRING_INPUT . . . . . .  	Number	000A	
STD_CON_STRING_OUTPUT  . . . . .  	Number	0009	
STD_PRINTER_OUTPUT . . . . . . .  	Number	0005	
SWITCHAR . . . . . . . . . . . .  	V BYTE 	0000	CONST	External

TCHAR  . . . . . . . . . . . . .  	L BYTE 	034E	CONST	Global
TOTMEM . . . . . . . . . . . . .  	L BYTE 	04E7	CONST
TRUE . . . . . . . . . . . . . .  	Number	FFFF	

UNLINK . . . . . . . . . . . . .  	Number	0041	
UNLINK_ACCESS_DENIED . . . . . .  	Alias	 ERROR_ACCESS_DENIED		
UNLINK_FILE_NOT_FOUND  . . . . .  	Alias	 ERROR_FILE_NOT_FOUND		
USERIDOPER . . . . . . . . . . .  	Number	005E	
USERLIN  . . . . . . . . . . . .  	L NEAR	0133	CODE

VER  . . . . . . . . . . . . . .  	Text  		
VNAME  . . . . . . . . . . . . .  	L BYTE 	0339	CONST	Global	Length = 000C

WAIT . . . . . . . . . . . . . .  	Number	004D	
WDSKERR  . . . . . . . . . . . .  	L NEAR	001E	CODE	Global
WPRI . . . . . . . . . . . . . .  	Number	0008	
WRITE  . . . . . . . . . . . . .  	Number	0040	
WRITE_ACCESS_DENIED  . . . . . .  	Alias	 ERROR_ACCESS_DENIED		
WRITE_INVALID_HANDLE . . . . . .  	Alias	 ERROR_INVALID_HANDLE		
WRITING  . . . . . . . . . . . .  	L BYTE 	0182	CONST

XDUP . . . . . . . . . . . . . .  	Number	0045	
XDUP2  . . . . . . . . . . . . .  	Number	0046	
Microsoft (R) Macro Assembler  Version 4.00                 11/21/18 14:36:54
CHKDSK Messages                                             Symbols-13
                                                             


YES_NO . . . . . . . . . . . . .  	L BYTE 	0585	CONST


   1746 Source  Lines
   1808 Total   Lines
    629 Symbols

  19856 Bytes symbol space free

      0 Warning Errors
      0 Severe  Errors
