Microsoft (R) Macro Assembler  Version 4.00                 11/21/18 15:10:09
                                                            Page     1-1
                                                            

                                .list 
                                .cref 
                                 
 0000                           CODE    SEGMENT PUBLIC BYTE 'CODE' 
 0000                           CODE    ENDS 
                                 
 0000                           CONST   SEGMENT PUBLIC BYTE 
 0000                           CONST   ENDS 
                                 
 0000                           DATA    SEGMENT PUBLIC BYTE 
 0000                           DATA    ENDS 
                                 
                                DG      GROUP   CODE,CONST,DATA 
                                 
 0000                           DATA    SEGMENT PUBLIC BYTE 
                                 
                                 
                                        PUBLIC  ParityFlag,XNXOPT,XNXCMD,SWITCH
				AR,EXTPTR,HANDLE,TRANSADD 
                                        PUBLIC  PARSERR,ASMADD,DISADD,DISCNT,AS
				MSP,INDEX,DEFDUMP,DEFLEN 
                                        PUBLIC  REGSAVE,SEGSAVE,OFFSAVE,TEMP,BU
				FFER,BYTCNT,OPCODE,AWORD 
                                        PUBLIC  REGMEM,MIDFLD,MODE,NSEG,OPBUF,B
				RKCNT,TCOUNT,ASSEM_CNT 
                                        PUBLIC  ASSEM1,ASSEM2,ASSEM3,ASSEM4,ASS
				EM5,ASSEM6,BYTEBUF,BPTAB 
                                        PUBLIC  DIFLG,SIFLG,BXFLG,BPFLG,NEGFLG,
				NUMFLG,MEMFLG,REGFLG 
                                        PUBLIC  MOVFLG,TSTFLG,SEGFLG,LOWNUM,HIN
				UM,F8087,DIRFLG,DATAEND 
                                 
                                 
 0000  00                       ParityFlag  DB  0 
 0001  ??                       XNXOPT  DB      ?                       ; AL OP
				TION FOR DOS COMMAND 
 0002  ??                       XNXCMD  DB      ?                       ; DOS C
				OMMAND FOR OPEN_A_FILE TO PERFORM 
 0003  ??                       SWITCHAR DB     ?                       ; CURRE
				NT SWITCH CHARACTER 
 0004  ????                     EXTPTR  DW      ?                       ; POINT
				ER TO FILE EXTENSION 
 0006  ????                     HANDLE  DW      ?                       ; CURRE
				NT HANDLE 
 0008  ????????                 TRANSADD DD     ?                       ; TRANS
				FER ADDRESS 
                                 
 000C  ??                       PARSERR DB      ? 
 000D  0004[                    ASMADD  DB      4 DUP (?) 
            ??                  
                         ]      
                                
 0011  0004[                    DISADD  DB      4 DUP (?) 
            ??                  
Microsoft (R) Macro Assembler  Version 4.00                 11/21/18 15:10:09
                                                            Page     1-2
                                                            

                         ]      
                                
 0015  ????                     DISCNT  DW      ? 
 0017  ????                     ASMSP   DW      ?                       ; SP AT
				 ENTRY TO ASM 
 0019  ????                     INDEX   DW      ? 
 001B  0004[                    DEFDUMP DB      4 DUP (?) 
            ??                  
                         ]      
                                
 001F  ????                     DEFLEN  DW      ? 
 0021  ????                     REGSAVE DW      ? 
 0023  ????                     SEGSAVE DW      ? 
 0025  ????                     OFFSAVE DW      ? 
                                 
                                ; The following data areas are destroyed during
				 hex file read 
 0027  0004[                    TEMP    DB      4 DUP(?) 
            ??                  
                         ]      
                                
 002B                           BUFFER  LABEL   BYTE 
 002B  ??                       BYTCNT  DB      ? 
 002C  ????                     OPCODE  DW      ? 
 002E  ??                       AWORD   DB      ? 
 002F  ??                       REGMEM  DB      ? 
 0030  ??                       MIDFLD  DB      ? 
 0031  ??                       MODE    DB      ? 
 0032  ????                     NSEG    DW      ? 
 0034  0023[                    OPBUF   DB      OPBUFLEN DUP (?) 
            ??                  
                         ]      
                                
 0057  ????                     BRKCNT  DW      ?                       ; Numbe
				r of breakpoints 
 0059  ????                     TCOUNT  DW      ?                       ; Numbe
				r of steps to trace 
 005B  ??                       ASSEM_CNT       DB      ?               ; prese
				rve order of assem_cnt and assem1 
 005C  ??                       ASSEM1          DB      ? 
 005D  ??                       ASSEM2          DB      ? 
 005E  ??                       ASSEM3          DB      ? 
 005F  ??                       ASSEM4          DB      ? 
 0060  ??                       ASSEM5          DB      ? 
 0061  ??                       ASSEM6          DB      ?               ; prese
				rve order of assemx and bytebuf 
 0062  0050[                    BYTEBUF DB      BUFLEN  DUP (?)         ; Table
				 used by LIST 
            ??                  
                         ]      
                                
 00B2  0032[                    BPTAB   DB      BPLEN   DUP (?)         ; Break
				point table 
            ??                  
Microsoft (R) Macro Assembler  Version 4.00                 11/21/18 15:10:09
                                                            Page     1-3
                                                            

                         ]      
                                
 00E4  ??                       DIFLG   DB      ? 
 00E5  ??                       SIFLG   DB      ? 
 00E6  ??                       BXFLG   DB      ? 
 00E7  ??                       BPFLG   DB      ? 
 00E8  ??                       NEGFLG  DB      ? 
 00E9  ??                       NUMFLG  DB      ?                       ; ZERO 
				MEANS NO NUMBER SEEN 
 00EA  ??                       MEMFLG  DB      ? 
 00EB  ??                       REGFLG  DB      ? 
 00EC  ??                       MOVFLG  DB      ? 
 00ED  ??                       TSTFLG  DB      ? 
 00EE  ??                       SEGFLG  DB      ? 
 00EF  ????                     LOWNUM  DW      ? 
 00F1  ????                     HINUM   DW      ? 
 00F3  ??                       F8087   DB      ? 
 00F4  ??                       DIRFLG  DB      ? 
 00F5  0136[                            DB      BUFFER+BUFSIZ-$ DUP (?) 
            ??                  
                         ]      
                                
                                 
 022B                           DATAEND LABEL   WORD 
                                 
 022B                           DATA    ENDS 
                                        END 

Microsoft (R) Macro Assembler  Version 4.00                 11/21/18 15:10:09
                                                            Symbols-1
                                                             

Macros:

		N a m e			Lines

BREAK  . . . . . . . . . . . . .  	   2
CONDRET  . . . . . . . . . . . .  	  19
CONTEXT  . . . . . . . . . . . .  	   3
DO_EXT . . . . . . . . . . . . .  	   0
ENTRY  . . . . . . . . . . . . .  	   2
ERROR  . . . . . . . . . . . . .  	   4
INVOKE . . . . . . . . . . . . .  	   8
I_AM . . . . . . . . . . . . . .  	  14
I_NEED . . . . . . . . . . . . .  	  11
JUMP . . . . . . . . . . . . . .  	  17
LONG_ADDR  . . . . . . . . . . .  	   7
MAKELAB  . . . . . . . . . . . .  	   4
PROCEDURE  . . . . . . . . . . .  	   2
RETC . . . . . . . . . . . . . .  	   1
RETNC  . . . . . . . . . . . . .  	   1
RETNZ  . . . . . . . . . . . . .  	   1
RETURN . . . . . . . . . . . . .  	   5
RETZ . . . . . . . . . . . . . .  	   1
SHORT_ADDR . . . . . . . . . . .  	  12
TRANSFER . . . . . . . . . . . .  	   8

Structures and Records:

                N a m e                 Width   # fields
                                        Shift   Width   Mask    Initial

ARENA  . . . . . . . . . . . . .  	0005	0003
  ARENA_SIGNATURE  . . . . . . .  	0000
  ARENA_OWNER  . . . . . . . . .  	0001
  ARENA_SIZE . . . . . . . . . .  	0003
BPBLOCK  . . . . . . . . . . . .  	000D	0008
  BPSECSZ  . . . . . . . . . . .  	0000
  BPCLUS . . . . . . . . . . . .  	0002
  BPRES  . . . . . . . . . . . .  	0003
  BPFTCNT  . . . . . . . . . . .  	0005
  BPDRCNT  . . . . . . . . . . .  	0006
  BPSCCNT  . . . . . . . . . . .  	0008
  BPMEDIA  . . . . . . . . . . .  	000A
  BPFTSEC  . . . . . . . . . . .  	000B
BUFFINFO . . . . . . . . . . . .  	0010	0009
  NEXTBUF  . . . . . . . . . . .  	0000
  BUFDRV . . . . . . . . . . . .  	0004
  BUFDIRTY . . . . . . . . . . .  	0005
  BUFPRI . . . . . . . . . . . .  	0006
  VISIT  . . . . . . . . . . . .  	0007
  BUFSECNO . . . . . . . . . . .  	0008
  BUFWRTCNT  . . . . . . . . . .  	000A
  BUFWRTINC  . . . . . . . . . .  	000B
  BUFDRVDP . . . . . . . . . . .  	000C
DIR_ENTRY  . . . . . . . . . . .  	0020	0008
Microsoft (R) Macro Assembler  Version 4.00                 11/21/18 15:10:09
                                                            Symbols-2
                                                             

  DIR_NAME . . . . . . . . . . .  	0000
  DIR_ATTR . . . . . . . . . . .  	000B
  DIR_PAD  . . . . . . . . . . .  	000C
  DIR_TIME . . . . . . . . . . .  	0016
  DIR_DATE . . . . . . . . . . .  	0018
  DIR_FIRST  . . . . . . . . . .  	001A
  DIR_SIZE_L . . . . . . . . . .  	001C
  DIR_SIZE_H . . . . . . . . . .  	001E
DPB  . . . . . . . . . . . . . .  	005E	0012
  DPB_DRIVE  . . . . . . . . . .  	0000
  DPB_UNIT . . . . . . . . . . .  	0001
  DPB_SECTOR_SIZE  . . . . . . .  	0002
  DPB_CLUSTER_MASK . . . . . . .  	0004
  DPB_CLUSTER_SHIFT  . . . . . .  	0005
  DPB_FIRST_FAT  . . . . . . . .  	0006
  DPB_FAT_COUNT  . . . . . . . .  	0008
  DPB_ROOT_ENTRIES . . . . . . .  	0009
  DPB_FIRST_SECTOR . . . . . . .  	000B
  DPB_MAX_CLUSTER  . . . . . . .  	000D
  DPB_FAT_SIZE . . . . . . . . .  	000F
  DPB_DIR_SECTOR . . . . . . . .  	0010
  DPB_DRIVER_ADDR  . . . . . . .  	0012
  DPB_MEDIA  . . . . . . . . . .  	0016
  DPB_FIRST_ACCESS . . . . . . .  	0017
  DPB_NEXT_DPB . . . . . . . . .  	0018
  DPB_CURRENT_DIR  . . . . . . .  	001C
  DPB_DIR_TEXT . . . . . . . . .  	001E
EXEC0  . . . . . . . . . . . . .  	000E	0004
  EXEC0_ENVIRON  . . . . . . . .  	0000
  EXEC0_COM_LINE . . . . . . . .  	0002
  EXEC0_5C_FCB . . . . . . . . .  	0006
  EXEC0_6C_FCB . . . . . . . . .  	000A
EXEC1  . . . . . . . . . . . . .  	0016	0008
  EXEC1_ENVIRON  . . . . . . . .  	0000
  EXEC1_COM_LINE . . . . . . . .  	0002
  EXEC1_5C_FCB . . . . . . . . .  	0006
  EXEC1_6C_FCB . . . . . . . . .  	000A
  EXEC1_SP . . . . . . . . . . .  	000E
  EXEC1_SS . . . . . . . . . . .  	0010
  EXEC1_IP . . . . . . . . . . .  	0012
  EXEC1_CS . . . . . . . . . . .  	0014
EXEC3  . . . . . . . . . . . . .  	0004	0002
  EXEC3_LOAD_ADDR  . . . . . . .  	0000
  EXEC3_RELOC_FAC  . . . . . . .  	0002
EXE_FILE . . . . . . . . . . . .  	0020	000F
  EXE_SIGNATURE  . . . . . . . .  	0000
  EXE_LEN_MOD_512  . . . . . . .  	0002
  EXE_PAGES  . . . . . . . . . .  	0004
  EXE_RLE_COUNT  . . . . . . . .  	0006
  EXE_PAR_DIR  . . . . . . . . .  	0008
  EXE_MIN_BSS  . . . . . . . . .  	000A
  EXE_MAX_BSS  . . . . . . . . .  	000C
  EXE_SS . . . . . . . . . . . .  	000E
  EXE_SP . . . . . . . . . . . .  	0010
Microsoft (R) Macro Assembler  Version 4.00                 11/21/18 15:10:09
                                                            Symbols-3
                                                             

  EXE_CHKSUM . . . . . . . . . .  	0012
  EXE_IP . . . . . . . . . . . .  	0014
  EXE_CS . . . . . . . . . . . .  	0016
  EXE_RLE_TABLE  . . . . . . . .  	0018
  EXE_IOV  . . . . . . . . . . .  	001A
  EXE_SYM_TAB  . . . . . . . . .  	001C
FIND_BUF . . . . . . . . . . . .  	002B	000C
  FIND_BUF_SATTR . . . . . . . .  	0000
  FIND_BUF_DRIVE . . . . . . . .  	0001
  FIND_BUF_NAME  . . . . . . . .  	0002
  FIND_BUF_LASTENT . . . . . . .  	000D
  FIND_BUF_THISDPB . . . . . . .  	000F
  FIND_BUF_DIRSTART  . . . . . .  	0013
  FIND_BUF_ATTR  . . . . . . . .  	0015
  FIND_BUF_TIME  . . . . . . . .  	0016
  FIND_BUF_DATE  . . . . . . . .  	0018
  FIND_BUF_SIZE_L  . . . . . . .  	001A
  FIND_BUF_SIZE_H  . . . . . . .  	001C
  FIND_BUF_PNAME . . . . . . . .  	001E
INTERNAT_BLOCK . . . . . . . . .  	0018	0015
  DATE_TIM_FORMAT  . . . . . . .  	0000
  CURRENCY_SYM . . . . . . . . .  	0002
  THOUS_SEP  . . . . . . . . . .  	0007
  DECIMAL_SEP  . . . . . . . . .  	0009
  DATE_SEP . . . . . . . . . . .  	000B
  TIME_SEP . . . . . . . . . . .  	000D
  BIT_FEILD  . . . . . . . . . .  	000F
  CURRENCY_CENTS . . . . . . . .  	0010
  TIME_24  . . . . . . . . . . .  	0011
  MAP_CALL . . . . . . . . . . .  	0012
  DATA_SEP . . . . . . . . . . .  	0016
PROCESS_DATA_BLOCK . . . . . . .  	005B	000E
  PDB_EXIT_CALL  . . . . . . . .  	0000
  PDB_BLOCK_LEN  . . . . . . . .  	0002
  PDB_CPM_CALL . . . . . . . . .  	0005
  PDB_EXIT . . . . . . . . . . .  	000A
  PDB_CTRL_C . . . . . . . . . .  	000E
  PDB_FATAL_ABORT  . . . . . . .  	0012
  PDB_PARENT_PID . . . . . . . .  	0016
  PDB_JFN_TABLE  . . . . . . . .  	0018
  PDB_ENVIRON  . . . . . . . . .  	002C
  PDB_USER_STACK . . . . . . . .  	002E
  PDB_PAD1 . . . . . . . . . . .  	0032
  PDB_CALL_SYSTEM  . . . . . . .  	0050
  PDB_PAD2 . . . . . . . . . . .  	0055
SFT  . . . . . . . . . . . . . .  	0008	0003
  SFT_LINK . . . . . . . . . . .  	0000
  SFT_COUNT  . . . . . . . . . .  	0004
  SFT_TABLE  . . . . . . . . . .  	0006
SF_ENTRY . . . . . . . . . . . .  	0028	0004
  SF_REF_COUNT . . . . . . . . .  	0000
  SF_MODE  . . . . . . . . . . .  	0001
  SF_ATTR  . . . . . . . . . . .  	0002
  SF_FCB . . . . . . . . . . . .  	0003
Microsoft (R) Macro Assembler  Version 4.00                 11/21/18 15:10:09
                                                            Symbols-4
                                                             

SYMBOL_ENTRY . . . . . . . . . .  	0106	0004
  SYM_VALUE  . . . . . . . . . .  	0000
  SYM_TYPE . . . . . . . . . . .  	0004
  SYM_LEN  . . . . . . . . . . .  	0006
  SYM_NAME . . . . . . . . . . .  	0007
SYS_FCB  . . . . . . . . . . . .  	0025	0010
  FCB_DRIVE  . . . . . . . . . .  	0000
  FCB_NAME . . . . . . . . . . .  	0001
  FCB_EXT  . . . . . . . . . . .  	0009
  FCB_EXTENT . . . . . . . . . .  	000C
  FCB_RECSIZ . . . . . . . . . .  	000E
  FCB_FILSIZ . . . . . . . . . .  	0010
  FCB_DRVBP  . . . . . . . . . .  	0012
  FCB_FDATE  . . . . . . . . . .  	0014
  FCB_FTIME  . . . . . . . . . .  	0016
  FCB_DEVID  . . . . . . . . . .  	0018
  FCB_FIRCLUS  . . . . . . . . .  	0019
  FCB_CLUSPOS  . . . . . . . . .  	001B
  FCB_LSTCLUS  . . . . . . . . .  	001D
  FCB_NR . . . . . . . . . . . .  	0020
  FCB_RR . . . . . . . . . . . .  	0021
USER_ENVIRON . . . . . . . . . .  	0018	000C
  USER_AX  . . . . . . . . . . .  	0000
  USER_BX  . . . . . . . . . . .  	0002
  USER_CX  . . . . . . . . . . .  	0004
  USER_DX  . . . . . . . . . . .  	0006
  USER_SI  . . . . . . . . . . .  	0008
  USER_DI  . . . . . . . . . . .  	000A
  USER_BP  . . . . . . . . . . .  	000C
  USER_DS  . . . . . . . . . . .  	000E
  USER_ES  . . . . . . . . . . .  	0010
  USER_IP  . . . . . . . . . . .  	0012
  USER_CS  . . . . . . . . . . .  	0014
  USER_F . . . . . . . . . . . .  	0016

Segments and Groups:

                N a m e         	Size	Align	Combine Class

DG . . . . . . . . . . . . . . .  	GROUP
  CODE . . . . . . . . . . . . .  	0000	BYTE	PUBLIC	'CODE'
  CONST  . . . . . . . . . . . .  	0000	BYTE	PUBLIC	
  DATA . . . . . . . . . . . . .  	022B	BYTE	PUBLIC	

Symbols:            

                N a m e         	Type	Value	Attr         

ABORT  . . . . . . . . . . . . .  	Number	0000	
ADDR_INT_ABORT . . . . . . . . .  	Number	0080	
ADDR_INT_COMMAND . . . . . . . .  	Number	0084	
ADDR_INT_CTRL_C  . . . . . . . .  	Number	008C	
ADDR_INT_DISK_READ . . . . . . .  	Number	0094	
ADDR_INT_DISK_WRITE  . . . . . .  	Number	0098	
Microsoft (R) Macro Assembler  Version 4.00                 11/21/18 15:10:09
                                                            Symbols-5
                                                             

ADDR_INT_FASTCON . . . . . . . .  	Number	00A4	
ADDR_INT_FATAL_ABORT . . . . . .  	Number	0090	
ADDR_INT_KEEP_PROCESS  . . . . .  	Number	009C	
ADDR_INT_SPOOLER . . . . . . . .  	Number	00A0	
ADDR_INT_TERMINATE . . . . . . .  	Number	0088	
ALLOC  . . . . . . . . . . . . .  	Number	0048	
ALLOCOPER  . . . . . . . . . . .  	Number	0058	
ALLOC_ARENA_TRASHED  . . . . . .  	Alias	 ERROR_ARENA_TRASHED		
ALLOC_NOT_ENOUGH_MEMORY  . . . .  	Alias	 ERROR_NOT_ENOUGH_MEMORY		
ALTVECT  . . . . . . . . . . . .  	Number	0000	
ARENA_OWNER_SYSTEM . . . . . . .  	Number	0000	
ARENA_SIGNATURE_END  . . . . . .  	Number	005A	
ARENA_SIGNATURE_NORMAL . . . . .  	Number	004D	
ASMADD . . . . . . . . . . . . .  	L BYTE 	000D	DATA	Global	Length = 0004
ASMSP  . . . . . . . . . . . . .  	L WORD 	0017	DATA	Global
ASSEM1 . . . . . . . . . . . . .  	L BYTE 	005C	DATA	Global
ASSEM2 . . . . . . . . . . . . .  	L BYTE 	005D	DATA	Global
ASSEM3 . . . . . . . . . . . . .  	L BYTE 	005E	DATA	Global
ASSEM4 . . . . . . . . . . . . .  	L BYTE 	005F	DATA	Global
ASSEM5 . . . . . . . . . . . . .  	L BYTE 	0060	DATA	Global
ASSEM6 . . . . . . . . . . . . .  	L BYTE 	0061	DATA	Global
ASSEM_CNT  . . . . . . . . . . .  	L BYTE 	005B	DATA	Global
ASSIGNOPER . . . . . . . . . . .  	Number	005F	
ATTR_ALL . . . . . . . . . . . .  	Number	0016	
ATTR_ARCHIVE . . . . . . . . . .  	Number	0020	
ATTR_CHANGEABLE  . . . . . . . .  	Number	0027	
ATTR_DIRECTORY . . . . . . . . .  	Number	0010	
ATTR_HIDDEN  . . . . . . . . . .  	Number	0002	
ATTR_IGNORE  . . . . . . . . . .  	Number	0021	
ATTR_READ_ONLY . . . . . . . . .  	Number	0001	
ATTR_SYSTEM  . . . . . . . . . .  	Number	0004	
ATTR_VOLUME_ID . . . . . . . . .  	Number	0008	
AWORD  . . . . . . . . . . . . .  	L BYTE 	002E	DATA	Global

BPFLG  . . . . . . . . . . . . .  	L BYTE 	00E7	DATA	Global
BPLEN  . . . . . . . . . . . . .  	Number	0032	
BPMAX  . . . . . . . . . . . . .  	Number	000A	
BPREG  . . . . . . . . . . . . .  	Number	5042	
BPTAB  . . . . . . . . . . . . .  	L BYTE 	00B2	DATA	Global	Length = 0032
BRKCNT . . . . . . . . . . . . .  	L WORD 	0057	DATA	Global
BUFFER . . . . . . . . . . . . .  	L BYTE 	002B	DATA	Global
BUFINSIZ . . . . . . . . . . . .  	Number	0010	
BUFLEN . . . . . . . . . . . . .  	Number	0050	
BUFSIZ . . . . . . . . . . . . .  	Number	0200	
BXFLG  . . . . . . . . . . . . .  	L BYTE 	00E6	DATA	Global
BXREG  . . . . . . . . . . . . .  	Number	5842	
BYTCNT . . . . . . . . . . . . .  	L BYTE 	002B	DATA	Global
BYTEBUF  . . . . . . . . . . . .  	L BYTE 	0062	DATA	Global	Length = 0050

CHAR_OPER  . . . . . . . . . . .  	Number	0037	
CHDIR  . . . . . . . . . . . . .  	Number	003B	
CHDIR_PATH_NOT_FOUND . . . . . .  	Alias	 ERROR_PATH_NOT_FOUND		
CHMOD  . . . . . . . . . . . . .  	Number	0043	
CHMOD_ACCESS_DENIED  . . . . . .  	Alias	 ERROR_ACCESS_DENIED		
Microsoft (R) Macro Assembler  Version 4.00                 11/21/18 15:10:09
                                                            Symbols-6
                                                             

CHMOD_INVALID_FUNCTION . . . . .  	Alias	 ERROR_INVALID_FUNCTION		
CHMOD_PATH_NOT_FOUND . . . . . .  	Alias	 ERROR_PATH_NOT_FOUND		
CLOSE  . . . . . . . . . . . . .  	Number	003E	
CLOSE_INVALID_FUNCTION . . . . .  	Alias	 ERROR_INVALID_FUNCTION		
CLOSE_INVALID_HANDLE . . . . . .  	Alias	 ERROR_INVALID_HANDLE		
COMMA  . . . . . . . . . . . . .  	Number	2C00	
COUNTRY_NOT_FOUND  . . . . . . .  	Alias	 ERROR_FILE_NOT_FOUND		
CREAT  . . . . . . . . . . . . .  	Number	003C	
CREATENEWFILE  . . . . . . . . .  	Number	005B	
CREATETEMPFILE . . . . . . . . .  	Number	005A	
CREATE_PROCESS_DATA_BLOCK  . . .  	Number	0026	
CREAT_ACCESS_DENIED  . . . . . .  	Alias	 ERROR_ACCESS_DENIED		
CREAT_PATH_NOT_FOUND . . . . . .  	Alias	 ERROR_PATH_NOT_FOUND		
CREAT_TOO_MANY_OPEN_FILES  . . .  	Alias	 ERROR_TOO_MANY_OPEN_FILES		
CURDIR_INVALID_DRIVE . . . . . .  	Alias	 ERROR_INVALID_DRIVE		
CURRENT_DIR  . . . . . . . . . .  	Number	0047	
C_BS . . . . . . . . . . . . . .  	Number	0008	
C_CR . . . . . . . . . . . . . .  	Number	000D	
C_DEL  . . . . . . . . . . . . .  	Number	007F	
C_ETB  . . . . . . . . . . . . .  	Number	0017	
C_ETX  . . . . . . . . . . . . .  	Number	0003	
C_HT . . . . . . . . . . . . . .  	Number	0009	
C_LF . . . . . . . . . . . . . .  	Number	000A	
C_NAK  . . . . . . . . . . . . .  	Number	0015	

DATAEND  . . . . . . . . . . . .  	L WORD 	022B	DATA	Global
DEALLOC  . . . . . . . . . . . .  	Number	0049	
DEALLOC_ARENA_TRASHED  . . . . .  	Alias	 ERROR_ARENA_TRASHED		
DEALLOC_INVALID_BLOCK  . . . . .  	Alias	 ERROR_INVALID_BLOCK		
DEFDUMP  . . . . . . . . . . . .  	L BYTE 	001B	DATA	Global	Length = 0004
DEFLEN . . . . . . . . . . . . .  	L WORD 	001F	DATA	Global
DEVID_BLOCK_DEV  . . . . . . . .  	Number	001F	
DEVID_DEVICE . . . . . . . . . .  	Number	0080	
DEVID_DEVICE_CLOCK . . . . . . .  	Number	0008	
DEVID_DEVICE_CON_IN  . . . . . .  	Number	0001	
DEVID_DEVICE_CON_OUT . . . . . .  	Number	0002	
DEVID_DEVICE_EOF . . . . . . . .  	Number	0040	
DEVID_DEVICE_NULL  . . . . . . .  	Number	0004	
DEVID_DEVICE_RAW . . . . . . . .  	Number	0020	
DEVID_DEVICE_SPECIAL . . . . . .  	Number	0010	
DEVID_EOF  . . . . . . . . . . .  	Number	0040	
DEVID_FILE_CLEAN . . . . . . . .  	Number	0040	
DEVID_FILE_MASK_DRIVE  . . . . .  	Number	003F	
DEVID_ISCIN  . . . . . . . . . .  	Number	0001	
DEVID_ISCLK  . . . . . . . . . .  	Number	0008	
DEVID_ISCOT  . . . . . . . . . .  	Number	0002	
DEVID_ISDEV  . . . . . . . . . .  	Number	0080	
DEVID_ISNUL  . . . . . . . . . .  	Number	0004	
DEVID_RAW  . . . . . . . . . . .  	Number	0020	
DEVID_SPECIAL  . . . . . . . . .  	Number	0010	
DIFLG  . . . . . . . . . . . . .  	L BYTE 	00E4	DATA	Global
DIREG  . . . . . . . . . . . . .  	Number	4944	
DIRFLG . . . . . . . . . . . . .  	L BYTE 	00F4	DATA	Global
DIRPRI . . . . . . . . . . . . .  	Number	000F	
Microsoft (R) Macro Assembler  Version 4.00                 11/21/18 15:10:09
                                                            Symbols-7
                                                             

DIRSTRLEN  . . . . . . . . . . .  	Number	0040	
DIR_SEARCH_FIRST . . . . . . . .  	Number	0011	
DIR_SEARCH_NEXT  . . . . . . . .  	Number	0012	
DISADD . . . . . . . . . . . . .  	L BYTE 	0011	DATA	Global	Length = 0004
DISCNT . . . . . . . . . . . . .  	L WORD 	0015	DATA	Global
DISK_RESET . . . . . . . . . . .  	Number	000D	
DOSVER . . . . . . . . . . . . .  	Number	00D3	
DOS_MAJOR_VERSION  . . . . . . .  	Number	0002	
DOS_MINOR_VERSION  . . . . . . .  	Number	000B	
DPBSIZ . . . . . . . . . . . . .  	Number	005E	
DSKSIZ . . . . . . . . . . . . .  	Number	000D	
DUP2_INVALID_HANDLE  . . . . . .  	Alias	 ERROR_INVALID_HANDLE		
DUP_INVALID_HANDLE . . . . . . .  	Alias	 ERROR_INVALID_HANDLE		
DUP_PDB  . . . . . . . . . . . .  	Number	0055	
DUP_TOO_MANY_OPEN_FILES  . . . .  	Alias	 ERROR_TOO_MANY_OPEN_FILES		

ENTRYPOINT . . . . . . . . . . .  	Number	00C0	
ERROR_ACCESS_DENIED  . . . . . .  	Number	0005	
ERROR_ARENA_TRASHED  . . . . . .  	Number	0007	
ERROR_BAD_ENVIRONMENT  . . . . .  	Number	000A	
ERROR_BAD_FORMAT . . . . . . . .  	Number	000B	
ERROR_CURRENT_DIRECTORY  . . . .  	Number	0010	
ERROR_FILE_NOT_FOUND . . . . . .  	Number	0002	
ERROR_INVALID_ACCESS . . . . . .  	Number	000C	
ERROR_INVALID_BLOCK  . . . . . .  	Number	0009	
ERROR_INVALID_DATA . . . . . . .  	Number	000D	
ERROR_INVALID_DRIVE  . . . . . .  	Number	000F	
ERROR_INVALID_FUNCTION . . . . .  	Number	0001	
ERROR_INVALID_HANDLE . . . . . .  	Number	0006	
ERROR_NOT_ENOUGH_MEMORY  . . . .  	Number	0008	
ERROR_NOT_SAME_DEVICE  . . . . .  	Number	0011	
ERROR_NO_MORE_FILES  . . . . . .  	Number	0012	
ERROR_PATH_NOT_FOUND . . . . . .  	Number	0003	
ERROR_TOO_MANY_OPEN_FILES  . . .  	Number	0004	
EXEC . . . . . . . . . . . . . .  	Number	004B	
EXEC_BAD_ENVIRONMENT . . . . . .  	Alias	 ERROR_BAD_ENVIRONMENT		
EXEC_BAD_FORMAT  . . . . . . . .  	Alias	 ERROR_BAD_FORMAT		
EXEC_FILE_NOT_FOUND  . . . . . .  	Alias	 ERROR_FILE_NOT_FOUND		
EXEC_FUNC_NO_EXECUTE . . . . . .  	Number	0001	
EXEC_FUNC_OVERLAY  . . . . . . .  	Number	0002	
EXEC_INVALID_FUNCTION  . . . . .  	Alias	 ERROR_INVALID_FUNCTION		
EXEC_NOT_ENOUGH_MEMORY . . . . .  	Alias	 ERROR_NOT_ENOUGH_MEMORY		
EXEFCB . . . . . . . . . . . . .  	Alias	 FCB		
EXE_VALID_OLD_SIGNATURE  . . . .  	Number	4D5A	
EXE_VALID_SIGNATURE  . . . . . .  	Number	5A4D	
EXIT . . . . . . . . . . . . . .  	Number	004C	
EXIT_ABORT . . . . . . . . . . .  	Number	0000	
EXIT_CTRL_C  . . . . . . . . . .  	Number	0001	
EXIT_HARD_ERROR  . . . . . . . .  	Number	0002	
EXIT_KEEP_PROCESS  . . . . . . .  	Number	0003	
EXIT_TERMINATE . . . . . . . . .  	Number	0000	
EXTPTR . . . . . . . . . . . . .  	L WORD 	0004	DATA	Global

F8087  . . . . . . . . . . . . .  	L BYTE 	00F3	DATA	Global
Microsoft (R) Macro Assembler  Version 4.00                 11/21/18 15:10:09
                                                            Symbols-8
                                                             

FALSE  . . . . . . . . . . . . .  	Number	0000	
FATPRI . . . . . . . . . . . . .  	Number	001E	
FCB  . . . . . . . . . . . . . .  	Number	005C	
FCB_CLOSE  . . . . . . . . . . .  	Number	0010	
FCB_CREATE . . . . . . . . . . .  	Number	0016	
FCB_DELETE . . . . . . . . . . .  	Number	0013	
FCB_OPEN . . . . . . . . . . . .  	Number	000F	
FCB_RANDOM_READ  . . . . . . . .  	Number	0021	
FCB_RANDOM_READ_BLOCK  . . . . .  	Number	0027	
FCB_RANDOM_WRITE . . . . . . . .  	Number	0022	
FCB_RANDOM_WRITE_BLOCK . . . . .  	Number	0028	
FCB_RENAME . . . . . . . . . . .  	Number	0017	
FCB_SEQ_READ . . . . . . . . . .  	Number	0014	
FCB_SEQ_WRITE  . . . . . . . . .  	Number	0015	
FILDIRENT  . . . . . . . . . . .  	Number	0010	
FILETIMES_INVALID_FUNCTION . . .  	Alias	 ERROR_INVALID_FUNCTION		
FILETIMES_INVALID_HANDLE . . . .  	Alias	 ERROR_INVALID_HANDLE		
FILE_TIMES . . . . . . . . . . .  	Number	0057	
FILPERPROC . . . . . . . . . . .  	Number	0014	
FINDFIRST_FILE_NOT_FOUND . . . .  	Alias	 ERROR_FILE_NOT_FOUND		
FINDFIRST_NO_MORE_FILES  . . . .  	Alias	 ERROR_NO_MORE_FILES		
FINDNEXT_NO_MORE_FILES . . . . .  	Alias	 ERROR_NO_MORE_FILES		
FIND_FIRST . . . . . . . . . . .  	Number	004E	
FIND_NEXT  . . . . . . . . . . .  	Number	004F	
FREEPRI  . . . . . . . . . . . .  	Number	0000	

GETEXTENDEDERROR . . . . . . . .  	Number	0059	
GET_CURRENT_PDB  . . . . . . . .  	Number	0051	
GET_DATE . . . . . . . . . . . .  	Number	002A	
GET_DEFAULT_DPB  . . . . . . . .  	Number	001F	
GET_DEFAULT_DRIVE  . . . . . . .  	Number	0019	
GET_DMA  . . . . . . . . . . . .  	Number	002F	
GET_DPB  . . . . . . . . . . . .  	Number	0032	
GET_DRIVE_FREESPACE  . . . . . .  	Number	0036	
GET_FCB_FILE_LENGTH  . . . . . .  	Number	0023	
GET_FCB_POSITION . . . . . . . .  	Number	0024	
GET_INDOS_FLAG . . . . . . . . .  	Number	0034	
GET_INTERRUPT_VECTOR . . . . . .  	Number	0035	
GET_IN_VARS  . . . . . . . . . .  	Number	0052	
GET_TIME . . . . . . . . . . . .  	Number	002C	
GET_VERIFY_ON_WRITE  . . . . . .  	Number	0054	
GET_VERSION  . . . . . . . . . .  	Number	0030	

HANDLE . . . . . . . . . . . . .  	L WORD 	0006	DATA	Global
HINUM  . . . . . . . . . . . . .  	L WORD 	00F1	DATA	Global

IBMJAPAN . . . . . . . . . . . .  	Alias	 FALSE		
IBMVER . . . . . . . . . . . . .  	Alias	 TRUE		
INDEX  . . . . . . . . . . . . .  	L WORD 	0019	DATA	Global
INTBASE  . . . . . . . . . . . .  	Number	0080	
INTERNATIONAL  . . . . . . . . .  	Number	0038	
INTERNATIONAL_INVALID_FUNCTION .  	Alias	 ERROR_INVALID_FUNCTION		
INTERNAT_BLOCK_MAX . . . . . . .  	Number	0020	
INTTAB . . . . . . . . . . . . .  	Number	0020	
Microsoft (R) Macro Assembler  Version 4.00                 11/21/18 15:10:09
                                                            Symbols-9
                                                             

INT_ABORT  . . . . . . . . . . .  	Alias	 INTTAB		
INT_COMMAND  . . . . . . . . . .  	Number	0021	
INT_CTRL_C . . . . . . . . . . .  	Number	0023	
INT_DISK_READ  . . . . . . . . .  	Number	0025	
INT_DISK_WRITE . . . . . . . . .  	Number	0026	
INT_FASTCON  . . . . . . . . . .  	Number	0029	
INT_FATAL_ABORT  . . . . . . . .  	Number	0024	
INT_KEEP_PROCESS . . . . . . . .  	Number	0027	
INT_SPOOLER  . . . . . . . . . .  	Number	0028	
INT_TERMINATE  . . . . . . . . .  	Number	0022	
IOCTL  . . . . . . . . . . . . .  	Number	0044	
IOCTL_INVALID_DATA . . . . . . .  	Alias	 ERROR_INVALID_DATA		
IOCTL_INVALID_FUNCTION . . . . .  	Alias	 ERROR_INVALID_FUNCTION		
IOCTL_INVALID_HANDLE . . . . . .  	Alias	 ERROR_INVALID_HANDLE		

KEEP_PROCESS . . . . . . . . . .  	Number	0031	

LBRPRI . . . . . . . . . . . . .  	Number	0002	
LBWPRI . . . . . . . . . . . . .  	Number	0004	
LOCKOPER . . . . . . . . . . . .  	Number	005C	
LOWNUM . . . . . . . . . . . . .  	L WORD 	00EF	DATA	Global
LSEEK  . . . . . . . . . . . . .  	Number	0042	
LSEEK_INVALID_FUNCTION . . . . .  	Alias	 ERROR_INVALID_FUNCTION		
LSEEK_INVALID_HANDLE . . . . . .  	Alias	 ERROR_INVALID_HANDLE		

MEMFLG . . . . . . . . . . . . .  	L BYTE 	00EA	DATA	Global
MIDFLD . . . . . . . . . . . . .  	L BYTE 	0030	DATA	Global
MI_INT . . . . . . . . . . . . .  	Number	00CD	
MI_LONG_CALL . . . . . . . . . .  	Number	009A	
MI_LONG_JMP  . . . . . . . . . .  	Number	00EA	
MI_LONG_RET  . . . . . . . . . .  	Number	00CB	
MKDIR  . . . . . . . . . . . . .  	Number	0039	
MKDIR_ACCESS_DENIED  . . . . . .  	Alias	 ERROR_ACCESS_DENIED		
MKDIR_PATH_NOT_FOUND . . . . . .  	Alias	 ERROR_PATH_NOT_FOUND		
MODE . . . . . . . . . . . . . .  	L BYTE 	0031	DATA	Global
MOVFLG . . . . . . . . . . . . .  	L BYTE 	00EC	DATA	Global
MSVER  . . . . . . . . . . . . .  	Alias	 FALSE		

NEGFLG . . . . . . . . . . . . .  	L BYTE 	00E8	DATA	Global
NO_ERROR_OCCURRED  . . . . . . .  	Text  0                                                              ?		
NSEG . . . . . . . . . . . . . .  	L WORD 	0032	DATA	Global
NUMFLG . . . . . . . . . . . . .  	L BYTE 	00E9	DATA	Global

OEM  . . . . . . . . . . . . . .  	Text  		
OEM_C1 . . . . . . . . . . . . .  	Number	00F9	
OEM_C2 . . . . . . . . . . . . .  	Number	00FA	
OEM_C3 . . . . . . . . . . . . .  	Number	00FB	
OEM_C4 . . . . . . . . . . . . .  	Number	00FC	
OEM_C5 . . . . . . . . . . . . .  	Number	00FD	
OEM_C6 . . . . . . . . . . . . .  	Number	00FE	
OEM_C7 . . . . . . . . . . . . .  	Number	00FF	
OFFSAVE  . . . . . . . . . . . .  	L WORD 	0025	DATA	Global
OPBUF  . . . . . . . . . . . . .  	L BYTE 	0034	DATA	Global	Length = 0023
OPBUFLEN . . . . . . . . . . . .  	Number	0023	
Microsoft (R) Macro Assembler  Version 4.00                 11/21/18 15:10:09
                                                            Symbols-10
                                                             

OPCODE . . . . . . . . . . . . .  	L WORD 	002C	DATA	Global
OPEN . . . . . . . . . . . . . .  	Number	003D	
OPEN_ACCESS_DENIED . . . . . . .  	Alias	 ERROR_ACCESS_DENIED		
OPEN_FILE_NOT_FOUND  . . . . . .  	Alias	 ERROR_FILE_NOT_FOUND		
OPEN_FOR_BOTH  . . . . . . . . .  	Number	0002	
OPEN_FOR_READ  . . . . . . . . .  	Number	0000	
OPEN_FOR_WRITE . . . . . . . . .  	Number	0001	
OPEN_INVALID_ACCESS  . . . . . .  	Alias	 ERROR_INVALID_ACCESS		
OPEN_TOO_MANY_OPEN_FILES . . . .  	Alias	 ERROR_TOO_MANY_OPEN_FILES		

PARITYFLAG . . . . . . . . . . .  	L BYTE 	0000	DATA	Global
PARSERR  . . . . . . . . . . . .  	L BYTE 	000C	DATA	Global
PARSE_FILE_DESCRIPTOR  . . . . .  	Number	0029	
PROMPT . . . . . . . . . . . . .  	Number	002D	

RAW_CON_INPUT  . . . . . . . . .  	Number	0007	
RAW_CON_IO . . . . . . . . . . .  	Number	0006	
READ . . . . . . . . . . . . . .  	Number	003F	
READ_ACCESS_DENIED . . . . . . .  	Alias	 ERROR_ACCESS_DENIED		
READ_INVALID_HANDLE  . . . . . .  	Alias	 ERROR_INVALID_HANDLE		
REGFLG . . . . . . . . . . . . .  	L BYTE 	00EB	DATA	Global
REGMEM . . . . . . . . . . . . .  	L BYTE 	002F	DATA	Global
REGSAVE  . . . . . . . . . . . .  	L WORD 	0021	DATA	Global
REGTABLEN  . . . . . . . . . . .  	Number	000E	
RENAME . . . . . . . . . . . . .  	Number	0056	
RENAME_ACCESS_DENIED . . . . . .  	Alias	 ERROR_ACCESS_DENIED		
RENAME_FILE_NOT_FOUND  . . . . .  	Alias	 ERROR_FILE_NOT_FOUND		
RENAME_NOT_SAME_DEVICE . . . . .  	Alias	 ERROR_NOT_SAME_DEVICE		
RMDIR  . . . . . . . . . . . . .  	Number	003A	
RMDIR_ACCESS_DENIED  . . . . . .  	Alias	 ERROR_ACCESS_DENIED		
RMDIR_CURRENT_DIRECTORY  . . . .  	Alias	 ERROR_CURRENT_DIRECTORY		
RMDIR_PATH_NOT_FOUND . . . . . .  	Alias	 ERROR_PATH_NOT_FOUND		
RPRI . . . . . . . . . . . . . .  	Number	0006	

SEGDIF . . . . . . . . . . . . .  	Number	0000	
SEGFLG . . . . . . . . . . . . .  	L BYTE 	00EE	DATA	Global
SEGSAVE  . . . . . . . . . . . .  	L WORD 	0023	DATA	Global
SERVERCALL . . . . . . . . . . .  	Number	005D	
SETBLOCK . . . . . . . . . . . .  	Number	004A	
SETBLOCK_ARENA_TRASHED . . . . .  	Alias	 ERROR_ARENA_TRASHED		
SETBLOCK_INVALID_BLOCK . . . . .  	Alias	 ERROR_INVALID_BLOCK		
SETBLOCK_INVALID_FUNCTION  . . .  	Alias	 ERROR_INVALID_FUNCTION		
SETBLOCK_NOT_ENOUGH_MEMORY . . .  	Alias	 ERROR_NOT_ENOUGH_MEMORY		
SETCNTC  . . . . . . . . . . . .  	Alias	 TRUE		
SETDPB . . . . . . . . . . . . .  	Number	0053	
SET_CTRL_C_TRAPPING  . . . . . .  	Number	0033	
SET_CURRENT_PDB  . . . . . . . .  	Number	0050	
SET_DATE . . . . . . . . . . . .  	Number	002B	
SET_DEFAULT_DRIVE  . . . . . . .  	Number	000E	
SET_DMA  . . . . . . . . . . . .  	Number	001A	
SET_INTERRUPT_VECTOR . . . . . .  	Number	0025	
SET_OEM_HANDLER  . . . . . . . .  	Number	00F8	
SET_TIME . . . . . . . . . . . .  	Number	002D	
SET_VERIFY_ON_WRITE  . . . . . .  	Number	002E	
Microsoft (R) Macro Assembler  Version 4.00                 11/21/18 15:10:09
                                                            Symbols-11
                                                             

SF_DEFAULT_NUMBER  . . . . . . .  	Number	0005	
SIFLG  . . . . . . . . . . . . .  	L BYTE 	00E5	DATA	Global
SIREG  . . . . . . . . . . . . .  	Number	4953	
STDAUX . . . . . . . . . . . . .  	Number	0003	
STDERR . . . . . . . . . . . . .  	Number	0002	
STDIN  . . . . . . . . . . . . .  	Number	0000	
STDOUT . . . . . . . . . . . . .  	Number	0001	
STDPRN . . . . . . . . . . . . .  	Number	0004	
STD_AUX_INPUT  . . . . . . . . .  	Number	0003	
STD_AUX_OUTPUT . . . . . . . . .  	Number	0004	
STD_CON_INPUT  . . . . . . . . .  	Number	0001	
STD_CON_INPUT_FLUSH  . . . . . .  	Number	000C	
STD_CON_INPUT_NO_ECHO  . . . . .  	Number	0008	
STD_CON_INPUT_STATUS . . . . . .  	Number	000B	
STD_CON_OUTPUT . . . . . . . . .  	Number	0002	
STD_CON_STRING_INPUT . . . . . .  	Number	000A	
STD_CON_STRING_OUTPUT  . . . . .  	Number	0009	
STD_PRINTER_OUTPUT . . . . . . .  	Number	0005	
SWITCHAR . . . . . . . . . . . .  	L BYTE 	0003	DATA	Global
SYSVER . . . . . . . . . . . . .  	Alias	 FALSE		

TCOUNT . . . . . . . . . . . . .  	L WORD 	0059	DATA	Global
TEMP . . . . . . . . . . . . . .  	L BYTE 	0027	DATA	Global	Length = 0004
TRANSADD . . . . . . . . . . . .  	L DWORD	0008	DATA	Global
TRUE . . . . . . . . . . . . . .  	Number	FFFF	
TSTFLG . . . . . . . . . . . . .  	L BYTE 	00ED	DATA	Global

UNLINK . . . . . . . . . . . . .  	Number	0041	
UNLINK_ACCESS_DENIED . . . . . .  	Alias	 ERROR_ACCESS_DENIED		
UNLINK_FILE_NOT_FOUND  . . . . .  	Alias	 ERROR_FILE_NOT_FOUND		
USERIDOPER . . . . . . . . . . .  	Number	005E	

VER  . . . . . . . . . . . . . .  	Text  		

WAIT . . . . . . . . . . . . . .  	Number	004D	
WPRI . . . . . . . . . . . . . .  	Number	0008	
WRITE  . . . . . . . . . . . . .  	Number	0040	
WRITE_ACCESS_DENIED  . . . . . .  	Alias	 ERROR_ACCESS_DENIED		
WRITE_INVALID_HANDLE . . . . . .  	Alias	 ERROR_INVALID_HANDLE		

XDUP . . . . . . . . . . . . . .  	Number	0045	
XDUP2  . . . . . . . . . . . . .  	Number	0046	
XNXCMD . . . . . . . . . . . . .  	L BYTE 	0002	DATA	Global
XNXOPT . . . . . . . . . . . . .  	L BYTE 	0001	DATA	Global

ZIBO . . . . . . . . . . . . . .  	Alias	 TRUE		


   1394 Source  Lines
   1457 Total   Lines
    565 Symbols

  21416 Bytes symbol space free

      0 Warning Errors
      0 Severe  Errors
