Microsoft (R) Macro Assembler  Version 4.00                 11/21/18 15:24:53
FORMAT Messages                                             Page     1-1
                                                            

                                TITLE FORMAT Messages 
                                 
 = 0000                         FALSE   EQU     0 
 = FFFF                         TRUE    EQU     NOT FALSE 
                                 
 =                              IBMVER  EQU     FALSE 
                                 
                                .list 
                                 
 0000                           CODE    SEGMENT PUBLIC 'CODE' 
                                        ASSUME  CS:CODE,DS:CODE,ES:CODE 
                                 
                                        PUBLIC  BADVER,SNGMSG,SNGDRV,HRDMSG,HRD
				DRV,REPORT 
                                        PUBLIC  LABPRMT,TARGMSG,TARGDRV 
                                        PUBLIC  SYSTRAN,CRLFMSG,INVCHR,INVDRV,I
				NVPAR 
                                        PUBLIC  SYSMSG,SYSDRV,FRMTERR,NOTSYS,NO
				USE,MEMEX 
                                        PUBLIC  WAITYN 
                                        EXTRN   PRINT:NEAR,CRLF:NEAR,UNSCALE:NE
				AR,DISP32BITS:NEAR 
                                        EXTRN   FDSKSIZ:DWORD,SECSIZ:WORD,CLUSS
				IZ:WORD,SYSSIZ:DWORD 
                                        EXTRN   BADSIZ:DWORD 
                                 
                                        ;Wait for "Y" or "N" 
 0000                           WAITYN: 
 0000  BA 0121 R                        MOV     DX,OFFSET MORMSG        ;Point 
				to the message 
 0003  E8 0000 E                        CALL    PRINT                   ;And pr
				int it 
 0006  B8 0C01                          MOV     AX,(STD_CON_INPUT_FLUSH SHL 8) 
				OR STD_CON_INPUT 
                                                                        ;Flush 
				buffer and wait for keystroke 
 0009  CD 21                            INT     21H                     ;Input 
				character now a Y or N 
 000B  24 DF                            AND     AL,0DFH                 ;So low
				er case works too 
 000D  3C 59                            CMP     AL,"Y" 
 000F  74 0A                            JZ      WAIT20 
 0011  3C 4E                            CMP     AL,"N" 
 0013  74 05                            JZ      WAIT10 
 0015  E8 0000 E                        CALL    CRLF 
 0018  EB E6                            JMP     SHORT WAITYN 
 001A  F9                       WAIT10: STC 
 001B  C3                       WAIT20: RET 
                                 
                                 
                                ;********************************************* 
                                ; Make a status report including the following 
				information: 
                                ; Total disk capacity 
Microsoft (R) Macro Assembler  Version 4.00                 11/21/18 15:24:53
FORMAT Messages                                             Page     1-2
                                                            

                                ; Total system area used 
                                ; Total bad space allocated 
                                ; Total data space available 
                                ;NOTE: 
                                ;       The DISP32BITS routine prints the numbe
				r in DI:SI followed 
                                ;          by the message pointed to by BX. If 
				it is desired to print 
                                ;          a message before the number, point a
				t the message with DX 
                                ;          and call PRINT. 
                                 
 001C                           REPORT: 
 001C  A1 0000 E                        MOV     AX,WORD PTR FDSKSIZ 
 001F  F7 26 0000 E                     MUL     SECSIZ 
 0023  8B 0E 0000 E                     MOV     CX,CLUSSIZ 
 0027  E8 0000 E                        CALL    UNSCALE 
 002A  A3 0000 E                        MOV     WORD PTR FDSKSIZ,AX 
 002D  89 16 0002 E                     MOV     WORD PTR FDSKSIZ+2,DX 
 0031  8B F0                            MOV     SI,AX 
 0033  8B FA                            MOV     DI,DX 
 0035  BB 0284 R                        MOV     BX,OFFSET DSKSPC 
 0038  E8 0000 E                        CALL    DISP32BITS              ;Report
				 total disk space 
 003B  8B 36 0000 E                     MOV     SI,WORD PTR SYSSIZ 
 003F  8B 3E 0002 E                     MOV     DI,WORD PTR SYSSIZ+2 
 0043  83 FE 00                         CMP     SI,0 
 0046  75 05                            JNZ     SHOWSYS 
 0048  83 FF 00                         CMP     DI,0 
 004B  74 06                            JZ      CHKBAD 
 004D                           SHOWSYS: 
 004D  BB 029E R                        MOV     BX,OFFSET SYSSPC 
 0050  E8 0000 E                        CALL    DISP32BITS              ;Report
				 space used by system 
 0053                           CHKBAD: 
 0053  8B 36 0000 E                     MOV     SI,WORD PTR BADSIZ 
 0057  8B 3E 0002 E                     MOV     DI,WORD PTR BADSIZ+2 
 005B  83 FE 00                         CMP     SI,0 
 005E  75 05                            JNZ     SHOWBAD 
 0060  83 FF 00                         CMP     DI,0 
 0063  74 06                            JZ      SHOWDATA 
 0065                           SHOWBAD: 
 0065  BB 02B6 R                        MOV     BX,OFFSET BADSPC 
 0068  E8 0000 E                        CALL    DISP32BITS              ;Report
				 space used by bad sectors 
 006B                           SHOWDATA: 
 006B  8B 0E 0000 E                     MOV     CX,WORD PTR FDSKSIZ 
 006F  8B 1E 0002 E                     MOV     BX,WORD PTR FDSKSIZ+2 
 0073  2B 0E 0000 E                     SUB     CX,WORD PTR BADSIZ 
 0077  1B 1E 0002 E                     SBB     BX,WORD PTR BADSIZ+2 
 007B  2B 0E 0000 E                     SUB     CX,WORD PTR SYSSIZ 
 007F  1B 1E 0002 E                     SBB     BX,WORD PTR SYSSIZ+2 
 0083  8B F1                            MOV     SI,CX 
 0085  8B FB                            MOV     DI,BX 
Microsoft (R) Macro Assembler  Version 4.00                 11/21/18 15:24:53
FORMAT Messages                                             Page     1-3
                                                            

 0087  BB 02CE R                        MOV     BX,OFFSET DATASPC 
 008A  E8 0000 E                        CALL    DISP32BITS              ;Report
				 space left for user 
 008D  C3                               RET 
                                 
                                 
 008E  49 6E 63 6F 72 72 65     BADVER  DB      "Incorrect DOS version",13,10,"
				$" 
       63 74 20 44 4F 53 20     
       76 65 72 73 69 6F 6E     
       0D 0A 24                 
 00A6  49 6E 73 65 72 74 20     SNGMSG  DB      "Insert new diskette for drive 
				" 
       6E 65 77 20 64 69 73     
       6B 65 74 74 65 20 66     
       6F 72 20 64 72 69 76     
       65 20                    
 00C4  78 3A 0D 0A 61 6E 64     SNGDRV  DB      "x:",13,10,"and strike any key 
				when ready$" 
       20 73 74 72 69 6B 65     
       20 61 6E 79 20 6B 65     
       79 20 77 68 65 6E 20     
       72 65 61 64 79 24        
 00E6  50 72 65 73 73 20 61     HRDMSG  DB      "Press any key to begin formatt
				ing " 
       6E 79 20 6B 65 79 20     
       74 6F 20 62 65 67 69     
       6E 20 66 6F 72 6D 61     
       74 74 69 6E 67 20        
 0108  78 3A 20 24              HRDDRV  DB      "x: $" 
 010C  53 79 73 74 65 6D 20     SYSTRAN DB      "System transferred",13,10,"$" 
       74 72 61 6E 73 66 65     
       72 72 65 64 0D 0A 24     
 0121  46 6F 72 6D 61 74 20     MORMSG  DB      "Format another (Y/N)?$" 
       61 6E 6F 74 68 65 72     
       20 28 59 2F 4E 29 3F     
       24                       
 0137  0D 0A 24                 CRLFMSG DB      13,10,"$" 
 013A  49 6E 76 61 6C 69 64     INVCHR  DB      "Invalid characters in volume l
				abel",13,10,"$" 
       20 63 68 61 72 61 63     
       74 65 72 73 20 69 6E     
       20 76 6F 6C 75 6D 65     
       20 6C 61 62 65 6C 0D     
       0A 24                    
 015F  49 6E 76 61 6C 69 64     INVDRV  DB      "Invalid drive specification$" 
       20 64 72 69 76 65 20     
       73 70 65 63 69 66 69     
       63 61 74 69 6F 6E 24     
                                
 017B  49 6E 76 61 6C 69 64     INVPAR  DB      "Invalid parameter$" 
       20 70 61 72 61 6D 65     
       74 65 72 24              
 018D  52 65 2D 69 6E 73 65     TARGMSG DB      "Re-insert diskette for drive "
Microsoft (R) Macro Assembler  Version 4.00                 11/21/18 15:24:53
FORMAT Messages                                             Page     1-4
                                                            

				 
       72 74 20 64 69 73 6B     
       65 74 74 65 20 66 6F     
       72 20 64 72 69 76 65     
       20                       
 01AA  78 3A 0D 0A 61 6E 64     TARGDRV DB      "x:",13,10,"and strike any key 
				when ready$" 
       20 73 74 72 69 6B 65     
       20 61 6E 79 20 6B 65     
       79 20 77 68 65 6E 20     
       72 65 61 64 79 24        
 01CC  49 6E 73 65 72 74 20     SYSMSG  DB      "Insert DOS disk in drive " 
       44 4F 53 20 64 69 73     
       6B 20 69 6E 20 64 72     
       69 76 65 20              
 01E5  78 3A 0D 0A 61 6E 64     SYSDRV  DB      "x:",13,10,"and strike any key 
				when ready$" 
       20 73 74 72 69 6B 65     
       20 61 6E 79 20 6B 65     
       79 20 77 68 65 6E 20     
       72 65 61 64 79 24        
 0207  46 6F 72 6D 61 74 20     FRMTERR DB      "Format failure",13,10,13,10,"$
				" 
       66 61 69 6C 75 72 65     
       0D 0A 0D 0A 24           
 021A  44 69 73 6B 20 75 6E     NOTSYS  DB      "Disk unsuitable for system dis
				k",13,10,"$" 
       73 75 69 74 61 62 6C     
       65 20 66 6F 72 20 73     
       79 73 74 65 6D 20 64     
       69 73 6B 0D 0A 24        
 023C  54 72 61 63 6B 20 30     NOUSE   DB      "Track 0 bad - disk unusable",1
				3,10,"$" 
       20 62 61 64 20 2D 20     
       64 69 73 6B 20 75 6E     
       75 73 61 62 6C 65 0D     
       0A 24                    
 025A  49 6E 73 75 66 66 69     MEMEX   DB      "Insufficient memory for system
				 transfer",13,10,"$" 
       63 69 65 6E 74 20 6D     
       65 6D 6F 72 79 20 66     
       6F 72 20 73 79 73 74     
       65 6D 20 74 72 61 6E     
       73 66 65 72 0D 0A 24     
                                 
                                ;Report messages 
 0284  20 62 79 74 65 73 20     DSKSPC  DB      " bytes total disk space",13,10
				,"$" 
       74 6F 74 61 6C 20 64     
       69 73 6B 20 73 70 61     
       63 65 0D 0A 24           
 029E  20 62 79 74 65 73 20     SYSSPC  DB      " bytes used by system",13,10,"
				$" 
       75 73 65 64 20 62 79     
Microsoft (R) Macro Assembler  Version 4.00                 11/21/18 15:24:53
FORMAT Messages                                             Page     1-5
                                                            

       20 73 79 73 74 65 6D     
       0D 0A 24                 
 02B6  20 62 79 74 65 73 20     BADSPC  DB      " bytes in bad sectors",13,10,"
				$" 
       69 6E 20 62 61 64 20     
       73 65 63 74 6F 72 73     
       0D 0A 24                 
 02CE  20 62 79 74 65 73 20     DATASPC DB      " bytes available on disk",13,1
				0,13,10,"$" 
       61 76 61 69 6C 61 62     
       6C 65 20 6F 6E 20 64     
       69 73 6B 0D 0A 0D 0A     
       24                       
                                 
                                        ENDIF 
                                 
 02EB  56 6F 6C 75 6D 65 20     LABPRMT DB      "Volume label (11 characters, E
				NTER for none)? $" 
       6C 61 62 65 6C 20 28     
       31 31 20 63 68 61 72     
       61 63 74 65 72 73 2C     
       20 45 4E 54 45 52 20     
       66 6F 72 20 6E 6F 6E     
       65 29 3F 20 24           
                                 
                                 
 031A                           CODE    ENDS 
                                        END 

Microsoft (R) Macro Assembler  Version 4.00                 11/21/18 15:24:53
FORMAT Messages                                             Symbols-1
                                                             

Macros:

		N a m e			Lines

BREAK  . . . . . . . . . . . . .  	   2
CONDRET  . . . . . . . . . . . .  	  19
CONTEXT  . . . . . . . . . . . .  	   3
DO_EXT . . . . . . . . . . . . .  	   0
ENTRY  . . . . . . . . . . . . .  	   2
ERROR  . . . . . . . . . . . . .  	   4
INVOKE . . . . . . . . . . . . .  	   8
I_AM . . . . . . . . . . . . . .  	  14
I_NEED . . . . . . . . . . . . .  	  11
JUMP . . . . . . . . . . . . . .  	  17
LONG_ADDR  . . . . . . . . . . .  	   7
MAKELAB  . . . . . . . . . . . .  	   4
PROCEDURE  . . . . . . . . . . .  	   2
RETC . . . . . . . . . . . . . .  	   1
RETNC  . . . . . . . . . . . . .  	   1
RETNZ  . . . . . . . . . . . . .  	   1
RETURN . . . . . . . . . . . . .  	   5
RETZ . . . . . . . . . . . . . .  	   1
SHORT_ADDR . . . . . . . . . . .  	  12
TRANSFER . . . . . . . . . . . .  	   8

Structures and Records:

                N a m e                 Width   # fields
                                        Shift   Width   Mask    Initial

ARENA  . . . . . . . . . . . . .  	0005	0003
  ARENA_SIGNATURE  . . . . . . .  	0000
  ARENA_OWNER  . . . . . . . . .  	0001
  ARENA_SIZE . . . . . . . . . .  	0003
BPBLOCK  . . . . . . . . . . . .  	000D	0008
  BPSECSZ  . . . . . . . . . . .  	0000
  BPCLUS . . . . . . . . . . . .  	0002
  BPRES  . . . . . . . . . . . .  	0003
  BPFTCNT  . . . . . . . . . . .  	0005
  BPDRCNT  . . . . . . . . . . .  	0006
  BPSCCNT  . . . . . . . . . . .  	0008
  BPMEDIA  . . . . . . . . . . .  	000A
  BPFTSEC  . . . . . . . . . . .  	000B
BUFFINFO . . . . . . . . . . . .  	0010	0009
  NEXTBUF  . . . . . . . . . . .  	0000
  BUFDRV . . . . . . . . . . . .  	0004
  BUFDIRTY . . . . . . . . . . .  	0005
  BUFPRI . . . . . . . . . . . .  	0006
  VISIT  . . . . . . . . . . . .  	0007
  BUFSECNO . . . . . . . . . . .  	0008
  BUFWRTCNT  . . . . . . . . . .  	000A
  BUFWRTINC  . . . . . . . . . .  	000B
  BUFDRVDP . . . . . . . . . . .  	000C
DIR_ENTRY  . . . . . . . . . . .  	0020	0008
Microsoft (R) Macro Assembler  Version 4.00                 11/21/18 15:24:53
FORMAT Messages                                             Symbols-2
                                                             

  DIR_NAME . . . . . . . . . . .  	0000
  DIR_ATTR . . . . . . . . . . .  	000B
  DIR_PAD  . . . . . . . . . . .  	000C
  DIR_TIME . . . . . . . . . . .  	0016
  DIR_DATE . . . . . . . . . . .  	0018
  DIR_FIRST  . . . . . . . . . .  	001A
  DIR_SIZE_L . . . . . . . . . .  	001C
  DIR_SIZE_H . . . . . . . . . .  	001E
DPB  . . . . . . . . . . . . . .  	005E	0012
  DPB_DRIVE  . . . . . . . . . .  	0000
  DPB_UNIT . . . . . . . . . . .  	0001
  DPB_SECTOR_SIZE  . . . . . . .  	0002
  DPB_CLUSTER_MASK . . . . . . .  	0004
  DPB_CLUSTER_SHIFT  . . . . . .  	0005
  DPB_FIRST_FAT  . . . . . . . .  	0006
  DPB_FAT_COUNT  . . . . . . . .  	0008
  DPB_ROOT_ENTRIES . . . . . . .  	0009
  DPB_FIRST_SECTOR . . . . . . .  	000B
  DPB_MAX_CLUSTER  . . . . . . .  	000D
  DPB_FAT_SIZE . . . . . . . . .  	000F
  DPB_DIR_SECTOR . . . . . . . .  	0010
  DPB_DRIVER_ADDR  . . . . . . .  	0012
  DPB_MEDIA  . . . . . . . . . .  	0016
  DPB_FIRST_ACCESS . . . . . . .  	0017
  DPB_NEXT_DPB . . . . . . . . .  	0018
  DPB_CURRENT_DIR  . . . . . . .  	001C
  DPB_DIR_TEXT . . . . . . . . .  	001E
EXEC0  . . . . . . . . . . . . .  	000E	0004
  EXEC0_ENVIRON  . . . . . . . .  	0000
  EXEC0_COM_LINE . . . . . . . .  	0002
  EXEC0_5C_FCB . . . . . . . . .  	0006
  EXEC0_6C_FCB . . . . . . . . .  	000A
EXEC1  . . . . . . . . . . . . .  	0016	0008
  EXEC1_ENVIRON  . . . . . . . .  	0000
  EXEC1_COM_LINE . . . . . . . .  	0002
  EXEC1_5C_FCB . . . . . . . . .  	0006
  EXEC1_6C_FCB . . . . . . . . .  	000A
  EXEC1_SP . . . . . . . . . . .  	000E
  EXEC1_SS . . . . . . . . . . .  	0010
  EXEC1_IP . . . . . . . . . . .  	0012
  EXEC1_CS . . . . . . . . . . .  	0014
EXEC3  . . . . . . . . . . . . .  	0004	0002
  EXEC3_LOAD_ADDR  . . . . . . .  	0000
  EXEC3_RELOC_FAC  . . . . . . .  	0002
EXE_FILE . . . . . . . . . . . .  	0020	000F
  EXE_SIGNATURE  . . . . . . . .  	0000
  EXE_LEN_MOD_512  . . . . . . .  	0002
  EXE_PAGES  . . . . . . . . . .  	0004
  EXE_RLE_COUNT  . . . . . . . .  	0006
  EXE_PAR_DIR  . . . . . . . . .  	0008
  EXE_MIN_BSS  . . . . . . . . .  	000A
  EXE_MAX_BSS  . . . . . . . . .  	000C
  EXE_SS . . . . . . . . . . . .  	000E
  EXE_SP . . . . . . . . . . . .  	0010
Microsoft (R) Macro Assembler  Version 4.00                 11/21/18 15:24:53
FORMAT Messages                                             Symbols-3
                                                             

  EXE_CHKSUM . . . . . . . . . .  	0012
  EXE_IP . . . . . . . . . . . .  	0014
  EXE_CS . . . . . . . . . . . .  	0016
  EXE_RLE_TABLE  . . . . . . . .  	0018
  EXE_IOV  . . . . . . . . . . .  	001A
  EXE_SYM_TAB  . . . . . . . . .  	001C
FIND_BUF . . . . . . . . . . . .  	002B	000C
  FIND_BUF_SATTR . . . . . . . .  	0000
  FIND_BUF_DRIVE . . . . . . . .  	0001
  FIND_BUF_NAME  . . . . . . . .  	0002
  FIND_BUF_LASTENT . . . . . . .  	000D
  FIND_BUF_THISDPB . . . . . . .  	000F
  FIND_BUF_DIRSTART  . . . . . .  	0013
  FIND_BUF_ATTR  . . . . . . . .  	0015
  FIND_BUF_TIME  . . . . . . . .  	0016
  FIND_BUF_DATE  . . . . . . . .  	0018
  FIND_BUF_SIZE_L  . . . . . . .  	001A
  FIND_BUF_SIZE_H  . . . . . . .  	001C
  FIND_BUF_PNAME . . . . . . . .  	001E
INTERNAT_BLOCK . . . . . . . . .  	0018	0015
  DATE_TIM_FORMAT  . . . . . . .  	0000
  CURRENCY_SYM . . . . . . . . .  	0002
  THOUS_SEP  . . . . . . . . . .  	0007
  DECIMAL_SEP  . . . . . . . . .  	0009
  DATE_SEP . . . . . . . . . . .  	000B
  TIME_SEP . . . . . . . . . . .  	000D
  BIT_FEILD  . . . . . . . . . .  	000F
  CURRENCY_CENTS . . . . . . . .  	0010
  TIME_24  . . . . . . . . . . .  	0011
  MAP_CALL . . . . . . . . . . .  	0012
  DATA_SEP . . . . . . . . . . .  	0016
PROCESS_DATA_BLOCK . . . . . . .  	005B	000E
  PDB_EXIT_CALL  . . . . . . . .  	0000
  PDB_BLOCK_LEN  . . . . . . . .  	0002
  PDB_CPM_CALL . . . . . . . . .  	0005
  PDB_EXIT . . . . . . . . . . .  	000A
  PDB_CTRL_C . . . . . . . . . .  	000E
  PDB_FATAL_ABORT  . . . . . . .  	0012
  PDB_PARENT_PID . . . . . . . .  	0016
  PDB_JFN_TABLE  . . . . . . . .  	0018
  PDB_ENVIRON  . . . . . . . . .  	002C
  PDB_USER_STACK . . . . . . . .  	002E
  PDB_PAD1 . . . . . . . . . . .  	0032
  PDB_CALL_SYSTEM  . . . . . . .  	0050
  PDB_PAD2 . . . . . . . . . . .  	0055
SFT  . . . . . . . . . . . . . .  	0008	0003
  SFT_LINK . . . . . . . . . . .  	0000
  SFT_COUNT  . . . . . . . . . .  	0004
  SFT_TABLE  . . . . . . . . . .  	0006
SF_ENTRY . . . . . . . . . . . .  	0028	0004
  SF_REF_COUNT . . . . . . . . .  	0000
  SF_MODE  . . . . . . . . . . .  	0001
  SF_ATTR  . . . . . . . . . . .  	0002
  SF_FCB . . . . . . . . . . . .  	0003
Microsoft (R) Macro Assembler  Version 4.00                 11/21/18 15:24:53
FORMAT Messages                                             Symbols-4
                                                             

SYMBOL_ENTRY . . . . . . . . . .  	0106	0004
  SYM_VALUE  . . . . . . . . . .  	0000
  SYM_TYPE . . . . . . . . . . .  	0004
  SYM_LEN  . . . . . . . . . . .  	0006
  SYM_NAME . . . . . . . . . . .  	0007
SYS_FCB  . . . . . . . . . . . .  	0025	0010
  FCB_DRIVE  . . . . . . . . . .  	0000
  FCB_NAME . . . . . . . . . . .  	0001
  FCB_EXT  . . . . . . . . . . .  	0009
  FCB_EXTENT . . . . . . . . . .  	000C
  FCB_RECSIZ . . . . . . . . . .  	000E
  FCB_FILSIZ . . . . . . . . . .  	0010
  FCB_DRVBP  . . . . . . . . . .  	0012
  FCB_FDATE  . . . . . . . . . .  	0014
  FCB_FTIME  . . . . . . . . . .  	0016
  FCB_DEVID  . . . . . . . . . .  	0018
  FCB_FIRCLUS  . . . . . . . . .  	0019
  FCB_CLUSPOS  . . . . . . . . .  	001B
  FCB_LSTCLUS  . . . . . . . . .  	001D
  FCB_NR . . . . . . . . . . . .  	0020
  FCB_RR . . . . . . . . . . . .  	0021
USER_ENVIRON . . . . . . . . . .  	0018	000C
  USER_AX  . . . . . . . . . . .  	0000
  USER_BX  . . . . . . . . . . .  	0002
  USER_CX  . . . . . . . . . . .  	0004
  USER_DX  . . . . . . . . . . .  	0006
  USER_SI  . . . . . . . . . . .  	0008
  USER_DI  . . . . . . . . . . .  	000A
  USER_BP  . . . . . . . . . . .  	000C
  USER_DS  . . . . . . . . . . .  	000E
  USER_ES  . . . . . . . . . . .  	0010
  USER_IP  . . . . . . . . . . .  	0012
  USER_CS  . . . . . . . . . . .  	0014
  USER_F . . . . . . . . . . . .  	0016

Segments and Groups:

                N a m e         	Size	Align	Combine Class

CODE . . . . . . . . . . . . . .  	031A	PARA	PUBLIC	'CODE'

Symbols:            

                N a m e         	Type	Value	Attr         

ABORT  . . . . . . . . . . . . .  	Number	0000	
ADDR_INT_ABORT . . . . . . . . .  	Number	0080	
ADDR_INT_COMMAND . . . . . . . .  	Number	0084	
ADDR_INT_CTRL_C  . . . . . . . .  	Number	008C	
ADDR_INT_DISK_READ . . . . . . .  	Number	0094	
ADDR_INT_DISK_WRITE  . . . . . .  	Number	0098	
ADDR_INT_FASTCON . . . . . . . .  	Number	00A4	
ADDR_INT_FATAL_ABORT . . . . . .  	Number	0090	
ADDR_INT_KEEP_PROCESS  . . . . .  	Number	009C	
Microsoft (R) Macro Assembler  Version 4.00                 11/21/18 15:24:53
FORMAT Messages                                             Symbols-5
                                                             

ADDR_INT_SPOOLER . . . . . . . .  	Number	00A0	
ADDR_INT_TERMINATE . . . . . . .  	Number	0088	
ALLOC  . . . . . . . . . . . . .  	Number	0048	
ALLOCOPER  . . . . . . . . . . .  	Number	0058	
ALLOC_ARENA_TRASHED  . . . . . .  	Alias	 ERROR_ARENA_TRASHED		
ALLOC_NOT_ENOUGH_MEMORY  . . . .  	Alias	 ERROR_NOT_ENOUGH_MEMORY		
ALTVECT  . . . . . . . . . . . .  	Number	0000	
ARENA_OWNER_SYSTEM . . . . . . .  	Number	0000	
ARENA_SIGNATURE_END  . . . . . .  	Number	005A	
ARENA_SIGNATURE_NORMAL . . . . .  	Number	004D	
ASSIGNOPER . . . . . . . . . . .  	Number	005F	
ATTR_ALL . . . . . . . . . . . .  	Number	0016	
ATTR_ARCHIVE . . . . . . . . . .  	Number	0020	
ATTR_CHANGEABLE  . . . . . . . .  	Number	0027	
ATTR_DIRECTORY . . . . . . . . .  	Number	0010	
ATTR_HIDDEN  . . . . . . . . . .  	Number	0002	
ATTR_IGNORE  . . . . . . . . . .  	Number	0021	
ATTR_READ_ONLY . . . . . . . . .  	Number	0001	
ATTR_SYSTEM  . . . . . . . . . .  	Number	0004	
ATTR_VOLUME_ID . . . . . . . . .  	Number	0008	

BADSIZ . . . . . . . . . . . . .  	V DWORD	0000	CODE	External
BADSPC . . . . . . . . . . . . .  	L BYTE 	02B6	CODE
BADVER . . . . . . . . . . . . .  	L BYTE 	008E	CODE	Global
BUFINSIZ . . . . . . . . . . . .  	Number	0010	

CHAR_OPER  . . . . . . . . . . .  	Number	0037	
CHDIR  . . . . . . . . . . . . .  	Number	003B	
CHDIR_PATH_NOT_FOUND . . . . . .  	Alias	 ERROR_PATH_NOT_FOUND		
CHKBAD . . . . . . . . . . . . .  	L NEAR	0053	CODE
CHMOD  . . . . . . . . . . . . .  	Number	0043	
CHMOD_ACCESS_DENIED  . . . . . .  	Alias	 ERROR_ACCESS_DENIED		
CHMOD_INVALID_FUNCTION . . . . .  	Alias	 ERROR_INVALID_FUNCTION		
CHMOD_PATH_NOT_FOUND . . . . . .  	Alias	 ERROR_PATH_NOT_FOUND		
CLOSE  . . . . . . . . . . . . .  	Number	003E	
CLOSE_INVALID_FUNCTION . . . . .  	Alias	 ERROR_INVALID_FUNCTION		
CLOSE_INVALID_HANDLE . . . . . .  	Alias	 ERROR_INVALID_HANDLE		
CLUSSIZ  . . . . . . . . . . . .  	V WORD 	0000	CODE	External
COUNTRY_NOT_FOUND  . . . . . . .  	Alias	 ERROR_FILE_NOT_FOUND		
CREAT  . . . . . . . . . . . . .  	Number	003C	
CREATENEWFILE  . . . . . . . . .  	Number	005B	
CREATETEMPFILE . . . . . . . . .  	Number	005A	
CREATE_PROCESS_DATA_BLOCK  . . .  	Number	0026	
CREAT_ACCESS_DENIED  . . . . . .  	Alias	 ERROR_ACCESS_DENIED		
CREAT_PATH_NOT_FOUND . . . . . .  	Alias	 ERROR_PATH_NOT_FOUND		
CREAT_TOO_MANY_OPEN_FILES  . . .  	Alias	 ERROR_TOO_MANY_OPEN_FILES		
CRLF . . . . . . . . . . . . . .  	L NEAR	0000	CODE	External
CRLFMSG  . . . . . . . . . . . .  	L BYTE 	0137	CODE	Global
CURDIR_INVALID_DRIVE . . . . . .  	Alias	 ERROR_INVALID_DRIVE		
CURRENT_DIR  . . . . . . . . . .  	Number	0047	
C_BS . . . . . . . . . . . . . .  	Number	0008	
C_CR . . . . . . . . . . . . . .  	Number	000D	
C_DEL  . . . . . . . . . . . . .  	Number	007F	
C_ETB  . . . . . . . . . . . . .  	Number	0017	
Microsoft (R) Macro Assembler  Version 4.00                 11/21/18 15:24:53
FORMAT Messages                                             Symbols-6
                                                             

C_ETX  . . . . . . . . . . . . .  	Number	0003	
C_HT . . . . . . . . . . . . . .  	Number	0009	
C_LF . . . . . . . . . . . . . .  	Number	000A	
C_NAK  . . . . . . . . . . . . .  	Number	0015	

DATASPC  . . . . . . . . . . . .  	L BYTE 	02CE	CODE
DEALLOC  . . . . . . . . . . . .  	Number	0049	
DEALLOC_ARENA_TRASHED  . . . . .  	Alias	 ERROR_ARENA_TRASHED		
DEALLOC_INVALID_BLOCK  . . . . .  	Alias	 ERROR_INVALID_BLOCK		
DEVID_BLOCK_DEV  . . . . . . . .  	Number	001F	
DEVID_DEVICE . . . . . . . . . .  	Number	0080	
DEVID_DEVICE_CLOCK . . . . . . .  	Number	0008	
DEVID_DEVICE_CON_IN  . . . . . .  	Number	0001	
DEVID_DEVICE_CON_OUT . . . . . .  	Number	0002	
DEVID_DEVICE_EOF . . . . . . . .  	Number	0040	
DEVID_DEVICE_NULL  . . . . . . .  	Number	0004	
DEVID_DEVICE_RAW . . . . . . . .  	Number	0020	
DEVID_DEVICE_SPECIAL . . . . . .  	Number	0010	
DEVID_EOF  . . . . . . . . . . .  	Number	0040	
DEVID_FILE_CLEAN . . . . . . . .  	Number	0040	
DEVID_FILE_MASK_DRIVE  . . . . .  	Number	003F	
DEVID_ISCIN  . . . . . . . . . .  	Number	0001	
DEVID_ISCLK  . . . . . . . . . .  	Number	0008	
DEVID_ISCOT  . . . . . . . . . .  	Number	0002	
DEVID_ISDEV  . . . . . . . . . .  	Number	0080	
DEVID_ISNUL  . . . . . . . . . .  	Number	0004	
DEVID_RAW  . . . . . . . . . . .  	Number	0020	
DEVID_SPECIAL  . . . . . . . . .  	Number	0010	
DIRPRI . . . . . . . . . . . . .  	Number	000F	
DIRSTRLEN  . . . . . . . . . . .  	Number	0040	
DIR_SEARCH_FIRST . . . . . . . .  	Number	0011	
DIR_SEARCH_NEXT  . . . . . . . .  	Number	0012	
DISK_RESET . . . . . . . . . . .  	Number	000D	
DISP32BITS . . . . . . . . . . .  	L NEAR	0000	CODE	External
DOSVER . . . . . . . . . . . . .  	Number	00D3	
DOS_MAJOR_VERSION  . . . . . . .  	Number	0002	
DOS_MINOR_VERSION  . . . . . . .  	Number	000B	
DPBSIZ . . . . . . . . . . . . .  	Number	005E	
DSKSIZ . . . . . . . . . . . . .  	Number	000D	
DSKSPC . . . . . . . . . . . . .  	L BYTE 	0284	CODE
DUP2_INVALID_HANDLE  . . . . . .  	Alias	 ERROR_INVALID_HANDLE		
DUP_INVALID_HANDLE . . . . . . .  	Alias	 ERROR_INVALID_HANDLE		
DUP_PDB  . . . . . . . . . . . .  	Number	0055	
DUP_TOO_MANY_OPEN_FILES  . . . .  	Alias	 ERROR_TOO_MANY_OPEN_FILES		

ENTRYPOINT . . . . . . . . . . .  	Number	00C0	
ERROR_ACCESS_DENIED  . . . . . .  	Number	0005	
ERROR_ARENA_TRASHED  . . . . . .  	Number	0007	
ERROR_BAD_ENVIRONMENT  . . . . .  	Number	000A	
ERROR_BAD_FORMAT . . . . . . . .  	Number	000B	
ERROR_CURRENT_DIRECTORY  . . . .  	Number	0010	
ERROR_FILE_NOT_FOUND . . . . . .  	Number	0002	
ERROR_INVALID_ACCESS . . . . . .  	Number	000C	
ERROR_INVALID_BLOCK  . . . . . .  	Number	0009	
Microsoft (R) Macro Assembler  Version 4.00                 11/21/18 15:24:53
FORMAT Messages                                             Symbols-7
                                                             

ERROR_INVALID_DATA . . . . . . .  	Number	000D	
ERROR_INVALID_DRIVE  . . . . . .  	Number	000F	
ERROR_INVALID_FUNCTION . . . . .  	Number	0001	
ERROR_INVALID_HANDLE . . . . . .  	Number	0006	
ERROR_NOT_ENOUGH_MEMORY  . . . .  	Number	0008	
ERROR_NOT_SAME_DEVICE  . . . . .  	Number	0011	
ERROR_NO_MORE_FILES  . . . . . .  	Number	0012	
ERROR_PATH_NOT_FOUND . . . . . .  	Number	0003	
ERROR_TOO_MANY_OPEN_FILES  . . .  	Number	0004	
EXEC . . . . . . . . . . . . . .  	Number	004B	
EXEC_BAD_ENVIRONMENT . . . . . .  	Alias	 ERROR_BAD_ENVIRONMENT		
EXEC_BAD_FORMAT  . . . . . . . .  	Alias	 ERROR_BAD_FORMAT		
EXEC_FILE_NOT_FOUND  . . . . . .  	Alias	 ERROR_FILE_NOT_FOUND		
EXEC_FUNC_NO_EXECUTE . . . . . .  	Number	0001	
EXEC_FUNC_OVERLAY  . . . . . . .  	Number	0002	
EXEC_INVALID_FUNCTION  . . . . .  	Alias	 ERROR_INVALID_FUNCTION		
EXEC_NOT_ENOUGH_MEMORY . . . . .  	Alias	 ERROR_NOT_ENOUGH_MEMORY		
EXE_VALID_OLD_SIGNATURE  . . . .  	Number	4D5A	
EXE_VALID_SIGNATURE  . . . . . .  	Number	5A4D	
EXIT . . . . . . . . . . . . . .  	Number	004C	
EXIT_ABORT . . . . . . . . . . .  	Number	0000	
EXIT_CTRL_C  . . . . . . . . . .  	Number	0001	
EXIT_HARD_ERROR  . . . . . . . .  	Number	0002	
EXIT_KEEP_PROCESS  . . . . . . .  	Number	0003	
EXIT_TERMINATE . . . . . . . . .  	Number	0000	

FALSE  . . . . . . . . . . . . .  	Number	0000	
FATPRI . . . . . . . . . . . . .  	Number	001E	
FCB_CLOSE  . . . . . . . . . . .  	Number	0010	
FCB_CREATE . . . . . . . . . . .  	Number	0016	
FCB_DELETE . . . . . . . . . . .  	Number	0013	
FCB_OPEN . . . . . . . . . . . .  	Number	000F	
FCB_RANDOM_READ  . . . . . . . .  	Number	0021	
FCB_RANDOM_READ_BLOCK  . . . . .  	Number	0027	
FCB_RANDOM_WRITE . . . . . . . .  	Number	0022	
FCB_RANDOM_WRITE_BLOCK . . . . .  	Number	0028	
FCB_RENAME . . . . . . . . . . .  	Number	0017	
FCB_SEQ_READ . . . . . . . . . .  	Number	0014	
FCB_SEQ_WRITE  . . . . . . . . .  	Number	0015	
FDSKSIZ  . . . . . . . . . . . .  	V DWORD	0000	CODE	External
FILDIRENT  . . . . . . . . . . .  	Number	0010	
FILETIMES_INVALID_FUNCTION . . .  	Alias	 ERROR_INVALID_FUNCTION		
FILETIMES_INVALID_HANDLE . . . .  	Alias	 ERROR_INVALID_HANDLE		
FILE_TIMES . . . . . . . . . . .  	Number	0057	
FILPERPROC . . . . . . . . . . .  	Number	0014	
FINDFIRST_FILE_NOT_FOUND . . . .  	Alias	 ERROR_FILE_NOT_FOUND		
FINDFIRST_NO_MORE_FILES  . . . .  	Alias	 ERROR_NO_MORE_FILES		
FINDNEXT_NO_MORE_FILES . . . . .  	Alias	 ERROR_NO_MORE_FILES		
FIND_FIRST . . . . . . . . . . .  	Number	004E	
FIND_NEXT  . . . . . . . . . . .  	Number	004F	
FREEPRI  . . . . . . . . . . . .  	Number	0000	
FRMTERR  . . . . . . . . . . . .  	L BYTE 	0207	CODE	Global

GETEXTENDEDERROR . . . . . . . .  	Number	0059	
Microsoft (R) Macro Assembler  Version 4.00                 11/21/18 15:24:53
FORMAT Messages                                             Symbols-8
                                                             

GET_CURRENT_PDB  . . . . . . . .  	Number	0051	
GET_DATE . . . . . . . . . . . .  	Number	002A	
GET_DEFAULT_DPB  . . . . . . . .  	Number	001F	
GET_DEFAULT_DRIVE  . . . . . . .  	Number	0019	
GET_DMA  . . . . . . . . . . . .  	Number	002F	
GET_DPB  . . . . . . . . . . . .  	Number	0032	
GET_DRIVE_FREESPACE  . . . . . .  	Number	0036	
GET_FCB_FILE_LENGTH  . . . . . .  	Number	0023	
GET_FCB_POSITION . . . . . . . .  	Number	0024	
GET_INDOS_FLAG . . . . . . . . .  	Number	0034	
GET_INTERRUPT_VECTOR . . . . . .  	Number	0035	
GET_IN_VARS  . . . . . . . . . .  	Number	0052	
GET_TIME . . . . . . . . . . . .  	Number	002C	
GET_VERIFY_ON_WRITE  . . . . . .  	Number	0054	
GET_VERSION  . . . . . . . . . .  	Number	0030	

HRDDRV . . . . . . . . . . . . .  	L BYTE 	0108	CODE	Global
HRDMSG . . . . . . . . . . . . .  	L BYTE 	00E6	CODE	Global

IBMVER . . . . . . . . . . . . .  	Alias	 FALSE		
INTBASE  . . . . . . . . . . . .  	Number	0080	
INTERNATIONAL  . . . . . . . . .  	Number	0038	
INTERNATIONAL_INVALID_FUNCTION .  	Alias	 ERROR_INVALID_FUNCTION		
INTERNAT_BLOCK_MAX . . . . . . .  	Number	0020	
INTTAB . . . . . . . . . . . . .  	Number	0020	
INT_ABORT  . . . . . . . . . . .  	Alias	 INTTAB		
INT_COMMAND  . . . . . . . . . .  	Number	0021	
INT_CTRL_C . . . . . . . . . . .  	Number	0023	
INT_DISK_READ  . . . . . . . . .  	Number	0025	
INT_DISK_WRITE . . . . . . . . .  	Number	0026	
INT_FASTCON  . . . . . . . . . .  	Number	0029	
INT_FATAL_ABORT  . . . . . . . .  	Number	0024	
INT_KEEP_PROCESS . . . . . . . .  	Number	0027	
INT_SPOOLER  . . . . . . . . . .  	Number	0028	
INT_TERMINATE  . . . . . . . . .  	Number	0022	
INVCHR . . . . . . . . . . . . .  	L BYTE 	013A	CODE	Global
INVDRV . . . . . . . . . . . . .  	L BYTE 	015F	CODE	Global
INVPAR . . . . . . . . . . . . .  	L BYTE 	017B	CODE	Global
IOCTL  . . . . . . . . . . . . .  	Number	0044	
IOCTL_INVALID_DATA . . . . . . .  	Alias	 ERROR_INVALID_DATA		
IOCTL_INVALID_FUNCTION . . . . .  	Alias	 ERROR_INVALID_FUNCTION		
IOCTL_INVALID_HANDLE . . . . . .  	Alias	 ERROR_INVALID_HANDLE		

KEEP_PROCESS . . . . . . . . . .  	Number	0031	

LABPRMT  . . . . . . . . . . . .  	L BYTE 	02EB	CODE	Global
LBRPRI . . . . . . . . . . . . .  	Number	0002	
LBWPRI . . . . . . . . . . . . .  	Number	0004	
LOCKOPER . . . . . . . . . . . .  	Number	005C	
LSEEK  . . . . . . . . . . . . .  	Number	0042	
LSEEK_INVALID_FUNCTION . . . . .  	Alias	 ERROR_INVALID_FUNCTION		
LSEEK_INVALID_HANDLE . . . . . .  	Alias	 ERROR_INVALID_HANDLE		

MEMEX  . . . . . . . . . . . . .  	L BYTE 	025A	CODE	Global
Microsoft (R) Macro Assembler  Version 4.00                 11/21/18 15:24:53
FORMAT Messages                                             Symbols-9
                                                             

MI_INT . . . . . . . . . . . . .  	Number	00CD	
MI_LONG_CALL . . . . . . . . . .  	Number	009A	
MI_LONG_JMP  . . . . . . . . . .  	Number	00EA	
MI_LONG_RET  . . . . . . . . . .  	Number	00CB	
MKDIR  . . . . . . . . . . . . .  	Number	0039	
MKDIR_ACCESS_DENIED  . . . . . .  	Alias	 ERROR_ACCESS_DENIED		
MKDIR_PATH_NOT_FOUND . . . . . .  	Alias	 ERROR_PATH_NOT_FOUND		
MORMSG . . . . . . . . . . . . .  	L BYTE 	0121	CODE

NOTSYS . . . . . . . . . . . . .  	L BYTE 	021A	CODE	Global
NOUSE  . . . . . . . . . . . . .  	L BYTE 	023C	CODE	Global
NO_ERROR_OCCURRED  . . . . . . .  	Text  0                                                              ?		

OEM  . . . . . . . . . . . . . .  	Text  		
OEM_C1 . . . . . . . . . . . . .  	Number	00F9	
OEM_C2 . . . . . . . . . . . . .  	Number	00FA	
OEM_C3 . . . . . . . . . . . . .  	Number	00FB	
OEM_C4 . . . . . . . . . . . . .  	Number	00FC	
OEM_C5 . . . . . . . . . . . . .  	Number	00FD	
OEM_C6 . . . . . . . . . . . . .  	Number	00FE	
OEM_C7 . . . . . . . . . . . . .  	Number	00FF	
OPEN . . . . . . . . . . . . . .  	Number	003D	
OPEN_ACCESS_DENIED . . . . . . .  	Alias	 ERROR_ACCESS_DENIED		
OPEN_FILE_NOT_FOUND  . . . . . .  	Alias	 ERROR_FILE_NOT_FOUND		
OPEN_FOR_BOTH  . . . . . . . . .  	Number	0002	
OPEN_FOR_READ  . . . . . . . . .  	Number	0000	
OPEN_FOR_WRITE . . . . . . . . .  	Number	0001	
OPEN_INVALID_ACCESS  . . . . . .  	Alias	 ERROR_INVALID_ACCESS		
OPEN_TOO_MANY_OPEN_FILES . . . .  	Alias	 ERROR_TOO_MANY_OPEN_FILES		

PARSE_FILE_DESCRIPTOR  . . . . .  	Number	0029	
PRINT  . . . . . . . . . . . . .  	L NEAR	0000	CODE	External

RAW_CON_INPUT  . . . . . . . . .  	Number	0007	
RAW_CON_IO . . . . . . . . . . .  	Number	0006	
READ . . . . . . . . . . . . . .  	Number	003F	
READ_ACCESS_DENIED . . . . . . .  	Alias	 ERROR_ACCESS_DENIED		
READ_INVALID_HANDLE  . . . . . .  	Alias	 ERROR_INVALID_HANDLE		
RENAME . . . . . . . . . . . . .  	Number	0056	
RENAME_ACCESS_DENIED . . . . . .  	Alias	 ERROR_ACCESS_DENIED		
RENAME_FILE_NOT_FOUND  . . . . .  	Alias	 ERROR_FILE_NOT_FOUND		
RENAME_NOT_SAME_DEVICE . . . . .  	Alias	 ERROR_NOT_SAME_DEVICE		
REPORT . . . . . . . . . . . . .  	L NEAR	001C	CODE	Global
RMDIR  . . . . . . . . . . . . .  	Number	003A	
RMDIR_ACCESS_DENIED  . . . . . .  	Alias	 ERROR_ACCESS_DENIED		
RMDIR_CURRENT_DIRECTORY  . . . .  	Alias	 ERROR_CURRENT_DIRECTORY		
RMDIR_PATH_NOT_FOUND . . . . . .  	Alias	 ERROR_PATH_NOT_FOUND		
RPRI . . . . . . . . . . . . . .  	Number	0006	

SECSIZ . . . . . . . . . . . . .  	V WORD 	0000	CODE	External
SERVERCALL . . . . . . . . . . .  	Number	005D	
SETBLOCK . . . . . . . . . . . .  	Number	004A	
SETBLOCK_ARENA_TRASHED . . . . .  	Alias	 ERROR_ARENA_TRASHED		
SETBLOCK_INVALID_BLOCK . . . . .  	Alias	 ERROR_INVALID_BLOCK		
Microsoft (R) Macro Assembler  Version 4.00                 11/21/18 15:24:53
FORMAT Messages                                             Symbols-10
                                                             

SETBLOCK_INVALID_FUNCTION  . . .  	Alias	 ERROR_INVALID_FUNCTION		
SETBLOCK_NOT_ENOUGH_MEMORY . . .  	Alias	 ERROR_NOT_ENOUGH_MEMORY		
SETDPB . . . . . . . . . . . . .  	Number	0053	
SET_CTRL_C_TRAPPING  . . . . . .  	Number	0033	
SET_CURRENT_PDB  . . . . . . . .  	Number	0050	
SET_DATE . . . . . . . . . . . .  	Number	002B	
SET_DEFAULT_DRIVE  . . . . . . .  	Number	000E	
SET_DMA  . . . . . . . . . . . .  	Number	001A	
SET_INTERRUPT_VECTOR . . . . . .  	Number	0025	
SET_OEM_HANDLER  . . . . . . . .  	Number	00F8	
SET_TIME . . . . . . . . . . . .  	Number	002D	
SET_VERIFY_ON_WRITE  . . . . . .  	Number	002E	
SF_DEFAULT_NUMBER  . . . . . . .  	Number	0005	
SHOWBAD  . . . . . . . . . . . .  	L NEAR	0065	CODE
SHOWDATA . . . . . . . . . . . .  	L NEAR	006B	CODE
SHOWSYS  . . . . . . . . . . . .  	L NEAR	004D	CODE
SNGDRV . . . . . . . . . . . . .  	L BYTE 	00C4	CODE	Global
SNGMSG . . . . . . . . . . . . .  	L BYTE 	00A6	CODE	Global
STDAUX . . . . . . . . . . . . .  	Number	0003	
STDERR . . . . . . . . . . . . .  	Number	0002	
STDIN  . . . . . . . . . . . . .  	Number	0000	
STDOUT . . . . . . . . . . . . .  	Number	0001	
STDPRN . . . . . . . . . . . . .  	Number	0004	
STD_AUX_INPUT  . . . . . . . . .  	Number	0003	
STD_AUX_OUTPUT . . . . . . . . .  	Number	0004	
STD_CON_INPUT  . . . . . . . . .  	Number	0001	
STD_CON_INPUT_FLUSH  . . . . . .  	Number	000C	
STD_CON_INPUT_NO_ECHO  . . . . .  	Number	0008	
STD_CON_INPUT_STATUS . . . . . .  	Number	000B	
STD_CON_OUTPUT . . . . . . . . .  	Number	0002	
STD_CON_STRING_INPUT . . . . . .  	Number	000A	
STD_CON_STRING_OUTPUT  . . . . .  	Number	0009	
STD_PRINTER_OUTPUT . . . . . . .  	Number	0005	
SYSDRV . . . . . . . . . . . . .  	L BYTE 	01E5	CODE	Global
SYSMSG . . . . . . . . . . . . .  	L BYTE 	01CC	CODE	Global
SYSSIZ . . . . . . . . . . . . .  	V DWORD	0000	CODE	External
SYSSPC . . . . . . . . . . . . .  	L BYTE 	029E	CODE
SYSTRAN  . . . . . . . . . . . .  	L BYTE 	010C	CODE	Global

TARGDRV  . . . . . . . . . . . .  	L BYTE 	01AA	CODE	Global
TARGMSG  . . . . . . . . . . . .  	L BYTE 	018D	CODE	Global
TRUE . . . . . . . . . . . . . .  	Number	FFFF	

UNLINK . . . . . . . . . . . . .  	Number	0041	
UNLINK_ACCESS_DENIED . . . . . .  	Alias	 ERROR_ACCESS_DENIED		
UNLINK_FILE_NOT_FOUND  . . . . .  	Alias	 ERROR_FILE_NOT_FOUND		
UNSCALE  . . . . . . . . . . . .  	L NEAR	0000	CODE	External
USERIDOPER . . . . . . . . . . .  	Number	005E	

VER  . . . . . . . . . . . . . .  	Text  		

WAIT . . . . . . . . . . . . . .  	Number	004D	
WAIT10 . . . . . . . . . . . . .  	L NEAR	001A	CODE
WAIT20 . . . . . . . . . . . . .  	L NEAR	001B	CODE
Microsoft (R) Macro Assembler  Version 4.00                 11/21/18 15:24:53
FORMAT Messages                                             Symbols-11
                                                             

WAITYN . . . . . . . . . . . . .  	L NEAR	0000	CODE	Global
WPRI . . . . . . . . . . . . . .  	Number	0008	
WRITE  . . . . . . . . . . . . .  	Number	0040	
WRITE_ACCESS_DENIED  . . . . . .  	Alias	 ERROR_ACCESS_DENIED		
WRITE_INVALID_HANDLE . . . . . .  	Alias	 ERROR_INVALID_HANDLE		

XDUP . . . . . . . . . . . . . .  	Number	0045	
XDUP2  . . . . . . . . . . . . .  	Number	0046	


   1405 Source  Lines
   1467 Total   Lines
    528 Symbols

  22866 Bytes symbol space free

      0 Warning Errors
      0 Severe  Errors
