Microsoft (R) Macro Assembler  Version 4.00                 11/21/18 14:59:03
COMMAND Transient Uninitialized DATA                        Page     1-1
                                                            

                                TITLE   COMMAND Transient Uninitialized DATA 
                                 
                             C          INCLUDE COMSW.ASM 
                             C  ; Use the following booleans to set assembly fl
				ags 
 = 0000                      C  FALSE   EQU     0 
 = FFFF                      C  TRUE    EQU     NOT FALSE 
                             C   
                             C  ENDIF 
                             C   
 =                           C  IBMVER  EQU     IBM  	; Switch to build IBM ver
				sion of Command 
 = FFFF                      C  MSVER   EQU     NOT IBM ; Switch to build MS-DO
				S version of Command 
                             C   
 =                           C  HIGHMEM EQU     FALSE   ; Run resident part abo
				ve transient (high memory) 
 =                           C  KANJI   EQU     FALSE   ; Support for dual byte
				 Microsoft KANJI standard 
 =                           C  IBMJAPAN        EQU     FALSE   ;MUST BE TRUE (
				along with IBM and KANJI) 
                                 
                                .list 
                                .cref 
                                 
                                ; Uninitialized transient data 
 0000                           TRANSPACE       SEGMENT PUBLIC BYTE 
                                 
                                        PUBLIC  UCOMBUF,COMBUF,USERDIR1,EXECPAT
				H,HEADCALL,RESSEG,TPA,SWITCHAR 
                                        PUBLIC  DIRCHAR,EXEC_ADDR,RCH_ADDR,CHKD
				RV,RDEOF,IFNOTFLAG,FILTYP 
                                        PUBLIC  CURDRV,CONCAT,PARM1,ARGC,PARM2,
				COMSW,ARG1S,DESTSWITCH 
                                        PUBLIC  ARG2S,ALLSWITCH,ARGTS,CFLAG,DES
				TCLOSED,SPECDRV,BYTCNT 
                                        PUBLIC  NXTADD,FRSTSRCH,LINCNT,LINLEN,F
				ILECNT,CHARBUF,DESTFCB2,IDLEN 
                                        PUBLIC  ID,COM,DEST,DESTNAME,DESTFCB,DE
				STDIR,GOTOLEN,PWDBUF,EXEFCB 
                                        PUBLIC  DIRBUF,SDIRBUF,BITS,PATHCNT,PAT
				HPOS,PATHSW,FULLSCR 
                                        PUBLIC  DESTVARS,DESTISDIR,DESTSIZ,DEST
				TAIL,DESTINFO,DESTBUF 
                                        PUBLIC  DESTHAND,DESTISDEV,FIRSTDEST,ME
				LCOPY,MELSTART,SRCVARS 
                                        PUBLIC  SRCISDIR,SRCSIZ,SRCTAIL,SRCINFO
				,SRCBUF,SRCHAND,SRCISDEV 
                                        PUBLIC  SCANBUF,SRCPT,INEXACT,APPEND,NO
				WRITE,BINARY,WRITTEN,TERMREAD 
                                        PUBLIC  ASCII,PLUS,CPDATE,CPTIME,BATHAN
				D,STARTEL,ELCNT,ELPOS,SKPDEL 
                                        PUBLIC  SOURCE,STACK 
                                        PUBLIC  TRANSPACEEND 
Microsoft (R) Macro Assembler  Version 4.00                 11/21/18 14:59:03
COMMAND Transient Uninitialized DATA                        Page     1-2
                                                            

                                        PUBLIC  INTERNATVARS 
                                 
                                        ENDIF 
                                 
                                        ENDIF 
                                 
 0000                                   ORG     0 
 = 0000                         ZERO    =       $ 
 0000  0083[                    UCOMBUF DB      COMBUFLEN+3 DUP(?)      ; Raw c
				onsole buffer 
            ??                  
                         ]      
                                
 0083  0083[                    COMBUF  DB      COMBUFLEN+3 DUP(?)      ; Cooke
				d console buffer 
            ??                  
                         ]      
                                
 0106  0043[                    USERDIR1 DB     DIRSTRLEN+3 DUP(?)      ; Stora
				ge for users current directory 
            ??                  
                         ]      
                                
 0149  004F[                    EXECPATH DB     DIRSTRLEN+15 DUP(?)     ; Path 
				for external command 
            ??                  
                         ]      
                                
                                 
                                ; Variables passed up from resident 
 0198                           HEADCALL LABEL  DWORD 
 0198  ????                             DW      ? 
 019A  ????                     RESSEG  DW      ? 
 019C  ????                     TPA     DW      ? 
 019E  ??                       SWITCHAR DB     ? 
 019F  ??                       DIRCHAR DB      ? 
 01A0  ????????                 EXEC_ADDR DD    ? 
 01A4  ????????                 RCH_ADDR DD     ? 
                                 
 01A8  ??                       CHKDRV  DB      ? 
 01A9                           RDEOF   LABEL   BYTE                    ; Misc 
				flags 
 01A9                           IFNOTFLAG LABEL BYTE 
 01A9  ??                       FILTYP  DB      ? 
 01AA  ??                       CURDRV  DB      ? 
 01AB                           CONCAT  LABEL   BYTE 
 01AB  ??                       PARM1   DB      ? 
 01AC                           ARGC    LABEL   BYTE 
 01AC  ??                       PARM2   DB      ? 
 01AD  ????                     COMSW   DW      ?               ; Switches betw
				een command and 1st arg 
 01AF  ????                     ARG1S   DW      ?               ; Switches betw
				een 1st and 2nd arg 
 01B1                           DESTSWITCH LABEL WORD 
Microsoft (R) Macro Assembler  Version 4.00                 11/21/18 14:59:03
COMMAND Transient Uninitialized DATA                        Page     1-3
                                                            

 01B1  ????                     ARG2S   DW      ?               ; Switches afte
				r 2nd arg 
 01B3                           ALLSWITCH LABEL WORD 
 01B3  ????                     ARGTS   DW      ?               ; ALL switches 
				except for COMSW 
 01B5  ??                       CFLAG   DB      ? 
 01B6                           DESTCLOSED LABEL BYTE 
 01B6  ??                       SPECDRV DB      ? 
 01B7  ????                     BYTCNT  DW      ?               ; Size of buffe
				r between RES and TRANS 
 01B9  ????                     NXTADD  DW      ? 
 01BB  ??                       FRSTSRCH DB     ? 
 01BC  ??                       LINCNT  DB      ? 
 01BD  ??                       LINLEN  DB      ? 
 01BE  ????                     FILECNT DW      ? 
 01C0  0050[                    CHARBUF DB      80 DUP (?)      ;line byte char
				acter buffer for xenix write 
            ??                  
                         ]      
                                
 0210                           DESTFCB2 LABEL  BYTE 
 0210  ??                       IDLEN   DB      ? 
 0211  0008[                    ID      DB      8 DUP(?) 
            ??                  
                         ]      
                                
 0219  0003[                    COM     DB      3 DUP(?) 
            ??                  
                         ]      
                                
 021C  0025[                    DEST    DB      37 DUP(?) 
            ??                  
                         ]      
                                
 0241  000B[                    DESTNAME DB     11 DUP(?) 
            ??                  
                         ]      
                                
 024C                           DESTFCB LABEL   BYTE 
 024C  0040[                    DESTDIR DB      DIRSTRLEN DUP(?)        ; Direc
				tory for PATH searches 
            ??                  
                         ]      
                                
 028C                           GOTOLEN LABEL   WORD 
 028C                           PWDBUF  LABEL   BYTE 
 028C                           EXEFCB  LABEL   WORD 
 028C  0043[                    DIRBUF  DB      DIRSTRLEN+3 DUP(?) 
            ??                  
                         ]      
                                
 02CF  000C[                    SDIRBUF DB      12 DUP(?) 
            ??                  
                         ]      
Microsoft (R) Macro Assembler  Version 4.00                 11/21/18 14:59:03
COMMAND Transient Uninitialized DATA                        Page     1-4
                                                            

                                
 02DB  ????                     BITS    DW      ? 
 02DD  ????                     PATHCNT DW      ? 
 02DF  ????                     PATHPOS DW      ? 
 02E1  ????                     PATHSW  DW      ? 
 02E3  ????                     FULLSCR DW      ? 
                                 
                                ENDIF 
                                 
 02E5                           DESTVARS LABEL  BYTE 
 02E5  ??                       DESTISDIR DB    ? 
 02E6  ??                       DESTSIZ DB      ? 
 02E7  ????                     DESTTAIL DW     ? 
 02E9  ??                       DESTINFO DB     ? 
 02EA  0054[                    DESTBUF DB      DIRSTRLEN + 20 DUP (?) 
            ??                  
                         ]      
                                
                                 
 033E  ????                     DESTHAND DW     ? 
 0340  ??                       DESTISDEV DB    ? 
 0341  ??                       FIRSTDEST DB    ? 
 0342  ??                       MELCOPY DB      ? 
 0343  ????                     MELSTART DW     ? 
                                 
 0345                           SRCVARS  LABEL  BYTE 
 0345  ??                       SRCISDIR DB     ? 
 0346  ??                       SRCSIZ DB       ? 
 0347  ????                     SRCTAIL DW      ? 
 0349  ??                       SRCINFO DB      ? 
 034A  0054[                    SRCBUF  DB      DIRSTRLEN + 20 DUP (?) 
            ??                  
                         ]      
                                
                                 
 039E  ????                     SRCHAND DW      ? 
 03A0  ??                       SRCISDEV DB     ? 
                                 
 03A1  0054[                    SCANBUF DB      DIRSTRLEN + 20 DUP (?) 
            ??                  
                         ]      
                                
                                 
 03F5  ????                     SRCPT   DW      ? 
 03F7  ??                       INEXACT DB      ? 
 03F8  ??                       APPEND  DB      ? 
 03F9  ??                       NOWRITE DB      ? 
 03FA  ??                       BINARY  DB      ? 
 03FB  ??                       WRITTEN DB      ? 
 03FC  ??                       TERMREAD DB     ? 
 03FD  ??                       ASCII   DB      ? 
 03FE  ??                       PLUS    DB      ? 
 03FF  ????                     CPDATE  DW      ? 
 0401  ????                     CPTIME  DW      ? 
Microsoft (R) Macro Assembler  Version 4.00                 11/21/18 14:59:03
COMMAND Transient Uninitialized DATA                        Page     1-5
                                                            

 0403  ????                     BATHAND DW      ?               ; Batch handle 
 0405  ????                     STARTEL DW      ? 
 0407  ??                       ELCNT   DB      ? 
 0408  ??                       ELPOS   DB      ? 
 0409  ??                       SKPDEL  DB      ? 
 040A  000B[                    SOURCE  DB      11 DUP(?) 
            ??                  
                         ]      
                                
                                 
                                        ENDIF 
                                 
 0415  ????                     INTERNATVARS    internat_block <> 
 0417  ??                       
 0418  ??                       
 0419  ??                       
 041A  ??                       
 041B  ??                       
 041C  ??                       
 041D  ??                       
 041E  ??                       
 041F  ??                       
 0420  ??                       
 0421  ??                       
 0422  ??                       
 0423  ??                       
 0424  ??                       
 0425  ??                       
 0426  ??                       
 0427  ????                     
 0429  ????                     
 042B  ??                       
 042C  ??                       
                                
 042D  0008[                                    DB      (internat_block_max - (
				$ - INTERNATVARS)) DUP (?) 
            ??                  
                         ]      
                                
                                 
                                 
 0435  0080[                            DB      80H DUP(0)      ; Init to 0 to 
				make sure the linker is not fooled 
            00                  
                         ]      
                                
 04B5                           STACK   LABEL   WORD 
                                 
 04B5                           TRANSPACEEND    LABEL   BYTE 
                                 
 04B5                           TRANSPACE       ENDS 
                                        END 

Microsoft (R) Macro Assembler  Version 4.00                 11/21/18 14:59:03
COMMAND Transient Uninitialized DATA                        Symbols-1
                                                             

Macros:

		N a m e			Lines

BREAK  . . . . . . . . . . . . .  	   2
CONDRET  . . . . . . . . . . . .  	  19
CONTEXT  . . . . . . . . . . . .  	   3
DO_EXT . . . . . . . . . . . . .  	   0
ENTRY  . . . . . . . . . . . . .  	   2
ERROR  . . . . . . . . . . . . .  	   4
INVOKE . . . . . . . . . . . . .  	   8
I_AM . . . . . . . . . . . . . .  	  14
I_NEED . . . . . . . . . . . . .  	  11
JUMP . . . . . . . . . . . . . .  	  17
LONG_ADDR  . . . . . . . . . . .  	   7
MAKELAB  . . . . . . . . . . . .  	   4
PROCEDURE  . . . . . . . . . . .  	   2
RETC . . . . . . . . . . . . . .  	   1
RETNC  . . . . . . . . . . . . .  	   1
RETNZ  . . . . . . . . . . . . .  	   1
RETURN . . . . . . . . . . . . .  	   5
RETZ . . . . . . . . . . . . . .  	   1
SHORT_ADDR . . . . . . . . . . .  	  12
TRANSFER . . . . . . . . . . . .  	   8

Structures and Records:

                N a m e                 Width   # fields
                                        Shift   Width   Mask    Initial

ARENA  . . . . . . . . . . . . .  	0005	0003
  ARENA_SIGNATURE  . . . . . . .  	0000
  ARENA_OWNER  . . . . . . . . .  	0001
  ARENA_SIZE . . . . . . . . . .  	0003
BPBLOCK  . . . . . . . . . . . .  	000D	0008
  BPSECSZ  . . . . . . . . . . .  	0000
  BPCLUS . . . . . . . . . . . .  	0002
  BPRES  . . . . . . . . . . . .  	0003
  BPFTCNT  . . . . . . . . . . .  	0005
  BPDRCNT  . . . . . . . . . . .  	0006
  BPSCCNT  . . . . . . . . . . .  	0008
  BPMEDIA  . . . . . . . . . . .  	000A
  BPFTSEC  . . . . . . . . . . .  	000B
BUFFINFO . . . . . . . . . . . .  	0010	0009
  NEXTBUF  . . . . . . . . . . .  	0000
  BUFDRV . . . . . . . . . . . .  	0004
  BUFDIRTY . . . . . . . . . . .  	0005
  BUFPRI . . . . . . . . . . . .  	0006
  VISIT  . . . . . . . . . . . .  	0007
  BUFSECNO . . . . . . . . . . .  	0008
  BUFWRTCNT  . . . . . . . . . .  	000A
  BUFWRTINC  . . . . . . . . . .  	000B
  BUFDRVDP . . . . . . . . . . .  	000C
DIR_ENTRY  . . . . . . . . . . .  	0020	0008
Microsoft (R) Macro Assembler  Version 4.00                 11/21/18 14:59:03
COMMAND Transient Uninitialized DATA                        Symbols-2
                                                             

  DIR_NAME . . . . . . . . . . .  	0000
  DIR_ATTR . . . . . . . . . . .  	000B
  DIR_PAD  . . . . . . . . . . .  	000C
  DIR_TIME . . . . . . . . . . .  	0016
  DIR_DATE . . . . . . . . . . .  	0018
  DIR_FIRST  . . . . . . . . . .  	001A
  DIR_SIZE_L . . . . . . . . . .  	001C
  DIR_SIZE_H . . . . . . . . . .  	001E
DPB  . . . . . . . . . . . . . .  	005E	0012
  DPB_DRIVE  . . . . . . . . . .  	0000
  DPB_UNIT . . . . . . . . . . .  	0001
  DPB_SECTOR_SIZE  . . . . . . .  	0002
  DPB_CLUSTER_MASK . . . . . . .  	0004
  DPB_CLUSTER_SHIFT  . . . . . .  	0005
  DPB_FIRST_FAT  . . . . . . . .  	0006
  DPB_FAT_COUNT  . . . . . . . .  	0008
  DPB_ROOT_ENTRIES . . . . . . .  	0009
  DPB_FIRST_SECTOR . . . . . . .  	000B
  DPB_MAX_CLUSTER  . . . . . . .  	000D
  DPB_FAT_SIZE . . . . . . . . .  	000F
  DPB_DIR_SECTOR . . . . . . . .  	0010
  DPB_DRIVER_ADDR  . . . . . . .  	0012
  DPB_MEDIA  . . . . . . . . . .  	0016
  DPB_FIRST_ACCESS . . . . . . .  	0017
  DPB_NEXT_DPB . . . . . . . . .  	0018
  DPB_CURRENT_DIR  . . . . . . .  	001C
  DPB_DIR_TEXT . . . . . . . . .  	001E
EXEC0  . . . . . . . . . . . . .  	000E	0004
  EXEC0_ENVIRON  . . . . . . . .  	0000
  EXEC0_COM_LINE . . . . . . . .  	0002
  EXEC0_5C_FCB . . . . . . . . .  	0006
  EXEC0_6C_FCB . . . . . . . . .  	000A
EXEC1  . . . . . . . . . . . . .  	0016	0008
  EXEC1_ENVIRON  . . . . . . . .  	0000
  EXEC1_COM_LINE . . . . . . . .  	0002
  EXEC1_5C_FCB . . . . . . . . .  	0006
  EXEC1_6C_FCB . . . . . . . . .  	000A
  EXEC1_SP . . . . . . . . . . .  	000E
  EXEC1_SS . . . . . . . . . . .  	0010
  EXEC1_IP . . . . . . . . . . .  	0012
  EXEC1_CS . . . . . . . . . . .  	0014
EXEC3  . . . . . . . . . . . . .  	0004	0002
  EXEC3_LOAD_ADDR  . . . . . . .  	0000
  EXEC3_RELOC_FAC  . . . . . . .  	0002
EXE_FILE . . . . . . . . . . . .  	0020	000F
  EXE_SIGNATURE  . . . . . . . .  	0000
  EXE_LEN_MOD_512  . . . . . . .  	0002
  EXE_PAGES  . . . . . . . . . .  	0004
  EXE_RLE_COUNT  . . . . . . . .  	0006
  EXE_PAR_DIR  . . . . . . . . .  	0008
  EXE_MIN_BSS  . . . . . . . . .  	000A
  EXE_MAX_BSS  . . . . . . . . .  	000C
  EXE_SS . . . . . . . . . . . .  	000E
  EXE_SP . . . . . . . . . . . .  	0010
Microsoft (R) Macro Assembler  Version 4.00                 11/21/18 14:59:03
COMMAND Transient Uninitialized DATA                        Symbols-3
                                                             

  EXE_CHKSUM . . . . . . . . . .  	0012
  EXE_IP . . . . . . . . . . . .  	0014
  EXE_CS . . . . . . . . . . . .  	0016
  EXE_RLE_TABLE  . . . . . . . .  	0018
  EXE_IOV  . . . . . . . . . . .  	001A
  EXE_SYM_TAB  . . . . . . . . .  	001C
FIND_BUF . . . . . . . . . . . .  	002B	000C
  FIND_BUF_SATTR . . . . . . . .  	0000
  FIND_BUF_DRIVE . . . . . . . .  	0001
  FIND_BUF_NAME  . . . . . . . .  	0002
  FIND_BUF_LASTENT . . . . . . .  	000D
  FIND_BUF_THISDPB . . . . . . .  	000F
  FIND_BUF_DIRSTART  . . . . . .  	0013
  FIND_BUF_ATTR  . . . . . . . .  	0015
  FIND_BUF_TIME  . . . . . . . .  	0016
  FIND_BUF_DATE  . . . . . . . .  	0018
  FIND_BUF_SIZE_L  . . . . . . .  	001A
  FIND_BUF_SIZE_H  . . . . . . .  	001C
  FIND_BUF_PNAME . . . . . . . .  	001E
INTERNAT_BLOCK . . . . . . . . .  	0018	0015
  DATE_TIM_FORMAT  . . . . . . .  	0000
  CURRENCY_SYM . . . . . . . . .  	0002
  THOUS_SEP  . . . . . . . . . .  	0007
  DECIMAL_SEP  . . . . . . . . .  	0009
  DATE_SEP . . . . . . . . . . .  	000B
  TIME_SEP . . . . . . . . . . .  	000D
  BIT_FEILD  . . . . . . . . . .  	000F
  CURRENCY_CENTS . . . . . . . .  	0010
  TIME_24  . . . . . . . . . . .  	0011
  MAP_CALL . . . . . . . . . . .  	0012
  DATA_SEP . . . . . . . . . . .  	0016
PROCESS_DATA_BLOCK . . . . . . .  	005B	000E
  PDB_EXIT_CALL  . . . . . . . .  	0000
  PDB_BLOCK_LEN  . . . . . . . .  	0002
  PDB_CPM_CALL . . . . . . . . .  	0005
  PDB_EXIT . . . . . . . . . . .  	000A
  PDB_CTRL_C . . . . . . . . . .  	000E
  PDB_FATAL_ABORT  . . . . . . .  	0012
  PDB_PARENT_PID . . . . . . . .  	0016
  PDB_JFN_TABLE  . . . . . . . .  	0018
  PDB_ENVIRON  . . . . . . . . .  	002C
  PDB_USER_STACK . . . . . . . .  	002E
  PDB_PAD1 . . . . . . . . . . .  	0032
  PDB_CALL_SYSTEM  . . . . . . .  	0050
  PDB_PAD2 . . . . . . . . . . .  	0055
SFT  . . . . . . . . . . . . . .  	0008	0003
  SFT_LINK . . . . . . . . . . .  	0000
  SFT_COUNT  . . . . . . . . . .  	0004
  SFT_TABLE  . . . . . . . . . .  	0006
SF_ENTRY . . . . . . . . . . . .  	0028	0004
  SF_REF_COUNT . . . . . . . . .  	0000
  SF_MODE  . . . . . . . . . . .  	0001
  SF_ATTR  . . . . . . . . . . .  	0002
  SF_FCB . . . . . . . . . . . .  	0003
Microsoft (R) Macro Assembler  Version 4.00                 11/21/18 14:59:03
COMMAND Transient Uninitialized DATA                        Symbols-4
                                                             

SYMBOL_ENTRY . . . . . . . . . .  	0106	0004
  SYM_VALUE  . . . . . . . . . .  	0000
  SYM_TYPE . . . . . . . . . . .  	0004
  SYM_LEN  . . . . . . . . . . .  	0006
  SYM_NAME . . . . . . . . . . .  	0007
SYS_FCB  . . . . . . . . . . . .  	0025	0010
  FCB_DRIVE  . . . . . . . . . .  	0000
  FCB_NAME . . . . . . . . . . .  	0001
  FCB_EXT  . . . . . . . . . . .  	0009
  FCB_EXTENT . . . . . . . . . .  	000C
  FCB_RECSIZ . . . . . . . . . .  	000E
  FCB_FILSIZ . . . . . . . . . .  	0010
  FCB_DRVBP  . . . . . . . . . .  	0012
  FCB_FDATE  . . . . . . . . . .  	0014
  FCB_FTIME  . . . . . . . . . .  	0016
  FCB_DEVID  . . . . . . . . . .  	0018
  FCB_FIRCLUS  . . . . . . . . .  	0019
  FCB_CLUSPOS  . . . . . . . . .  	001B
  FCB_LSTCLUS  . . . . . . . . .  	001D
  FCB_NR . . . . . . . . . . . .  	0020
  FCB_RR . . . . . . . . . . . .  	0021
USER_ENVIRON . . . . . . . . . .  	0018	000C
  USER_AX  . . . . . . . . . . .  	0000
  USER_BX  . . . . . . . . . . .  	0002
  USER_CX  . . . . . . . . . . .  	0004
  USER_DX  . . . . . . . . . . .  	0006
  USER_SI  . . . . . . . . . . .  	0008
  USER_DI  . . . . . . . . . . .  	000A
  USER_BP  . . . . . . . . . . .  	000C
  USER_DS  . . . . . . . . . . .  	000E
  USER_ES  . . . . . . . . . . .  	0010
  USER_IP  . . . . . . . . . . .  	0012
  USER_CS  . . . . . . . . . . .  	0014
  USER_F . . . . . . . . . . . .  	0016
VARSTRUC . . . . . . . . . . . .  	0059	0005
  ISDIR  . . . . . . . . . . . .  	0000
  SIZ  . . . . . . . . . . . . .  	0001
  TTAIL  . . . . . . . . . . . .  	0002
  INFO . . . . . . . . . . . . .  	0004
  BUF  . . . . . . . . . . . . .  	0005

Segments and Groups:

                N a m e         	Size	Align	Combine Class

EGROUP . . . . . . . . . . . . .  	GROUP
  ZEXEC_CODE . . . . . . . . . .  	0000	PARA	PUBLIC	
  ZEXEC_DATA . . . . . . . . . .  	0000	PARA	PUBLIC	
RESGROUP . . . . . . . . . . . .  	GROUP
  CODERES  . . . . . . . . . . .  	0000	PARA	PUBLIC	
  DATARES  . . . . . . . . . . .  	0000	PARA	PUBLIC	
  ENVIRONMENT  . . . . . . . . .  	0000	PARA	PUBLIC	
  INIT . . . . . . . . . . . . .  	0000	PARA	PUBLIC	
  TAIL . . . . . . . . . . . . .  	0000	PARA	PUBLIC	
Microsoft (R) Macro Assembler  Version 4.00                 11/21/18 14:59:03
COMMAND Transient Uninitialized DATA                        Symbols-5
                                                             

TRANGROUP  . . . . . . . . . . .  	GROUP
  TRANCODE . . . . . . . . . . .  	0000	PARA	PUBLIC	
  TRANDATA . . . . . . . . . . .  	0000	PARA	PUBLIC	
  TRANSPACE  . . . . . . . . . .  	04B5	BYTE	PUBLIC	
  TRANTAIL . . . . . . . . . . .  	0000	PARA	PUBLIC	

Symbols:            

                N a m e         	Type	Value	Attr         

ABORT  . . . . . . . . . . . . .  	Number	0000	
ADDR_INT_ABORT . . . . . . . . .  	Number	0080	
ADDR_INT_COMMAND . . . . . . . .  	Number	0084	
ADDR_INT_CTRL_C  . . . . . . . .  	Number	008C	
ADDR_INT_DISK_READ . . . . . . .  	Number	0094	
ADDR_INT_DISK_WRITE  . . . . . .  	Number	0098	
ADDR_INT_FASTCON . . . . . . . .  	Number	00A4	
ADDR_INT_FATAL_ABORT . . . . . .  	Number	0090	
ADDR_INT_KEEP_PROCESS  . . . . .  	Number	009C	
ADDR_INT_SPOOLER . . . . . . . .  	Number	00A0	
ADDR_INT_TERMINATE . . . . . . .  	Number	0088	
ALLOC  . . . . . . . . . . . . .  	Number	0048	
ALLOCOPER  . . . . . . . . . . .  	Number	0058	
ALLOC_ARENA_TRASHED  . . . . . .  	Alias	 ERROR_ARENA_TRASHED		
ALLOC_NOT_ENOUGH_MEMORY  . . . .  	Alias	 ERROR_NOT_ENOUGH_MEMORY		
ALLSWITCH  . . . . . . . . . . .  	L WORD 	01B3	TRANSPACE	Global
ALTVECT  . . . . . . . . . . . .  	Number	0000	
APPEND . . . . . . . . . . . . .  	L BYTE 	03F8	TRANSPACE	Global
ARENA_OWNER_SYSTEM . . . . . . .  	Number	0000	
ARENA_SIGNATURE_END  . . . . . .  	Number	005A	
ARENA_SIGNATURE_NORMAL . . . . .  	Number	004D	
ARG1S  . . . . . . . . . . . . .  	L WORD 	01AF	TRANSPACE	Global
ARG2S  . . . . . . . . . . . . .  	L WORD 	01B1	TRANSPACE	Global
ARGC . . . . . . . . . . . . . .  	L BYTE 	01AC	TRANSPACE	Global
ARGTS  . . . . . . . . . . . . .  	L WORD 	01B3	TRANSPACE	Global
ASCII  . . . . . . . . . . . . .  	L BYTE 	03FD	TRANSPACE	Global
ASSIGNOPER . . . . . . . . . . .  	Number	005F	
ASWITCH  . . . . . . . . . . . .  	Number	0004	
ATTR_ALL . . . . . . . . . . . .  	Number	0016	
ATTR_ARCHIVE . . . . . . . . . .  	Number	0020	
ATTR_CHANGEABLE  . . . . . . . .  	Number	0027	
ATTR_DIRECTORY . . . . . . . . .  	Number	0010	
ATTR_HIDDEN  . . . . . . . . . .  	Number	0002	
ATTR_IGNORE  . . . . . . . . . .  	Number	0021	
ATTR_READ_ONLY . . . . . . . . .  	Number	0001	
ATTR_SYSTEM  . . . . . . . . . .  	Number	0004	
ATTR_VOLUME_ID . . . . . . . . .  	Number	0008	

BATHAND  . . . . . . . . . . . .  	L WORD 	0403	TRANSPACE	Global
BINARY . . . . . . . . . . . . .  	L BYTE 	03FA	TRANSPACE	Global
BITS . . . . . . . . . . . . . .  	L WORD 	02DB	TRANSPACE	Global
BSWITCH  . . . . . . . . . . . .  	Number	0008	
BUFINSIZ . . . . . . . . . . . .  	Number	0010	
BYTCNT . . . . . . . . . . . . .  	L WORD 	01B7	TRANSPACE	Global
Microsoft (R) Macro Assembler  Version 4.00                 11/21/18 14:59:03
COMMAND Transient Uninitialized DATA                        Symbols-6
                                                             


CFLAG  . . . . . . . . . . . . .  	L BYTE 	01B5	TRANSPACE	Global
CHARBUF  . . . . . . . . . . . .  	L BYTE 	01C0	TRANSPACE	Global	Length = 0050
CHAR_OPER  . . . . . . . . . . .  	Number	0037	
CHDIR  . . . . . . . . . . . . .  	Number	003B	
CHDIR_PATH_NOT_FOUND . . . . . .  	Alias	 ERROR_PATH_NOT_FOUND		
CHKDRV . . . . . . . . . . . . .  	L BYTE 	01A8	TRANSPACE	Global
CHMOD  . . . . . . . . . . . . .  	Number	0043	
CHMOD_ACCESS_DENIED  . . . . . .  	Alias	 ERROR_ACCESS_DENIED		
CHMOD_INVALID_FUNCTION . . . . .  	Alias	 ERROR_INVALID_FUNCTION		
CHMOD_PATH_NOT_FOUND . . . . . .  	Alias	 ERROR_PATH_NOT_FOUND		
CLOSE  . . . . . . . . . . . . .  	Number	003E	
CLOSE_INVALID_FUNCTION . . . . .  	Alias	 ERROR_INVALID_FUNCTION		
CLOSE_INVALID_HANDLE . . . . . .  	Alias	 ERROR_INVALID_HANDLE		
COM  . . . . . . . . . . . . . .  	L BYTE 	0219	TRANSPACE	Global	Length = 0003
COMBUF . . . . . . . . . . . . .  	L BYTE 	0083	TRANSPACE	Global	Length = 0083
COMBUFLEN  . . . . . . . . . . .  	Number	0080	
COMSW  . . . . . . . . . . . . .  	L WORD 	01AD	TRANSPACE	Global
CONCAT . . . . . . . . . . . . .  	L BYTE 	01AB	TRANSPACE	Global
COUNTRY_NOT_FOUND  . . . . . . .  	Alias	 ERROR_FILE_NOT_FOUND		
CPDATE . . . . . . . . . . . . .  	L WORD 	03FF	TRANSPACE	Global
CPTIME . . . . . . . . . . . . .  	L WORD 	0401	TRANSPACE	Global
CREAT  . . . . . . . . . . . . .  	Number	003C	
CREATENEWFILE  . . . . . . . . .  	Number	005B	
CREATETEMPFILE . . . . . . . . .  	Number	005A	
CREATE_PROCESS_DATA_BLOCK  . . .  	Number	0026	
CREAT_ACCESS_DENIED  . . . . . .  	Alias	 ERROR_ACCESS_DENIED		
CREAT_PATH_NOT_FOUND . . . . . .  	Alias	 ERROR_PATH_NOT_FOUND		
CREAT_TOO_MANY_OPEN_FILES  . . .  	Alias	 ERROR_TOO_MANY_OPEN_FILES		
CURDIR_INVALID_DRIVE . . . . . .  	Alias	 ERROR_INVALID_DRIVE		
CURDRV . . . . . . . . . . . . .  	L BYTE 	01AA	TRANSPACE	Global
CURRENT_DIR  . . . . . . . . . .  	Number	0047	
C_BS . . . . . . . . . . . . . .  	Number	0008	
C_CR . . . . . . . . . . . . . .  	Number	000D	
C_DEL  . . . . . . . . . . . . .  	Number	007F	
C_ETB  . . . . . . . . . . . . .  	Number	0017	
C_ETX  . . . . . . . . . . . . .  	Number	0003	
C_HT . . . . . . . . . . . . . .  	Number	0009	
C_LF . . . . . . . . . . . . . .  	Number	000A	
C_NAK  . . . . . . . . . . . . .  	Number	0015	

DEALLOC  . . . . . . . . . . . .  	Number	0049	
DEALLOC_ARENA_TRASHED  . . . . .  	Alias	 ERROR_ARENA_TRASHED		
DEALLOC_INVALID_BLOCK  . . . . .  	Alias	 ERROR_INVALID_BLOCK		
DEST . . . . . . . . . . . . . .  	L BYTE 	021C	TRANSPACE	Global	Length = 0025
DESTBUF  . . . . . . . . . . . .  	L BYTE 	02EA	TRANSPACE	Global	Length = 0054
DESTCLOSED . . . . . . . . . . .  	L BYTE 	01B6	TRANSPACE	Global
DESTDIR  . . . . . . . . . . . .  	L BYTE 	024C	TRANSPACE	Global	Length = 0040
DESTFCB  . . . . . . . . . . . .  	L BYTE 	024C	TRANSPACE	Global
DESTFCB2 . . . . . . . . . . . .  	L BYTE 	0210	TRANSPACE	Global
DESTHAND . . . . . . . . . . . .  	L WORD 	033E	TRANSPACE	Global
DESTINFO . . . . . . . . . . . .  	L BYTE 	02E9	TRANSPACE	Global
DESTISDEV  . . . . . . . . . . .  	L BYTE 	0340	TRANSPACE	Global
DESTISDIR  . . . . . . . . . . .  	L BYTE 	02E5	TRANSPACE	Global
Microsoft (R) Macro Assembler  Version 4.00                 11/21/18 14:59:03
COMMAND Transient Uninitialized DATA                        Symbols-7
                                                             

DESTNAME . . . . . . . . . . . .  	L BYTE 	0241	TRANSPACE	Global	Length = 000B
DESTSIZ  . . . . . . . . . . . .  	L BYTE 	02E6	TRANSPACE	Global
DESTSWITCH . . . . . . . . . . .  	L WORD 	01B1	TRANSPACE	Global
DESTTAIL . . . . . . . . . . . .  	L WORD 	02E7	TRANSPACE	Global
DESTVARS . . . . . . . . . . . .  	L BYTE 	02E5	TRANSPACE	Global
DEVID_BLOCK_DEV  . . . . . . . .  	Number	001F	
DEVID_DEVICE . . . . . . . . . .  	Number	0080	
DEVID_DEVICE_CLOCK . . . . . . .  	Number	0008	
DEVID_DEVICE_CON_IN  . . . . . .  	Number	0001	
DEVID_DEVICE_CON_OUT . . . . . .  	Number	0002	
DEVID_DEVICE_EOF . . . . . . . .  	Number	0040	
DEVID_DEVICE_NULL  . . . . . . .  	Number	0004	
DEVID_DEVICE_RAW . . . . . . . .  	Number	0020	
DEVID_DEVICE_SPECIAL . . . . . .  	Number	0010	
DEVID_EOF  . . . . . . . . . . .  	Number	0040	
DEVID_FILE_CLEAN . . . . . . . .  	Number	0040	
DEVID_FILE_MASK_DRIVE  . . . . .  	Number	003F	
DEVID_ISCIN  . . . . . . . . . .  	Number	0001	
DEVID_ISCLK  . . . . . . . . . .  	Number	0008	
DEVID_ISCOT  . . . . . . . . . .  	Number	0002	
DEVID_ISDEV  . . . . . . . . . .  	Number	0080	
DEVID_ISNUL  . . . . . . . . . .  	Number	0004	
DEVID_RAW  . . . . . . . . . . .  	Number	0020	
DEVID_SPECIAL  . . . . . . . . .  	Number	0010	
DIRBUF . . . . . . . . . . . . .  	L BYTE 	028C	TRANSPACE	Global	Length = 0043
DIRCHAR  . . . . . . . . . . . .  	L BYTE 	019F	TRANSPACE	Global
DIRPRI . . . . . . . . . . . . .  	Number	000F	
DIRSTRLEN  . . . . . . . . . . .  	Number	0040	
DIR_SEARCH_FIRST . . . . . . . .  	Number	0011	
DIR_SEARCH_NEXT  . . . . . . . .  	Number	0012	
DISK_RESET . . . . . . . . . . .  	Number	000D	
DOSVER . . . . . . . . . . . . .  	Number	00D3	
DOS_MAJOR_VERSION  . . . . . . .  	Number	0002	
DOS_MINOR_VERSION  . . . . . . .  	Number	000B	
DPBSIZ . . . . . . . . . . . . .  	Number	005E	
DRVCHAR  . . . . . . . . . . . .  	Number	003A	
DSKSIZ . . . . . . . . . . . . .  	Number	000D	
DUP2_INVALID_HANDLE  . . . . . .  	Alias	 ERROR_INVALID_HANDLE		
DUP_INVALID_HANDLE . . . . . . .  	Alias	 ERROR_INVALID_HANDLE		
DUP_PDB  . . . . . . . . . . . .  	Number	0055	
DUP_TOO_MANY_OPEN_FILES  . . . .  	Alias	 ERROR_TOO_MANY_OPEN_FILES		

ELCNT  . . . . . . . . . . . . .  	L BYTE 	0407	TRANSPACE	Global
ELPOS  . . . . . . . . . . . . .  	L BYTE 	0408	TRANSPACE	Global
ENTRYPOINT . . . . . . . . . . .  	Number	00C0	
ERROR_ACCESS_DENIED  . . . . . .  	Number	0005	
ERROR_ARENA_TRASHED  . . . . . .  	Number	0007	
ERROR_BAD_ENVIRONMENT  . . . . .  	Number	000A	
ERROR_BAD_FORMAT . . . . . . . .  	Number	000B	
ERROR_CURRENT_DIRECTORY  . . . .  	Number	0010	
ERROR_FILE_NOT_FOUND . . . . . .  	Number	0002	
ERROR_INVALID_ACCESS . . . . . .  	Number	000C	
ERROR_INVALID_BLOCK  . . . . . .  	Number	0009	
ERROR_INVALID_DATA . . . . . . .  	Number	000D	
Microsoft (R) Macro Assembler  Version 4.00                 11/21/18 14:59:03
COMMAND Transient Uninitialized DATA                        Symbols-8
                                                             

ERROR_INVALID_DRIVE  . . . . . .  	Number	000F	
ERROR_INVALID_FUNCTION . . . . .  	Number	0001	
ERROR_INVALID_HANDLE . . . . . .  	Number	0006	
ERROR_NOT_ENOUGH_MEMORY  . . . .  	Number	0008	
ERROR_NOT_SAME_DEVICE  . . . . .  	Number	0011	
ERROR_NO_MORE_FILES  . . . . . .  	Number	0012	
ERROR_PATH_NOT_FOUND . . . . . .  	Number	0003	
ERROR_TOO_MANY_OPEN_FILES  . . .  	Number	0004	
EXEC . . . . . . . . . . . . . .  	Number	004B	
EXECPATH . . . . . . . . . . . .  	L BYTE 	0149	TRANSPACE	Global	Length = 004F
EXEC_ADDR  . . . . . . . . . . .  	L DWORD	01A0	TRANSPACE	Global
EXEC_BAD_ENVIRONMENT . . . . . .  	Alias	 ERROR_BAD_ENVIRONMENT		
EXEC_BAD_FORMAT  . . . . . . . .  	Alias	 ERROR_BAD_FORMAT		
EXEC_FILE_NOT_FOUND  . . . . . .  	Alias	 ERROR_FILE_NOT_FOUND		
EXEC_FUNC_NO_EXECUTE . . . . . .  	Number	0001	
EXEC_FUNC_OVERLAY  . . . . . . .  	Number	0002	
EXEC_INVALID_FUNCTION  . . . . .  	Alias	 ERROR_INVALID_FUNCTION		
EXEC_NOT_ENOUGH_MEMORY . . . . .  	Alias	 ERROR_NOT_ENOUGH_MEMORY		
EXEFCB . . . . . . . . . . . . .  	L WORD 	028C	TRANSPACE	Global
EXE_VALID_OLD_SIGNATURE  . . . .  	Number	4D5A	
EXE_VALID_SIGNATURE  . . . . . .  	Number	5A4D	
EXIT . . . . . . . . . . . . . .  	Number	004C	
EXIT_ABORT . . . . . . . . . . .  	Number	0000	
EXIT_CTRL_C  . . . . . . . . . .  	Number	0001	
EXIT_HARD_ERROR  . . . . . . . .  	Number	0002	
EXIT_KEEP_PROCESS  . . . . . . .  	Number	0003	
EXIT_TERMINATE . . . . . . . . .  	Number	0000	

FALSE  . . . . . . . . . . . . .  	Number	0000	
FATPRI . . . . . . . . . . . . .  	Number	001E	
FCB  . . . . . . . . . . . . . .  	Number	005C	
FCB_CLOSE  . . . . . . . . . . .  	Number	0010	
FCB_CREATE . . . . . . . . . . .  	Number	0016	
FCB_DELETE . . . . . . . . . . .  	Number	0013	
FCB_OPEN . . . . . . . . . . . .  	Number	000F	
FCB_RANDOM_READ  . . . . . . . .  	Number	0021	
FCB_RANDOM_READ_BLOCK  . . . . .  	Number	0027	
FCB_RANDOM_WRITE . . . . . . . .  	Number	0022	
FCB_RANDOM_WRITE_BLOCK . . . . .  	Number	0028	
FCB_RENAME . . . . . . . . . . .  	Number	0017	
FCB_SEQ_READ . . . . . . . . . .  	Number	0014	
FCB_SEQ_WRITE  . . . . . . . . .  	Number	0015	
FILDIRENT  . . . . . . . . . . .  	Number	0010	
FILECNT  . . . . . . . . . . . .  	L WORD 	01BE	TRANSPACE	Global
FILETIMES_INVALID_FUNCTION . . .  	Alias	 ERROR_INVALID_FUNCTION		
FILETIMES_INVALID_HANDLE . . . .  	Alias	 ERROR_INVALID_HANDLE		
FILE_TIMES . . . . . . . . . . .  	Number	0057	
FILPERPROC . . . . . . . . . . .  	Number	0014	
FILTYP . . . . . . . . . . . . .  	L BYTE 	01A9	TRANSPACE	Global
FINDFIRST_FILE_NOT_FOUND . . . .  	Alias	 ERROR_FILE_NOT_FOUND		
FINDFIRST_NO_MORE_FILES  . . . .  	Alias	 ERROR_NO_MORE_FILES		
FINDNEXT_NO_MORE_FILES . . . . .  	Alias	 ERROR_NO_MORE_FILES		
FIND_FIRST . . . . . . . . . . .  	Number	004E	
FIND_NEXT  . . . . . . . . . . .  	Number	004F	
Microsoft (R) Macro Assembler  Version 4.00                 11/21/18 14:59:03
COMMAND Transient Uninitialized DATA                        Symbols-9
                                                             

FIRSTDEST  . . . . . . . . . . .  	L BYTE 	0341	TRANSPACE	Global
FREEPRI  . . . . . . . . . . . .  	Number	0000	
FRSTSRCH . . . . . . . . . . . .  	L BYTE 	01BB	TRANSPACE	Global
FULLSCR  . . . . . . . . . . . .  	L WORD 	02E3	TRANSPACE	Global

GETEXTENDEDERROR . . . . . . . .  	Number	0059	
GET_CURRENT_PDB  . . . . . . . .  	Number	0051	
GET_DATE . . . . . . . . . . . .  	Number	002A	
GET_DEFAULT_DPB  . . . . . . . .  	Number	001F	
GET_DEFAULT_DRIVE  . . . . . . .  	Number	0019	
GET_DMA  . . . . . . . . . . . .  	Number	002F	
GET_DPB  . . . . . . . . . . . .  	Number	0032	
GET_DRIVE_FREESPACE  . . . . . .  	Number	0036	
GET_FCB_FILE_LENGTH  . . . . . .  	Number	0023	
GET_FCB_POSITION . . . . . . . .  	Number	0024	
GET_INDOS_FLAG . . . . . . . . .  	Number	0034	
GET_INTERRUPT_VECTOR . . . . . .  	Number	0035	
GET_IN_VARS  . . . . . . . . . .  	Number	0052	
GET_TIME . . . . . . . . . . . .  	Number	002C	
GET_VERIFY_ON_WRITE  . . . . . .  	Number	0054	
GET_VERSION  . . . . . . . . . .  	Number	0030	
GOTOLEN  . . . . . . . . . . . .  	L WORD 	028C	TRANSPACE	Global
GOTSWITCH  . . . . . . . . . . .  	Number	8000	

HEADCALL . . . . . . . . . . . .  	L DWORD	0198	TRANSPACE	Global
HIGHMEM  . . . . . . . . . . . .  	Alias	 FALSE		

IBM  . . . . . . . . . . . . . .  	Alias	 FALSE		
IBMJAPAN . . . . . . . . . . . .  	Alias	 FALSE		
IBMVER . . . . . . . . . . . . .  	Alias	 IBM		
ID . . . . . . . . . . . . . . .  	L BYTE 	0211	TRANSPACE	Global	Length = 0008
IDLEN  . . . . . . . . . . . . .  	L BYTE 	0210	TRANSPACE	Global
IFNOTFLAG  . . . . . . . . . . .  	L BYTE 	01A9	TRANSPACE	Global
INEXACT  . . . . . . . . . . . .  	L BYTE 	03F7	TRANSPACE	Global
INTBASE  . . . . . . . . . . . .  	Number	0080	
INTERNATIONAL  . . . . . . . . .  	Number	0038	
INTERNATIONAL_INVALID_FUNCTION .  	Alias	 ERROR_INVALID_FUNCTION		
INTERNATVARS . . . . . . . . . .  	L 0018	0415	TRANSPACE	Global
INTERNAT_BLOCK_MAX . . . . . . .  	Number	0020	
INTTAB . . . . . . . . . . . . .  	Number	0020	
INT_ABORT  . . . . . . . . . . .  	Alias	 INTTAB		
INT_COMMAND  . . . . . . . . . .  	Number	0021	
INT_CTRL_C . . . . . . . . . . .  	Number	0023	
INT_DISK_READ  . . . . . . . . .  	Number	0025	
INT_DISK_WRITE . . . . . . . . .  	Number	0026	
INT_FASTCON  . . . . . . . . . .  	Number	0029	
INT_FATAL_ABORT  . . . . . . . .  	Number	0024	
INT_KEEP_PROCESS . . . . . . . .  	Number	0027	
INT_SPOOLER  . . . . . . . . . .  	Number	0028	
INT_TERMINATE  . . . . . . . . .  	Number	0022	
IOCTL  . . . . . . . . . . . . .  	Number	0044	
IOCTL_INVALID_DATA . . . . . . .  	Alias	 ERROR_INVALID_DATA		
IOCTL_INVALID_FUNCTION . . . . .  	Alias	 ERROR_INVALID_FUNCTION		
IOCTL_INVALID_HANDLE . . . . . .  	Alias	 ERROR_INVALID_HANDLE		
Microsoft (R) Macro Assembler  Version 4.00                 11/21/18 14:59:03
COMMAND Transient Uninitialized DATA                        Symbols-10
                                                             


KANJI  . . . . . . . . . . . . .  	Alias	 FALSE		
KEEP_PROCESS . . . . . . . . . .  	Number	0031	

LBRPRI . . . . . . . . . . . . .  	Number	0002	
LBWPRI . . . . . . . . . . . . .  	Number	0004	
LINCNT . . . . . . . . . . . . .  	L BYTE 	01BC	TRANSPACE	Global
LINLEN . . . . . . . . . . . . .  	L BYTE 	01BD	TRANSPACE	Global
LINPERPAG  . . . . . . . . . . .  	Number	0017	
LOCKOPER . . . . . . . . . . . .  	Number	005C	
LSEEK  . . . . . . . . . . . . .  	Number	0042	
LSEEK_INVALID_FUNCTION . . . . .  	Alias	 ERROR_INVALID_FUNCTION		
LSEEK_INVALID_HANDLE . . . . . .  	Alias	 ERROR_INVALID_HANDLE		

MELCOPY  . . . . . . . . . . . .  	L BYTE 	0342	TRANSPACE	Global
MELSTART . . . . . . . . . . . .  	L WORD 	0343	TRANSPACE	Global
MI_INT . . . . . . . . . . . . .  	Number	00CD	
MI_LONG_CALL . . . . . . . . . .  	Number	009A	
MI_LONG_JMP  . . . . . . . . . .  	Number	00EA	
MI_LONG_RET  . . . . . . . . . .  	Number	00CB	
MKDIR  . . . . . . . . . . . . .  	Number	0039	
MKDIR_ACCESS_DENIED  . . . . . .  	Alias	 ERROR_ACCESS_DENIED		
MKDIR_PATH_NOT_FOUND . . . . . .  	Alias	 ERROR_PATH_NOT_FOUND		
MSVER  . . . . . . . . . . . . .  	Number	FFFF	

NORMPERLIN . . . . . . . . . . .  	Number	0001	
NOWRITE  . . . . . . . . . . . .  	L BYTE 	03F9	TRANSPACE	Global
NO_ERROR_OCCURRED  . . . . . . .  	Text  0                                                              ?		
NXTADD . . . . . . . . . . . . .  	L WORD 	01B9	TRANSPACE	Global

OEM  . . . . . . . . . . . . . .  	Text  		
OEM_C1 . . . . . . . . . . . . .  	Number	00F9	
OEM_C2 . . . . . . . . . . . . .  	Number	00FA	
OEM_C3 . . . . . . . . . . . . .  	Number	00FB	
OEM_C4 . . . . . . . . . . . . .  	Number	00FC	
OEM_C5 . . . . . . . . . . . . .  	Number	00FD	
OEM_C6 . . . . . . . . . . . . .  	Number	00FE	
OEM_C7 . . . . . . . . . . . . .  	Number	00FF	
OPEN . . . . . . . . . . . . . .  	Number	003D	
OPEN_ACCESS_DENIED . . . . . . .  	Alias	 ERROR_ACCESS_DENIED		
OPEN_FILE_NOT_FOUND  . . . . . .  	Alias	 ERROR_FILE_NOT_FOUND		
OPEN_FOR_BOTH  . . . . . . . . .  	Number	0002	
OPEN_FOR_READ  . . . . . . . . .  	Number	0000	
OPEN_FOR_WRITE . . . . . . . . .  	Number	0001	
OPEN_INVALID_ACCESS  . . . . . .  	Alias	 ERROR_INVALID_ACCESS		
OPEN_TOO_MANY_OPEN_FILES . . . .  	Alias	 ERROR_TOO_MANY_OPEN_FILES		

PARM1  . . . . . . . . . . . . .  	L BYTE 	01AB	TRANSPACE	Global
PARM2  . . . . . . . . . . . . .  	L BYTE 	01AC	TRANSPACE	Global
PARSE_FILE_DESCRIPTOR  . . . . .  	Number	0029	
PATHCNT  . . . . . . . . . . . .  	L WORD 	02DD	TRANSPACE	Global
PATHPOS  . . . . . . . . . . . .  	L WORD 	02DF	TRANSPACE	Global
PATHSW . . . . . . . . . . . . .  	L WORD 	02E1	TRANSPACE	Global
PLUS . . . . . . . . . . . . . .  	L BYTE 	03FE	TRANSPACE	Global
Microsoft (R) Macro Assembler  Version 4.00                 11/21/18 14:59:03
COMMAND Transient Uninitialized DATA                        Symbols-11
                                                             

PSWITCH  . . . . . . . . . . . .  	Number	0002	
PWDBUF . . . . . . . . . . . . .  	L BYTE 	028C	TRANSPACE	Global

RAW_CON_INPUT  . . . . . . . . .  	Number	0007	
RAW_CON_IO . . . . . . . . . . .  	Number	0006	
RCH_ADDR . . . . . . . . . . . .  	L DWORD	01A4	TRANSPACE	Global
RDEOF  . . . . . . . . . . . . .  	L BYTE 	01A9	TRANSPACE	Global
READ . . . . . . . . . . . . . .  	Number	003F	
READ_ACCESS_DENIED . . . . . . .  	Alias	 ERROR_ACCESS_DENIED		
READ_INVALID_HANDLE  . . . . . .  	Alias	 ERROR_INVALID_HANDLE		
RENAME . . . . . . . . . . . . .  	Number	0056	
RENAME_ACCESS_DENIED . . . . . .  	Alias	 ERROR_ACCESS_DENIED		
RENAME_FILE_NOT_FOUND  . . . . .  	Alias	 ERROR_FILE_NOT_FOUND		
RENAME_NOT_SAME_DEVICE . . . . .  	Alias	 ERROR_NOT_SAME_DEVICE		
RESSEG . . . . . . . . . . . . .  	L WORD 	019A	TRANSPACE	Global
RMDIR  . . . . . . . . . . . . .  	Number	003A	
RMDIR_ACCESS_DENIED  . . . . . .  	Alias	 ERROR_ACCESS_DENIED		
RMDIR_CURRENT_DIRECTORY  . . . .  	Alias	 ERROR_CURRENT_DIRECTORY		
RMDIR_PATH_NOT_FOUND . . . . . .  	Alias	 ERROR_PATH_NOT_FOUND		
RPRI . . . . . . . . . . . . . .  	Number	0006	

SCANBUF  . . . . . . . . . . . .  	L BYTE 	03A1	TRANSPACE	Global	Length = 0054
SDIRBUF  . . . . . . . . . . . .  	L BYTE 	02CF	TRANSPACE	Global	Length = 000C
SERVERCALL . . . . . . . . . . .  	Number	005D	
SETBLOCK . . . . . . . . . . . .  	Number	004A	
SETBLOCK_ARENA_TRASHED . . . . .  	Alias	 ERROR_ARENA_TRASHED		
SETBLOCK_INVALID_BLOCK . . . . .  	Alias	 ERROR_INVALID_BLOCK		
SETBLOCK_INVALID_FUNCTION  . . .  	Alias	 ERROR_INVALID_FUNCTION		
SETBLOCK_NOT_ENOUGH_MEMORY . . .  	Alias	 ERROR_NOT_ENOUGH_MEMORY		
SETDPB . . . . . . . . . . . . .  	Number	0053	
SET_CTRL_C_TRAPPING  . . . . . .  	Number	0033	
SET_CURRENT_PDB  . . . . . . . .  	Number	0050	
SET_DATE . . . . . . . . . . . .  	Number	002B	
SET_DEFAULT_DRIVE  . . . . . . .  	Number	000E	
SET_DMA  . . . . . . . . . . . .  	Number	001A	
SET_INTERRUPT_VECTOR . . . . . .  	Number	0025	
SET_OEM_HANDLER  . . . . . . . .  	Number	00F8	
SET_TIME . . . . . . . . . . . .  	Number	002D	
SET_VERIFY_ON_WRITE  . . . . . .  	Number	002E	
SF_DEFAULT_NUMBER  . . . . . . .  	Number	0005	
SKPDEL . . . . . . . . . . . . .  	L BYTE 	0409	TRANSPACE	Global
SOURCE . . . . . . . . . . . . .  	L BYTE 	040A	TRANSPACE	Global	Length = 000B
SPECDRV  . . . . . . . . . . . .  	L BYTE 	01B6	TRANSPACE	Global
SRCBUF . . . . . . . . . . . . .  	L BYTE 	034A	TRANSPACE	Global	Length = 0054
SRCHAND  . . . . . . . . . . . .  	L WORD 	039E	TRANSPACE	Global
SRCINFO  . . . . . . . . . . . .  	L BYTE 	0349	TRANSPACE	Global
SRCISDEV . . . . . . . . . . . .  	L BYTE 	03A0	TRANSPACE	Global
SRCISDIR . . . . . . . . . . . .  	L BYTE 	0345	TRANSPACE	Global
SRCPT  . . . . . . . . . . . . .  	L WORD 	03F5	TRANSPACE	Global
SRCSIZ . . . . . . . . . . . . .  	L BYTE 	0346	TRANSPACE	Global
SRCTAIL  . . . . . . . . . . . .  	L WORD 	0347	TRANSPACE	Global
SRCVARS  . . . . . . . . . . . .  	L BYTE 	0345	TRANSPACE	Global
STACK  . . . . . . . . . . . . .  	L WORD 	04B5	TRANSPACE	Global
STARTEL  . . . . . . . . . . . .  	L WORD 	0405	TRANSPACE	Global
Microsoft (R) Macro Assembler  Version 4.00                 11/21/18 14:59:03
COMMAND Transient Uninitialized DATA                        Symbols-12
                                                             

STDAUX . . . . . . . . . . . . .  	Number	0003	
STDERR . . . . . . . . . . . . .  	Number	0002	
STDIN  . . . . . . . . . . . . .  	Number	0000	
STDOUT . . . . . . . . . . . . .  	Number	0001	
STDPRN . . . . . . . . . . . . .  	Number	0004	
STD_AUX_INPUT  . . . . . . . . .  	Number	0003	
STD_AUX_OUTPUT . . . . . . . . .  	Number	0004	
STD_CON_INPUT  . . . . . . . . .  	Number	0001	
STD_CON_INPUT_FLUSH  . . . . . .  	Number	000C	
STD_CON_INPUT_NO_ECHO  . . . . .  	Number	0008	
STD_CON_INPUT_STATUS . . . . . .  	Number	000B	
STD_CON_OUTPUT . . . . . . . . .  	Number	0002	
STD_CON_STRING_INPUT . . . . . .  	Number	000A	
STD_CON_STRING_OUTPUT  . . . . .  	Number	0009	
STD_PRINTER_OUTPUT . . . . . . .  	Number	0005	
SWITCHAR . . . . . . . . . . . .  	L BYTE 	019E	TRANSPACE	Global
SYM  . . . . . . . . . . . . . .  	Number	003E	

TERMREAD . . . . . . . . . . . .  	L BYTE 	03FC	TRANSPACE	Global
TPA  . . . . . . . . . . . . . .  	L WORD 	019C	TRANSPACE	Global
TRANSPACEEND . . . . . . . . . .  	L BYTE 	04B5	TRANSPACE	Global
TRUE . . . . . . . . . . . . . .  	Number	FFFF	

UCOMBUF  . . . . . . . . . . . .  	L BYTE 	0000	TRANSPACE	Global	Length = 0083
UNLINK . . . . . . . . . . . . .  	Number	0041	
UNLINK_ACCESS_DENIED . . . . . .  	Alias	 ERROR_ACCESS_DENIED		
UNLINK_FILE_NOT_FOUND  . . . . .  	Alias	 ERROR_FILE_NOT_FOUND		
USERDIR1 . . . . . . . . . . . .  	L BYTE 	0106	TRANSPACE	Global	Length = 0043
USERIDOPER . . . . . . . . . . .  	Number	005E	

VER  . . . . . . . . . . . . . .  	Text  		
VSWITCH  . . . . . . . . . . . .  	Number	0010	

WAIT . . . . . . . . . . . . . .  	Number	004D	
WIDEPERLIN . . . . . . . . . . .  	Number	0005	
WPRI . . . . . . . . . . . . . .  	Number	0008	
WRITE  . . . . . . . . . . . . .  	Number	0040	
WRITE_ACCESS_DENIED  . . . . . .  	Alias	 ERROR_ACCESS_DENIED		
WRITE_INVALID_HANDLE . . . . . .  	Alias	 ERROR_INVALID_HANDLE		
WRITTEN  . . . . . . . . . . . .  	L BYTE 	03FB	TRANSPACE	Global
WSWITCH  . . . . . . . . . . . .  	Number	0001	

XDUP . . . . . . . . . . . . . .  	Number	0045	
XDUP2  . . . . . . . . . . . . .  	Number	0046	

ZERO . . . . . . . . . . . . . .  	NEAR 	0000	TRANSPACE


   1540 Source  Lines
   1606 Total   Lines
    619 Symbols

  18440 Bytes symbol space free

      0 Warning Errors
      0 Severe  Errors
